<?xml version="1.0" encoding="UTF-8"?>
<testsuite xmlns:xsi="http://www.w3.org/2001/XMLSchema-instance" xsi:noNamespaceSchemaLocation="https://maven.apache.org/surefire/maven-surefire-plugin/xsd/surefire-test-report-3.0.xsd" version="3.0" name="io.jenkins.plugins.sample.HelloWorldBuilderTest" time="39.495" tests="5" errors="0" skipped="0" failures="0">
  <properties>
    <property name="java.specification.version" value="21"/>
    <property name="sun.jnu.encoding" value="UTF-8"/>
    <property name="sun.awt.enableExtraMouseButtons" value="true"/>
    <property name="java.class.path" value="/Users/patrickbernard/Documents/Projet-SI/test-plugin-jenkins/demo-plugin/target/test-classes:/Users/patrickbernard/Documents/Projet-SI/test-plugin-jenkins/demo-plugin/target/classes:/Users/patrickbernard/.m2/repository/org/jenkins-ci/plugins/structs/325.vcb_307d2a_2782/structs-325.vcb_307d2a_2782.jar:/Users/patrickbernard/.m2/repository/org/jenkins-ci/plugins/workflow/workflow-basic-steps/1042.ve7b_140c4a_e0c/workflow-basic-steps-1042.ve7b_140c4a_e0c.jar:/Users/patrickbernard/.m2/repository/org/jenkins-ci/plugins/workflow/workflow-step-api/639.v6eca_cd8c04a_a_/workflow-step-api-639.v6eca_cd8c04a_a_.jar:/Users/patrickbernard/.m2/repository/org/jenkins-ci/plugins/mailer/463.vedf8358e006b_/mailer-463.vedf8358e006b_.jar:/Users/patrickbernard/.m2/repository/org/jenkins-ci/plugins/display-url-api/2.200.vb_9327d658781/display-url-api-2.200.vb_9327d658781.jar:/Users/patrickbernard/.m2/repository/org/jenkins-ci/modules/instance-identity/173.va_37c494ec4e5/instance-identity-173.va_37c494ec4e5.jar:/Users/patrickbernard/.m2/repository/org/jenkins-ci/plugins/bouncycastle-api/2.29/bouncycastle-api-2.29.jar:/Users/patrickbernard/.m2/repository/org/bouncycastle/bcpkix-jdk18on/1.75/bcpkix-jdk18on-1.75.jar:/Users/patrickbernard/.m2/repository/org/bouncycastle/bcprov-jdk18on/1.75/bcprov-jdk18on-1.75.jar:/Users/patrickbernard/.m2/repository/org/bouncycastle/bcutil-jdk18on/1.75/bcutil-jdk18on-1.75.jar:/Users/patrickbernard/.m2/repository/org/jenkins-ci/plugins/workflow/workflow-api/1283.v99c10937efcb_/workflow-api-1283.v99c10937efcb_.jar:/Users/patrickbernard/.m2/repository/org/jenkins-ci/plugins/apache-httpcomponents-client-4-api/4.5.14-208.v438351942757/apache-httpcomponents-client-4-api-4.5.14-208.v438351942757.jar:/Users/patrickbernard/.m2/repository/org/apache/httpcomponents/fluent-hc/4.5.14/fluent-hc-4.5.14.jar:/Users/patrickbernard/.m2/repository/org/apache/httpcomponents/httpasyncclient/4.1.5/httpasyncclient-4.1.5.jar:/Users/patrickbernard/.m2/repository/org/apache/httpcomponents/httpasyncclient-cache/4.1.5/httpasyncclient-cache-4.1.5.jar:/Users/patrickbernard/.m2/repository/org/apache/httpcomponents/httpclient/4.5.14/httpclient-4.5.14.jar:/Users/patrickbernard/.m2/repository/org/apache/httpcomponents/httpclient-cache/4.5.14/httpclient-cache-4.5.14.jar:/Users/patrickbernard/.m2/repository/org/apache/httpcomponents/httpcore/4.4.16/httpcore-4.4.16.jar:/Users/patrickbernard/.m2/repository/org/apache/httpcomponents/httpcore-nio/4.4.16/httpcore-nio-4.4.16.jar:/Users/patrickbernard/.m2/repository/org/apache/httpcomponents/httpmime/4.5.14/httpmime-4.5.14.jar:/Users/patrickbernard/.m2/repository/io/jenkins/plugins/jakarta-mail-api/2.0.1-3/jakarta-mail-api-2.0.1-3.jar:/Users/patrickbernard/.m2/repository/com/sun/mail/jakarta.mail/2.0.1/jakarta.mail-2.0.1.jar:/Users/patrickbernard/.m2/repository/io/jenkins/plugins/jakarta-activation-api/2.0.1-3/jakarta-activation-api-2.0.1-3.jar:/Users/patrickbernard/.m2/repository/com/sun/activation/jakarta.activation/2.0.1/jakarta.activation-2.0.1.jar:/Users/patrickbernard/.m2/repository/org/jenkins-ci/plugins/workflow/workflow-cps/3806.va_3a_6988277b_2/workflow-cps-3806.va_3a_6988277b_2.jar:/Users/patrickbernard/.m2/repository/io/jenkins/plugins/ionicons-api/56.v1b_1c8c49374e/ionicons-api-56.v1b_1c8c49374e.jar:/Users/patrickbernard/.m2/repository/org/jenkins-ci/plugins/workflow/workflow-support/865.v43e78cc44e0d/workflow-support-865.v43e78cc44e0d.jar:/Users/patrickbernard/.m2/repository/io/jenkins/plugins/caffeine-api/3.1.8-133.v17b_1ff2e0599/caffeine-api-3.1.8-133.v17b_1ff2e0599.jar:/Users/patrickbernard/.m2/repository/com/github/ben-manes/caffeine/caffeine/3.1.8/caffeine-3.1.8.jar:/Users/patrickbernard/.m2/repository/org/jboss/marshalling/jboss-marshalling-river/2.1.2.Final/jboss-marshalling-river-2.1.2.Final.jar:/Users/patrickbernard/.m2/repository/org/jboss/marshalling/jboss-marshalling/2.1.2.Final/jboss-marshalling-2.1.2.Final.jar:/Users/patrickbernard/.m2/repository/org/jenkins-ci/plugins/workflow/workflow-scm-step/415.v434365564324/workflow-scm-step-415.v434365564324.jar:/Users/patrickbernard/.m2/repository/org/jenkins-ci/plugins/script-security/1275.v23895f409fb_d/script-security-1275.v23895f409fb_d.jar:/Users/patrickbernard/.m2/repository/org/kohsuke/groovy-sandbox/1.33/groovy-sandbox-1.33.jar:/Users/patrickbernard/.m2/repository/org/jenkins-ci/plugins/scm-api/676.v886669a_199a_a_/scm-api-676.v886669a_199a_a_.jar:/Users/patrickbernard/.m2/repository/com/cloudbees/groovy-cps/3806.va_3a_6988277b_2/groovy-cps-3806.va_3a_6988277b_2.jar:/Users/patrickbernard/.m2/repository/com/cloudbees/diff4j/1.3/diff4j-1.3.jar:/Users/patrickbernard/.m2/repository/org/jenkins-ci/plugins/workflow/workflow-durable-task-step/1289.v4d3e7b_01546b_/workflow-durable-task-step-1289.v4d3e7b_01546b_.jar:/Users/patrickbernard/.m2/repository/org/jenkins-ci/plugins/durable-task/523.va_a_22cf15d5e0/durable-task-523.va_a_22cf15d5e0.jar:/Users/patrickbernard/.m2/repository/io/jenkins/plugins/lib-durable-task/40.vc66cf8fb_4613/lib-durable-task-40.vc66cf8fb_4613.jar:/Users/patrickbernard/.m2/repository/org/jenkins-ci/plugins/workflow/workflow-job/1326.ve643e00e9220/workflow-job-1326.ve643e00e9220.jar:/Users/patrickbernard/.m2/repository/org/jenkins-ci/main/jenkins-core/2.387.3/jenkins-core-2.387.3.jar:/Users/patrickbernard/.m2/repository/org/jenkins-ci/main/cli/2.387.3/cli-2.387.3.jar:/Users/patrickbernard/.m2/repository/org/jenkins-ci/main/remoting/3107.v665000b_51092/remoting-3107.v665000b_51092.jar:/Users/patrickbernard/.m2/repository/args4j/args4j/2.33/args4j-2.33.jar:/Users/patrickbernard/.m2/repository/com/github/spotbugs/spotbugs-annotations/4.7.3/spotbugs-annotations-4.7.3.jar:/Users/patrickbernard/.m2/repository/com/google/guava/guava/31.1-jre/guava-31.1-jre.jar:/Users/patrickbernard/.m2/repository/com/google/guava/failureaccess/1.0.1/failureaccess-1.0.1.jar:/Users/patrickbernard/.m2/repository/com/google/guava/listenablefuture/9999.0-empty-to-avoid-conflict-with-guava/listenablefuture-9999.0-empty-to-avoid-conflict-with-guava.jar:/Users/patrickbernard/.m2/repository/com/google/code/findbugs/jsr305/3.0.1/jsr305-3.0.1.jar:/Users/patrickbernard/.m2/repository/com/google/inject/guice/5.1.0/guice-5.1.0.jar:/Users/patrickbernard/.m2/repository/javax/inject/javax.inject/1/javax.inject-1.jar:/Users/patrickbernard/.m2/repository/com/infradna/tool/bridge-method-annotation/1.25/bridge-method-annotation-1.25.jar:/Users/patrickbernard/.m2/repository/com/jcraft/jzlib/1.1.3-kohsuke-1/jzlib-1.1.3-kohsuke-1.jar:/Users/patrickbernard/.m2/repository/com/sun/solaris/embedded_su4j/1.1/embedded_su4j-1.1.jar:/Users/patrickbernard/.m2/repository/com/sun/xml/txw2/txw2/20110809/txw2-20110809.jar:/Users/patrickbernard/.m2/repository/relaxngDatatype/relaxngDatatype/20020414/relaxngDatatype-20020414.jar:/Users/patrickbernard/.m2/repository/com/thoughtworks/xstream/xstream/1.4.20/xstream-1.4.20.jar:/Users/patrickbernard/.m2/repository/io/github/x-stream/mxparser/1.2.2/mxparser-1.2.2.jar:/Users/patrickbernard/.m2/repository/commons-beanutils/commons-beanutils/1.9.4/commons-beanutils-1.9.4.jar:/Users/patrickbernard/.m2/repository/commons-codec/commons-codec/1.15/commons-codec-1.15.jar:/Users/patrickbernard/.m2/repository/commons-collections/commons-collections/3.2.2/commons-collections-3.2.2.jar:/Users/patrickbernard/.m2/repository/commons-fileupload/commons-fileupload/1.5/commons-fileupload-1.5.jar:/Users/patrickbernard/.m2/repository/commons-io/commons-io/2.11.0/commons-io-2.11.0.jar:/Users/patrickbernard/.m2/repository/commons-jelly/commons-jelly-tags-fmt/1.0/commons-jelly-tags-fmt-1.0.jar:/Users/patrickbernard/.m2/repository/commons-jelly/commons-jelly-tags-xml/1.1/commons-jelly-tags-xml-1.1.jar:/Users/patrickbernard/.m2/repository/commons-lang/commons-lang/2.6/commons-lang-2.6.jar:/Users/patrickbernard/.m2/repository/io/jenkins/stapler/jenkins-stapler-support/1.1/jenkins-stapler-support-1.1.jar:/Users/patrickbernard/.m2/repository/jakarta/servlet/jsp/jstl/jakarta.servlet.jsp.jstl-api/1.2.7/jakarta.servlet.jsp.jstl-api-1.2.7.jar:/Users/patrickbernard/.m2/repository/jaxen/jaxen/2.0.0/jaxen-2.0.0.jar:/Users/patrickbernard/.m2/repository/jline/jline/2.14.6/jline-2.14.6.jar:/Users/patrickbernard/.m2/repository/net/java/dev/jna/jna/5.12.1/jna-5.12.1.jar:/Users/patrickbernard/.m2/repository/net/java/sezpoz/sezpoz/1.13/sezpoz-1.13.jar:/Users/patrickbernard/.m2/repository/net/jcip/jcip-annotations/1.0/jcip-annotations-1.0.jar:/Users/patrickbernard/.m2/repository/net/sf/kxml/kxml2/2.3.0/kxml2-2.3.0.jar:/Users/patrickbernard/.m2/repository/org/antlr/antlr4-runtime/4.11.1/antlr4-runtime-4.11.1.jar:/Users/patrickbernard/.m2/repository/org/apache/ant/ant/1.10.12/ant-1.10.12.jar:/Users/patrickbernard/.m2/repository/org/apache/ant/ant-launcher/1.10.12/ant-launcher-1.10.12.jar:/Users/patrickbernard/.m2/repository/org/apache/commons/commons-compress/1.22/commons-compress-1.22.jar:/Users/patrickbernard/.m2/repository/org/codehaus/groovy/groovy-all/2.4.21/groovy-all-2.4.21.jar:/Users/patrickbernard/.m2/repository/org/connectbot/jbcrypt/jbcrypt/1.0.0/jbcrypt-1.0.0.jar:/Users/patrickbernard/.m2/repository/org/fusesource/jansi/jansi/1.11/jansi-1.11.jar:/Users/patrickbernard/.m2/repository/org/jenkins-ci/annotation-indexer/1.17/annotation-indexer-1.17.jar:/Users/patrickbernard/.m2/repository/org/jenkins-ci/commons-jexl/1.1-jenkins-20111212/commons-jexl-1.1-jenkins-20111212.jar:/Users/patrickbernard/.m2/repository/org/jenkins-ci/crypto-util/1.8/crypto-util-1.8.jar:/Users/patrickbernard/.m2/repository/org/jenkins-ci/memory-monitor/1.12/memory-monitor-1.12.jar:/Users/patrickbernard/.m2/repository/org/jenkins-ci/symbol-annotation/1.24/symbol-annotation-1.24.jar:/Users/patrickbernard/.m2/repository/org/jenkins-ci/task-reactor/1.8/task-reactor-1.8.jar:/Users/patrickbernard/.m2/repository/org/jenkins-ci/version-number/1.11/version-number-1.11.jar:/Users/patrickbernard/.m2/repository/org/jenkins-ci/main/websocket-spi/2.387.3/websocket-spi-2.387.3.jar:/Users/patrickbernard/.m2/repository/org/jfree/jfreechart/1.0.19/jfreechart-1.0.19.jar:/Users/patrickbernard/.m2/repository/org/jfree/jcommon/1.0.23/jcommon-1.0.23.jar:/Users/patrickbernard/.m2/repository/org/jvnet/hudson/commons-jelly-tags-define/1.0.1-hudson-20071021/commons-jelly-tags-define-1.0.1-hudson-20071021.jar:/Users/patrickbernard/.m2/repository/org/jvnet/localizer/localizer/1.31/localizer-1.31.jar:/Users/patrickbernard/.m2/repository/org/jvnet/robust-http-client/robust-http-client/1.2/robust-http-client-1.2.jar:/Users/patrickbernard/.m2/repository/org/jvnet/winp/winp/1.30/winp-1.30.jar:/Users/patrickbernard/.m2/repository/org/kohsuke/access-modifier-annotation/1.30/access-modifier-annotation-1.30.jar:/Users/patrickbernard/.m2/repository/org/kohsuke/windows-package-checker/1.2/windows-package-checker-1.2.jar:/Users/patrickbernard/.m2/repository/org/kohsuke/jinterop/j-interop/2.0.8-kohsuke-1/j-interop-2.0.8-kohsuke-1.jar:/Users/patrickbernard/.m2/repository/org/kohsuke/jinterop/j-interopdeps/2.0.8-kohsuke-1/j-interopdeps-2.0.8-kohsuke-1.jar:/Users/patrickbernard/.m2/repository/org/samba/jcifs/jcifs/1.3.18-kohsuke-1/jcifs-1.3.18-kohsuke-1.jar:/Users/patrickbernard/.m2/repository/org/kohsuke/stapler/json-lib/2.4-jenkins-3/json-lib-2.4-jenkins-3.jar:/Users/patrickbernard/.m2/repository/net/sf/ezmorph/ezmorph/1.0.6/ezmorph-1.0.6.jar:/Users/patrickbernard/.m2/repository/org/kohsuke/stapler/stapler/1756.1758.v13fcdc2c8c34/stapler-1756.1758.v13fcdc2c8c34.jar:/Users/patrickbernard/.m2/repository/commons-discovery/commons-discovery/0.5/commons-discovery-0.5.jar:/Users/patrickbernard/.m2/repository/jakarta/annotation/jakarta.annotation-api/2.1.1/jakarta.annotation-api-2.1.1.jar:/Users/patrickbernard/.m2/repository/javax/annotation/javax.annotation-api/1.3.2/javax.annotation-api-1.3.2.jar:/Users/patrickbernard/.m2/repository/org/jvnet/tiger-types/2.2/tiger-types-2.2.jar:/Users/patrickbernard/.m2/repository/org/kohsuke/stapler/stapler-adjunct-codemirror/1.3/stapler-adjunct-codemirror-1.3.jar:/Users/patrickbernard/.m2/repository/org/kohsuke/stapler/stapler-adjunct-timeline/1.5/stapler-adjunct-timeline-1.5.jar:/Users/patrickbernard/.m2/repository/org/kohsuke/stapler/stapler-groovy/1756.1758.v13fcdc2c8c34/stapler-groovy-1756.1758.v13fcdc2c8c34.jar:/Users/patrickbernard/.m2/repository/org/kohsuke/stapler/stapler-jelly/1756.1758.v13fcdc2c8c34/stapler-jelly-1756.1758.v13fcdc2c8c34.jar:/Users/patrickbernard/.m2/repository/org/dom4j/dom4j/2.1.3/dom4j-2.1.3.jar:/Users/patrickbernard/.m2/repository/org/jenkins-ci/commons-jelly/1.1-jenkins-20220630/commons-jelly-1.1-jenkins-20220630.jar:/Users/patrickbernard/.m2/repository/org/ow2/asm/asm/9.4/asm-9.4.jar:/Users/patrickbernard/.m2/repository/org/ow2/asm/asm-analysis/9.4/asm-analysis-9.4.jar:/Users/patrickbernard/.m2/repository/org/ow2/asm/asm-commons/9.4/asm-commons-9.4.jar:/Users/patrickbernard/.m2/repository/org/ow2/asm/asm-tree/9.4/asm-tree-9.4.jar:/Users/patrickbernard/.m2/repository/org/ow2/asm/asm-util/9.4/asm-util-9.4.jar:/Users/patrickbernard/.m2/repository/org/slf4j/jcl-over-slf4j/2.0.6/jcl-over-slf4j-2.0.6.jar:/Users/patrickbernard/.m2/repository/org/slf4j/slf4j-api/2.0.6/slf4j-api-2.0.6.jar:/Users/patrickbernard/.m2/repository/org/slf4j/log4j-over-slf4j/2.0.6/log4j-over-slf4j-2.0.6.jar:/Users/patrickbernard/.m2/repository/org/springframework/security/spring-security-web/5.8.1/spring-security-web-5.8.1.jar:/Users/patrickbernard/.m2/repository/org/springframework/security/spring-security-core/5.8.1/spring-security-core-5.8.1.jar:/Users/patrickbernard/.m2/repository/org/springframework/security/spring-security-crypto/5.8.1/spring-security-crypto-5.8.1.jar:/Users/patrickbernard/.m2/repository/org/springframework/spring-core/5.3.24/spring-core-5.3.24.jar:/Users/patrickbernard/.m2/repository/org/springframework/spring-aop/5.3.24/spring-aop-5.3.24.jar:/Users/patrickbernard/.m2/repository/org/springframework/spring-beans/5.3.24/spring-beans-5.3.24.jar:/Users/patrickbernard/.m2/repository/org/springframework/spring-context/5.3.24/spring-context-5.3.24.jar:/Users/patrickbernard/.m2/repository/org/springframework/spring-expression/5.3.24/spring-expression-5.3.24.jar:/Users/patrickbernard/.m2/repository/org/springframework/spring-web/5.3.24/spring-web-5.3.24.jar:/Users/patrickbernard/.m2/repository/xpp3/xpp3/1.1.4c/xpp3-1.1.4c.jar:/Users/patrickbernard/.m2/repository/org/jenkins-ci/main/jenkins-war/2.387.3/jenkins-war-2.387.3.war:/Users/patrickbernard/.m2/repository/org/jenkins-ci/main/websocket-jetty10/2.387.3/websocket-jetty10-2.387.3.jar:/Users/patrickbernard/.m2/repository/org/kohsuke/metainf-services/metainf-services/1.9/metainf-services-1.9.jar:/Users/patrickbernard/.m2/repository/org/jenkins-ci/main/websocket-jetty9/2.387.3/websocket-jetty9-2.387.3.jar:/Users/patrickbernard/.m2/repository/org/slf4j/slf4j-jdk14/2.0.6/slf4j-jdk14-2.0.6.jar:/Users/patrickbernard/.m2/repository/jakarta/servlet/jakarta.servlet-api/4.0.4/jakarta.servlet-api-4.0.4.jar:/Users/patrickbernard/.m2/repository/commons-logging/commons-logging/1.2/commons-logging-1.2.jar:/Users/patrickbernard/.m2/repository/org/jenkins-ci/main/jenkins-test-harness/2099.vc95b_86578f37/jenkins-test-harness-2099.vc95b_86578f37.jar:/Users/patrickbernard/.m2/repository/io/jenkins/lib/support-log-formatter/1.2/support-log-formatter-1.2.jar:/Users/patrickbernard/.m2/repository/junit/junit/4.13.2/junit-4.13.2.jar:/Users/patrickbernard/.m2/repository/org/hamcrest/hamcrest-core/2.2/hamcrest-core-2.2.jar:/Users/patrickbernard/.m2/repository/org/eclipse/jetty/jetty-security/10.0.17/jetty-security-10.0.17.jar:/Users/patrickbernard/.m2/repository/org/eclipse/jetty/jetty-server/10.0.17/jetty-server-10.0.17.jar:/Users/patrickbernard/.m2/repository/org/eclipse/jetty/jetty-http/10.0.17/jetty-http-10.0.17.jar:/Users/patrickbernard/.m2/repository/org/eclipse/jetty/jetty-io/10.0.17/jetty-io-10.0.17.jar:/Users/patrickbernard/.m2/repository/org/eclipse/jetty/jetty-webapp/10.0.17/jetty-webapp-10.0.17.jar:/Users/patrickbernard/.m2/repository/org/eclipse/jetty/jetty-servlet/10.0.17/jetty-servlet-10.0.17.jar:/Users/patrickbernard/.m2/repository/org/eclipse/jetty/jetty-xml/10.0.17/jetty-xml-10.0.17.jar:/Users/patrickbernard/.m2/repository/org/eclipse/jetty/jetty-util/10.0.17/jetty-util-10.0.17.jar:/Users/patrickbernard/.m2/repository/org/eclipse/jetty/websocket/websocket-jetty-server/10.0.17/websocket-jetty-server-10.0.17.jar:/Users/patrickbernard/.m2/repository/org/eclipse/jetty/websocket/websocket-jetty-api/10.0.17/websocket-jetty-api-10.0.17.jar:/Users/patrickbernard/.m2/repository/org/eclipse/jetty/websocket/websocket-jetty-common/10.0.17/websocket-jetty-common-10.0.17.jar:/Users/patrickbernard/.m2/repository/org/eclipse/jetty/websocket/websocket-core-common/10.0.17/websocket-core-common-10.0.17.jar:/Users/patrickbernard/.m2/repository/org/eclipse/jetty/websocket/websocket-servlet/10.0.17/websocket-servlet-10.0.17.jar:/Users/patrickbernard/.m2/repository/org/eclipse/jetty/websocket/websocket-core-server/10.0.17/websocket-core-server-10.0.17.jar:/Users/patrickbernard/.m2/repository/org/eclipse/jetty/toolchain/jetty-servlet-api/4.0.6/jetty-servlet-api-4.0.6.jar:/Users/patrickbernard/.m2/repository/org/hamcrest/hamcrest/2.2/hamcrest-2.2.jar:/Users/patrickbernard/.m2/repository/org/jenkins-ci/main/jenkins-test-harness-htmlunit/158.v7f737a_0dea_b_b_/jenkins-test-harness-htmlunit-158.v7f737a_0dea_b_b_.jar:/Users/patrickbernard/.m2/repository/org/junit/jupiter/junit-jupiter-api/5.10.0/junit-jupiter-api-5.10.0.jar:/Users/patrickbernard/.m2/repository/org/opentest4j/opentest4j/1.3.0/opentest4j-1.3.0.jar:/Users/patrickbernard/.m2/repository/org/junit/platform/junit-platform-commons/1.10.0/junit-platform-commons-1.10.0.jar:/Users/patrickbernard/.m2/repository/org/netbeans/modules/org-netbeans-insane/RELEASE190/org-netbeans-insane-RELEASE190.jar:/Users/patrickbernard/.m2/repository/org/openjdk/jmh/jmh-core/1.37/jmh-core-1.37.jar:/Users/patrickbernard/.m2/repository/net/sf/jopt-simple/jopt-simple/5.0.4/jopt-simple-5.0.4.jar:/Users/patrickbernard/.m2/repository/org/apache/commons/commons-math3/3.6.1/commons-math3-3.6.1.jar:/Users/patrickbernard/.m2/repository/org/openjdk/jmh/jmh-generator-annprocess/1.37/jmh-generator-annprocess-1.37.jar:/Users/patrickbernard/.m2/repository/org/jenkins-ci/test-annotations/1.4/test-annotations-1.4.jar:/Users/patrickbernard/.m2/repository/org/junit/jupiter/junit-jupiter/5.10.0/junit-jupiter-5.10.0.jar:/Users/patrickbernard/.m2/repository/org/junit/jupiter/junit-jupiter-params/5.10.0/junit-jupiter-params-5.10.0.jar:/Users/patrickbernard/.m2/repository/org/junit/jupiter/junit-jupiter-engine/5.10.0/junit-jupiter-engine-5.10.0.jar:/Users/patrickbernard/.m2/repository/org/junit/vintage/junit-vintage-engine/5.10.0/junit-vintage-engine-5.10.0.jar:/Users/patrickbernard/.m2/repository/org/junit/platform/junit-platform-engine/1.10.0/junit-platform-engine-1.10.0.jar:/Users/patrickbernard/.m2/repository/org/apiguardian/apiguardian-api/1.1.2/apiguardian-api-1.1.2.jar:"/>
    <property name="java.vm.vendor" value="Homebrew"/>
    <property name="sun.arch.data.model" value="64"/>
    <property name="java.vendor.url" value="https://github.com/Homebrew/homebrew-core/issues"/>
    <property name="user.timezone" value="Europe/Paris"/>
    <property name="os.name" value="Mac OS X"/>
    <property name="java.vm.specification.version" value="21"/>
    <property name="sun.java.launcher" value="SUN_STANDARD"/>
    <property name="user.country" value="FR"/>
    <property name="sun.boot.library.path" value="/usr/local/Cellar/openjdk/21.0.1/libexec/openjdk.jdk/Contents/Home/lib"/>
    <property name="sun.java.command" value="/Users/patrickbernard/Documents/Projet-SI/test-plugin-jenkins/demo-plugin/target/surefire/surefirebooter-20240112084131195_9.jar /Users/patrickbernard/Documents/Projet-SI/test-plugin-jenkins/demo-plugin/target/surefire 2024-01-12T08-41-29_696-jvmRun1 surefire-20240112084131195_7tmp surefire_1-20240112084131195_8tmp"/>
    <property name="http.nonProxyHosts" value="local|*.local|169.254/16|*.169.254/16"/>
    <property name="jdk.debug" value="release"/>
    <property name="surefire.test.class.path" value="/Users/patrickbernard/Documents/Projet-SI/test-plugin-jenkins/demo-plugin/target/test-classes:/Users/patrickbernard/Documents/Projet-SI/test-plugin-jenkins/demo-plugin/target/classes:/Users/patrickbernard/.m2/repository/org/jenkins-ci/plugins/structs/325.vcb_307d2a_2782/structs-325.vcb_307d2a_2782.jar:/Users/patrickbernard/.m2/repository/org/jenkins-ci/plugins/workflow/workflow-basic-steps/1042.ve7b_140c4a_e0c/workflow-basic-steps-1042.ve7b_140c4a_e0c.jar:/Users/patrickbernard/.m2/repository/org/jenkins-ci/plugins/workflow/workflow-step-api/639.v6eca_cd8c04a_a_/workflow-step-api-639.v6eca_cd8c04a_a_.jar:/Users/patrickbernard/.m2/repository/org/jenkins-ci/plugins/mailer/463.vedf8358e006b_/mailer-463.vedf8358e006b_.jar:/Users/patrickbernard/.m2/repository/org/jenkins-ci/plugins/display-url-api/2.200.vb_9327d658781/display-url-api-2.200.vb_9327d658781.jar:/Users/patrickbernard/.m2/repository/org/jenkins-ci/modules/instance-identity/173.va_37c494ec4e5/instance-identity-173.va_37c494ec4e5.jar:/Users/patrickbernard/.m2/repository/org/jenkins-ci/plugins/bouncycastle-api/2.29/bouncycastle-api-2.29.jar:/Users/patrickbernard/.m2/repository/org/bouncycastle/bcpkix-jdk18on/1.75/bcpkix-jdk18on-1.75.jar:/Users/patrickbernard/.m2/repository/org/bouncycastle/bcprov-jdk18on/1.75/bcprov-jdk18on-1.75.jar:/Users/patrickbernard/.m2/repository/org/bouncycastle/bcutil-jdk18on/1.75/bcutil-jdk18on-1.75.jar:/Users/patrickbernard/.m2/repository/org/jenkins-ci/plugins/workflow/workflow-api/1283.v99c10937efcb_/workflow-api-1283.v99c10937efcb_.jar:/Users/patrickbernard/.m2/repository/org/jenkins-ci/plugins/apache-httpcomponents-client-4-api/4.5.14-208.v438351942757/apache-httpcomponents-client-4-api-4.5.14-208.v438351942757.jar:/Users/patrickbernard/.m2/repository/org/apache/httpcomponents/fluent-hc/4.5.14/fluent-hc-4.5.14.jar:/Users/patrickbernard/.m2/repository/org/apache/httpcomponents/httpasyncclient/4.1.5/httpasyncclient-4.1.5.jar:/Users/patrickbernard/.m2/repository/org/apache/httpcomponents/httpasyncclient-cache/4.1.5/httpasyncclient-cache-4.1.5.jar:/Users/patrickbernard/.m2/repository/org/apache/httpcomponents/httpclient/4.5.14/httpclient-4.5.14.jar:/Users/patrickbernard/.m2/repository/org/apache/httpcomponents/httpclient-cache/4.5.14/httpclient-cache-4.5.14.jar:/Users/patrickbernard/.m2/repository/org/apache/httpcomponents/httpcore/4.4.16/httpcore-4.4.16.jar:/Users/patrickbernard/.m2/repository/org/apache/httpcomponents/httpcore-nio/4.4.16/httpcore-nio-4.4.16.jar:/Users/patrickbernard/.m2/repository/org/apache/httpcomponents/httpmime/4.5.14/httpmime-4.5.14.jar:/Users/patrickbernard/.m2/repository/io/jenkins/plugins/jakarta-mail-api/2.0.1-3/jakarta-mail-api-2.0.1-3.jar:/Users/patrickbernard/.m2/repository/com/sun/mail/jakarta.mail/2.0.1/jakarta.mail-2.0.1.jar:/Users/patrickbernard/.m2/repository/io/jenkins/plugins/jakarta-activation-api/2.0.1-3/jakarta-activation-api-2.0.1-3.jar:/Users/patrickbernard/.m2/repository/com/sun/activation/jakarta.activation/2.0.1/jakarta.activation-2.0.1.jar:/Users/patrickbernard/.m2/repository/org/jenkins-ci/plugins/workflow/workflow-cps/3806.va_3a_6988277b_2/workflow-cps-3806.va_3a_6988277b_2.jar:/Users/patrickbernard/.m2/repository/io/jenkins/plugins/ionicons-api/56.v1b_1c8c49374e/ionicons-api-56.v1b_1c8c49374e.jar:/Users/patrickbernard/.m2/repository/org/jenkins-ci/plugins/workflow/workflow-support/865.v43e78cc44e0d/workflow-support-865.v43e78cc44e0d.jar:/Users/patrickbernard/.m2/repository/io/jenkins/plugins/caffeine-api/3.1.8-133.v17b_1ff2e0599/caffeine-api-3.1.8-133.v17b_1ff2e0599.jar:/Users/patrickbernard/.m2/repository/com/github/ben-manes/caffeine/caffeine/3.1.8/caffeine-3.1.8.jar:/Users/patrickbernard/.m2/repository/org/jboss/marshalling/jboss-marshalling-river/2.1.2.Final/jboss-marshalling-river-2.1.2.Final.jar:/Users/patrickbernard/.m2/repository/org/jboss/marshalling/jboss-marshalling/2.1.2.Final/jboss-marshalling-2.1.2.Final.jar:/Users/patrickbernard/.m2/repository/org/jenkins-ci/plugins/workflow/workflow-scm-step/415.v434365564324/workflow-scm-step-415.v434365564324.jar:/Users/patrickbernard/.m2/repository/org/jenkins-ci/plugins/script-security/1275.v23895f409fb_d/script-security-1275.v23895f409fb_d.jar:/Users/patrickbernard/.m2/repository/org/kohsuke/groovy-sandbox/1.33/groovy-sandbox-1.33.jar:/Users/patrickbernard/.m2/repository/org/jenkins-ci/plugins/scm-api/676.v886669a_199a_a_/scm-api-676.v886669a_199a_a_.jar:/Users/patrickbernard/.m2/repository/com/cloudbees/groovy-cps/3806.va_3a_6988277b_2/groovy-cps-3806.va_3a_6988277b_2.jar:/Users/patrickbernard/.m2/repository/com/cloudbees/diff4j/1.3/diff4j-1.3.jar:/Users/patrickbernard/.m2/repository/org/jenkins-ci/plugins/workflow/workflow-durable-task-step/1289.v4d3e7b_01546b_/workflow-durable-task-step-1289.v4d3e7b_01546b_.jar:/Users/patrickbernard/.m2/repository/org/jenkins-ci/plugins/durable-task/523.va_a_22cf15d5e0/durable-task-523.va_a_22cf15d5e0.jar:/Users/patrickbernard/.m2/repository/io/jenkins/plugins/lib-durable-task/40.vc66cf8fb_4613/lib-durable-task-40.vc66cf8fb_4613.jar:/Users/patrickbernard/.m2/repository/org/jenkins-ci/plugins/workflow/workflow-job/1326.ve643e00e9220/workflow-job-1326.ve643e00e9220.jar:/Users/patrickbernard/.m2/repository/org/jenkins-ci/main/jenkins-core/2.387.3/jenkins-core-2.387.3.jar:/Users/patrickbernard/.m2/repository/org/jenkins-ci/main/cli/2.387.3/cli-2.387.3.jar:/Users/patrickbernard/.m2/repository/org/jenkins-ci/main/remoting/3107.v665000b_51092/remoting-3107.v665000b_51092.jar:/Users/patrickbernard/.m2/repository/args4j/args4j/2.33/args4j-2.33.jar:/Users/patrickbernard/.m2/repository/com/github/spotbugs/spotbugs-annotations/4.7.3/spotbugs-annotations-4.7.3.jar:/Users/patrickbernard/.m2/repository/com/google/guava/guava/31.1-jre/guava-31.1-jre.jar:/Users/patrickbernard/.m2/repository/com/google/guava/failureaccess/1.0.1/failureaccess-1.0.1.jar:/Users/patrickbernard/.m2/repository/com/google/guava/listenablefuture/9999.0-empty-to-avoid-conflict-with-guava/listenablefuture-9999.0-empty-to-avoid-conflict-with-guava.jar:/Users/patrickbernard/.m2/repository/com/google/code/findbugs/jsr305/3.0.1/jsr305-3.0.1.jar:/Users/patrickbernard/.m2/repository/com/google/inject/guice/5.1.0/guice-5.1.0.jar:/Users/patrickbernard/.m2/repository/javax/inject/javax.inject/1/javax.inject-1.jar:/Users/patrickbernard/.m2/repository/com/infradna/tool/bridge-method-annotation/1.25/bridge-method-annotation-1.25.jar:/Users/patrickbernard/.m2/repository/com/jcraft/jzlib/1.1.3-kohsuke-1/jzlib-1.1.3-kohsuke-1.jar:/Users/patrickbernard/.m2/repository/com/sun/solaris/embedded_su4j/1.1/embedded_su4j-1.1.jar:/Users/patrickbernard/.m2/repository/com/sun/xml/txw2/txw2/20110809/txw2-20110809.jar:/Users/patrickbernard/.m2/repository/relaxngDatatype/relaxngDatatype/20020414/relaxngDatatype-20020414.jar:/Users/patrickbernard/.m2/repository/com/thoughtworks/xstream/xstream/1.4.20/xstream-1.4.20.jar:/Users/patrickbernard/.m2/repository/io/github/x-stream/mxparser/1.2.2/mxparser-1.2.2.jar:/Users/patrickbernard/.m2/repository/commons-beanutils/commons-beanutils/1.9.4/commons-beanutils-1.9.4.jar:/Users/patrickbernard/.m2/repository/commons-codec/commons-codec/1.15/commons-codec-1.15.jar:/Users/patrickbernard/.m2/repository/commons-collections/commons-collections/3.2.2/commons-collections-3.2.2.jar:/Users/patrickbernard/.m2/repository/commons-fileupload/commons-fileupload/1.5/commons-fileupload-1.5.jar:/Users/patrickbernard/.m2/repository/commons-io/commons-io/2.11.0/commons-io-2.11.0.jar:/Users/patrickbernard/.m2/repository/commons-jelly/commons-jelly-tags-fmt/1.0/commons-jelly-tags-fmt-1.0.jar:/Users/patrickbernard/.m2/repository/commons-jelly/commons-jelly-tags-xml/1.1/commons-jelly-tags-xml-1.1.jar:/Users/patrickbernard/.m2/repository/commons-lang/commons-lang/2.6/commons-lang-2.6.jar:/Users/patrickbernard/.m2/repository/io/jenkins/stapler/jenkins-stapler-support/1.1/jenkins-stapler-support-1.1.jar:/Users/patrickbernard/.m2/repository/jakarta/servlet/jsp/jstl/jakarta.servlet.jsp.jstl-api/1.2.7/jakarta.servlet.jsp.jstl-api-1.2.7.jar:/Users/patrickbernard/.m2/repository/jaxen/jaxen/2.0.0/jaxen-2.0.0.jar:/Users/patrickbernard/.m2/repository/jline/jline/2.14.6/jline-2.14.6.jar:/Users/patrickbernard/.m2/repository/net/java/dev/jna/jna/5.12.1/jna-5.12.1.jar:/Users/patrickbernard/.m2/repository/net/java/sezpoz/sezpoz/1.13/sezpoz-1.13.jar:/Users/patrickbernard/.m2/repository/net/jcip/jcip-annotations/1.0/jcip-annotations-1.0.jar:/Users/patrickbernard/.m2/repository/net/sf/kxml/kxml2/2.3.0/kxml2-2.3.0.jar:/Users/patrickbernard/.m2/repository/org/antlr/antlr4-runtime/4.11.1/antlr4-runtime-4.11.1.jar:/Users/patrickbernard/.m2/repository/org/apache/ant/ant/1.10.12/ant-1.10.12.jar:/Users/patrickbernard/.m2/repository/org/apache/ant/ant-launcher/1.10.12/ant-launcher-1.10.12.jar:/Users/patrickbernard/.m2/repository/org/apache/commons/commons-compress/1.22/commons-compress-1.22.jar:/Users/patrickbernard/.m2/repository/org/codehaus/groovy/groovy-all/2.4.21/groovy-all-2.4.21.jar:/Users/patrickbernard/.m2/repository/org/connectbot/jbcrypt/jbcrypt/1.0.0/jbcrypt-1.0.0.jar:/Users/patrickbernard/.m2/repository/org/fusesource/jansi/jansi/1.11/jansi-1.11.jar:/Users/patrickbernard/.m2/repository/org/jenkins-ci/annotation-indexer/1.17/annotation-indexer-1.17.jar:/Users/patrickbernard/.m2/repository/org/jenkins-ci/commons-jexl/1.1-jenkins-20111212/commons-jexl-1.1-jenkins-20111212.jar:/Users/patrickbernard/.m2/repository/org/jenkins-ci/crypto-util/1.8/crypto-util-1.8.jar:/Users/patrickbernard/.m2/repository/org/jenkins-ci/memory-monitor/1.12/memory-monitor-1.12.jar:/Users/patrickbernard/.m2/repository/org/jenkins-ci/symbol-annotation/1.24/symbol-annotation-1.24.jar:/Users/patrickbernard/.m2/repository/org/jenkins-ci/task-reactor/1.8/task-reactor-1.8.jar:/Users/patrickbernard/.m2/repository/org/jenkins-ci/version-number/1.11/version-number-1.11.jar:/Users/patrickbernard/.m2/repository/org/jenkins-ci/main/websocket-spi/2.387.3/websocket-spi-2.387.3.jar:/Users/patrickbernard/.m2/repository/org/jfree/jfreechart/1.0.19/jfreechart-1.0.19.jar:/Users/patrickbernard/.m2/repository/org/jfree/jcommon/1.0.23/jcommon-1.0.23.jar:/Users/patrickbernard/.m2/repository/org/jvnet/hudson/commons-jelly-tags-define/1.0.1-hudson-20071021/commons-jelly-tags-define-1.0.1-hudson-20071021.jar:/Users/patrickbernard/.m2/repository/org/jvnet/localizer/localizer/1.31/localizer-1.31.jar:/Users/patrickbernard/.m2/repository/org/jvnet/robust-http-client/robust-http-client/1.2/robust-http-client-1.2.jar:/Users/patrickbernard/.m2/repository/org/jvnet/winp/winp/1.30/winp-1.30.jar:/Users/patrickbernard/.m2/repository/org/kohsuke/access-modifier-annotation/1.30/access-modifier-annotation-1.30.jar:/Users/patrickbernard/.m2/repository/org/kohsuke/windows-package-checker/1.2/windows-package-checker-1.2.jar:/Users/patrickbernard/.m2/repository/org/kohsuke/jinterop/j-interop/2.0.8-kohsuke-1/j-interop-2.0.8-kohsuke-1.jar:/Users/patrickbernard/.m2/repository/org/kohsuke/jinterop/j-interopdeps/2.0.8-kohsuke-1/j-interopdeps-2.0.8-kohsuke-1.jar:/Users/patrickbernard/.m2/repository/org/samba/jcifs/jcifs/1.3.18-kohsuke-1/jcifs-1.3.18-kohsuke-1.jar:/Users/patrickbernard/.m2/repository/org/kohsuke/stapler/json-lib/2.4-jenkins-3/json-lib-2.4-jenkins-3.jar:/Users/patrickbernard/.m2/repository/net/sf/ezmorph/ezmorph/1.0.6/ezmorph-1.0.6.jar:/Users/patrickbernard/.m2/repository/org/kohsuke/stapler/stapler/1756.1758.v13fcdc2c8c34/stapler-1756.1758.v13fcdc2c8c34.jar:/Users/patrickbernard/.m2/repository/commons-discovery/commons-discovery/0.5/commons-discovery-0.5.jar:/Users/patrickbernard/.m2/repository/jakarta/annotation/jakarta.annotation-api/2.1.1/jakarta.annotation-api-2.1.1.jar:/Users/patrickbernard/.m2/repository/javax/annotation/javax.annotation-api/1.3.2/javax.annotation-api-1.3.2.jar:/Users/patrickbernard/.m2/repository/org/jvnet/tiger-types/2.2/tiger-types-2.2.jar:/Users/patrickbernard/.m2/repository/org/kohsuke/stapler/stapler-adjunct-codemirror/1.3/stapler-adjunct-codemirror-1.3.jar:/Users/patrickbernard/.m2/repository/org/kohsuke/stapler/stapler-adjunct-timeline/1.5/stapler-adjunct-timeline-1.5.jar:/Users/patrickbernard/.m2/repository/org/kohsuke/stapler/stapler-groovy/1756.1758.v13fcdc2c8c34/stapler-groovy-1756.1758.v13fcdc2c8c34.jar:/Users/patrickbernard/.m2/repository/org/kohsuke/stapler/stapler-jelly/1756.1758.v13fcdc2c8c34/stapler-jelly-1756.1758.v13fcdc2c8c34.jar:/Users/patrickbernard/.m2/repository/org/dom4j/dom4j/2.1.3/dom4j-2.1.3.jar:/Users/patrickbernard/.m2/repository/org/jenkins-ci/commons-jelly/1.1-jenkins-20220630/commons-jelly-1.1-jenkins-20220630.jar:/Users/patrickbernard/.m2/repository/org/ow2/asm/asm/9.4/asm-9.4.jar:/Users/patrickbernard/.m2/repository/org/ow2/asm/asm-analysis/9.4/asm-analysis-9.4.jar:/Users/patrickbernard/.m2/repository/org/ow2/asm/asm-commons/9.4/asm-commons-9.4.jar:/Users/patrickbernard/.m2/repository/org/ow2/asm/asm-tree/9.4/asm-tree-9.4.jar:/Users/patrickbernard/.m2/repository/org/ow2/asm/asm-util/9.4/asm-util-9.4.jar:/Users/patrickbernard/.m2/repository/org/slf4j/jcl-over-slf4j/2.0.6/jcl-over-slf4j-2.0.6.jar:/Users/patrickbernard/.m2/repository/org/slf4j/slf4j-api/2.0.6/slf4j-api-2.0.6.jar:/Users/patrickbernard/.m2/repository/org/slf4j/log4j-over-slf4j/2.0.6/log4j-over-slf4j-2.0.6.jar:/Users/patrickbernard/.m2/repository/org/springframework/security/spring-security-web/5.8.1/spring-security-web-5.8.1.jar:/Users/patrickbernard/.m2/repository/org/springframework/security/spring-security-core/5.8.1/spring-security-core-5.8.1.jar:/Users/patrickbernard/.m2/repository/org/springframework/security/spring-security-crypto/5.8.1/spring-security-crypto-5.8.1.jar:/Users/patrickbernard/.m2/repository/org/springframework/spring-core/5.3.24/spring-core-5.3.24.jar:/Users/patrickbernard/.m2/repository/org/springframework/spring-aop/5.3.24/spring-aop-5.3.24.jar:/Users/patrickbernard/.m2/repository/org/springframework/spring-beans/5.3.24/spring-beans-5.3.24.jar:/Users/patrickbernard/.m2/repository/org/springframework/spring-context/5.3.24/spring-context-5.3.24.jar:/Users/patrickbernard/.m2/repository/org/springframework/spring-expression/5.3.24/spring-expression-5.3.24.jar:/Users/patrickbernard/.m2/repository/org/springframework/spring-web/5.3.24/spring-web-5.3.24.jar:/Users/patrickbernard/.m2/repository/xpp3/xpp3/1.1.4c/xpp3-1.1.4c.jar:/Users/patrickbernard/.m2/repository/org/jenkins-ci/main/jenkins-war/2.387.3/jenkins-war-2.387.3.war:/Users/patrickbernard/.m2/repository/org/jenkins-ci/main/websocket-jetty10/2.387.3/websocket-jetty10-2.387.3.jar:/Users/patrickbernard/.m2/repository/org/kohsuke/metainf-services/metainf-services/1.9/metainf-services-1.9.jar:/Users/patrickbernard/.m2/repository/org/jenkins-ci/main/websocket-jetty9/2.387.3/websocket-jetty9-2.387.3.jar:/Users/patrickbernard/.m2/repository/org/slf4j/slf4j-jdk14/2.0.6/slf4j-jdk14-2.0.6.jar:/Users/patrickbernard/.m2/repository/jakarta/servlet/jakarta.servlet-api/4.0.4/jakarta.servlet-api-4.0.4.jar:/Users/patrickbernard/.m2/repository/commons-logging/commons-logging/1.2/commons-logging-1.2.jar:/Users/patrickbernard/.m2/repository/org/jenkins-ci/main/jenkins-test-harness/2099.vc95b_86578f37/jenkins-test-harness-2099.vc95b_86578f37.jar:/Users/patrickbernard/.m2/repository/io/jenkins/lib/support-log-formatter/1.2/support-log-formatter-1.2.jar:/Users/patrickbernard/.m2/repository/junit/junit/4.13.2/junit-4.13.2.jar:/Users/patrickbernard/.m2/repository/org/hamcrest/hamcrest-core/2.2/hamcrest-core-2.2.jar:/Users/patrickbernard/.m2/repository/org/eclipse/jetty/jetty-security/10.0.17/jetty-security-10.0.17.jar:/Users/patrickbernard/.m2/repository/org/eclipse/jetty/jetty-server/10.0.17/jetty-server-10.0.17.jar:/Users/patrickbernard/.m2/repository/org/eclipse/jetty/jetty-http/10.0.17/jetty-http-10.0.17.jar:/Users/patrickbernard/.m2/repository/org/eclipse/jetty/jetty-io/10.0.17/jetty-io-10.0.17.jar:/Users/patrickbernard/.m2/repository/org/eclipse/jetty/jetty-webapp/10.0.17/jetty-webapp-10.0.17.jar:/Users/patrickbernard/.m2/repository/org/eclipse/jetty/jetty-servlet/10.0.17/jetty-servlet-10.0.17.jar:/Users/patrickbernard/.m2/repository/org/eclipse/jetty/jetty-xml/10.0.17/jetty-xml-10.0.17.jar:/Users/patrickbernard/.m2/repository/org/eclipse/jetty/jetty-util/10.0.17/jetty-util-10.0.17.jar:/Users/patrickbernard/.m2/repository/org/eclipse/jetty/websocket/websocket-jetty-server/10.0.17/websocket-jetty-server-10.0.17.jar:/Users/patrickbernard/.m2/repository/org/eclipse/jetty/websocket/websocket-jetty-api/10.0.17/websocket-jetty-api-10.0.17.jar:/Users/patrickbernard/.m2/repository/org/eclipse/jetty/websocket/websocket-jetty-common/10.0.17/websocket-jetty-common-10.0.17.jar:/Users/patrickbernard/.m2/repository/org/eclipse/jetty/websocket/websocket-core-common/10.0.17/websocket-core-common-10.0.17.jar:/Users/patrickbernard/.m2/repository/org/eclipse/jetty/websocket/websocket-servlet/10.0.17/websocket-servlet-10.0.17.jar:/Users/patrickbernard/.m2/repository/org/eclipse/jetty/websocket/websocket-core-server/10.0.17/websocket-core-server-10.0.17.jar:/Users/patrickbernard/.m2/repository/org/eclipse/jetty/toolchain/jetty-servlet-api/4.0.6/jetty-servlet-api-4.0.6.jar:/Users/patrickbernard/.m2/repository/org/hamcrest/hamcrest/2.2/hamcrest-2.2.jar:/Users/patrickbernard/.m2/repository/org/jenkins-ci/main/jenkins-test-harness-htmlunit/158.v7f737a_0dea_b_b_/jenkins-test-harness-htmlunit-158.v7f737a_0dea_b_b_.jar:/Users/patrickbernard/.m2/repository/org/junit/jupiter/junit-jupiter-api/5.10.0/junit-jupiter-api-5.10.0.jar:/Users/patrickbernard/.m2/repository/org/opentest4j/opentest4j/1.3.0/opentest4j-1.3.0.jar:/Users/patrickbernard/.m2/repository/org/junit/platform/junit-platform-commons/1.10.0/junit-platform-commons-1.10.0.jar:/Users/patrickbernard/.m2/repository/org/netbeans/modules/org-netbeans-insane/RELEASE190/org-netbeans-insane-RELEASE190.jar:/Users/patrickbernard/.m2/repository/org/openjdk/jmh/jmh-core/1.37/jmh-core-1.37.jar:/Users/patrickbernard/.m2/repository/net/sf/jopt-simple/jopt-simple/5.0.4/jopt-simple-5.0.4.jar:/Users/patrickbernard/.m2/repository/org/apache/commons/commons-math3/3.6.1/commons-math3-3.6.1.jar:/Users/patrickbernard/.m2/repository/org/openjdk/jmh/jmh-generator-annprocess/1.37/jmh-generator-annprocess-1.37.jar:/Users/patrickbernard/.m2/repository/org/jenkins-ci/test-annotations/1.4/test-annotations-1.4.jar:/Users/patrickbernard/.m2/repository/org/junit/jupiter/junit-jupiter/5.10.0/junit-jupiter-5.10.0.jar:/Users/patrickbernard/.m2/repository/org/junit/jupiter/junit-jupiter-params/5.10.0/junit-jupiter-params-5.10.0.jar:/Users/patrickbernard/.m2/repository/org/junit/jupiter/junit-jupiter-engine/5.10.0/junit-jupiter-engine-5.10.0.jar:/Users/patrickbernard/.m2/repository/org/junit/vintage/junit-vintage-engine/5.10.0/junit-vintage-engine-5.10.0.jar:/Users/patrickbernard/.m2/repository/org/junit/platform/junit-platform-engine/1.10.0/junit-platform-engine-1.10.0.jar:/Users/patrickbernard/.m2/repository/org/apiguardian/apiguardian-api/1.1.2/apiguardian-api-1.1.2.jar:"/>
    <property name="sun.cpu.endian" value="little"/>
    <property name="mail.smtps.sendpartial" value="true"/>
    <property name="user.home" value="/Users/patrickbernard"/>
    <property name="user.language" value="fr"/>
    <property name="java.specification.vendor" value="Oracle Corporation"/>
    <property name="java.version.date" value="2023-10-17"/>
    <property name="java.home" value="/usr/local/Cellar/openjdk/21.0.1/libexec/openjdk.jdk/Contents/Home"/>
    <property name="surefire.forkNumber" value="1"/>
    <property name="file.separator" value="/"/>
    <property name="basedir" value="/Users/patrickbernard/Documents/Projet-SI/test-plugin-jenkins/demo-plugin"/>
    <property name="java.vm.compressedOopsMode" value="Zero based"/>
    <property name="line.separator" value="&#10;"/>
    <property name="java.vm.specification.vendor" value="Oracle Corporation"/>
    <property name="java.specification.name" value="Java Platform API Specification"/>
    <property name="java.awt.headless" value="true"/>
    <property name="org.eclipse.jetty.server.Request.maxFormContentSize" value="-1"/>
    <property name="apple.awt.application.name" value="ForkedBooter"/>
    <property name="surefire.real.class.path" value="/Users/patrickbernard/Documents/Projet-SI/test-plugin-jenkins/demo-plugin/target/surefire/surefirebooter-20240112084131195_9.jar"/>
    <property name="sun.management.compiler" value="HotSpot 64-Bit Tiered Compilers"/>
    <property name="ftp.nonProxyHosts" value="local|*.local|169.254/16|*.169.254/16"/>
    <property name="java.runtime.version" value="21.0.1"/>
    <property name="user.name" value="patrickbernard"/>
    <property name="stdout.encoding" value="UTF-8"/>
    <property name="path.separator" value=":"/>
    <property name="os.version" value="12.7.1"/>
    <property name="java.runtime.name" value="OpenJDK Runtime Environment"/>
    <property name="file.encoding" value="UTF-8"/>
    <property name="jnidispatch.path" value="/Users/patrickbernard/Library/Caches/JNA/temp/jna9960328866133370093.tmp"/>
    <property name="java.vm.name" value="OpenJDK 64-Bit Server VM"/>
    <property name="jna.platform.library.path" value="/usr/lib:/usr/lib"/>
    <property name="java.vendor.version" value="Homebrew"/>
    <property name="mail.smtp.sendpartial" value="true"/>
    <property name="localRepository" value="/Users/patrickbernard/.m2/repository"/>
    <property name="jna.loaded" value="true"/>
    <property name="java.vendor.url.bug" value="https://github.com/Homebrew/homebrew-core/issues"/>
    <property name="jetty.git.hash" value="af15f12297adf5c5083e1f2f8f4c5974438bca25"/>
    <property name="java.io.tmpdir" value="/Users/patrickbernard/Documents/Projet-SI/test-plugin-jenkins/demo-plugin/target/tmp"/>
    <property name="java.version" value="21.0.1"/>
    <property name="user.dir" value="/Users/patrickbernard/Documents/Projet-SI/test-plugin-jenkins/demo-plugin"/>
    <property name="os.arch" value="x86_64"/>
    <property name="jenkins.model.Jenkins.SHOW_STACK_TRACE" value="true"/>
    <property name="java.vm.specification.name" value="Java Virtual Machine Specification"/>
    <property name="native.encoding" value="UTF-8"/>
    <property name="java.library.path" value="/Users/patrickbernard/Library/Java/Extensions:/Library/Java/Extensions:/Network/Library/Java/Extensions:/System/Library/Java/Extensions:/usr/lib/java:."/>
    <property name="java.vm.info" value="mixed mode, emulated-client"/>
    <property name="stderr.encoding" value="UTF-8"/>
    <property name="java.vendor" value="Homebrew"/>
    <property name="java.vm.version" value="21.0.1"/>
    <property name="sun.io.unicode.encoding" value="UnicodeBig"/>
    <property name="socksNonProxyHosts" value="local|*.local|169.254/16|*.169.254/16"/>
    <property name="java.class.version" value="65.0"/>
  </properties>
  <testcase name="testBuild" classname="io.jenkins.plugins.sample.HelloWorldBuilderTest" time="8.289">
    <system-out><![CDATA[=== Starting testBuild(io.jenkins.plugins.sample.HelloWorldBuilderTest)
]]></system-out>
    <system-err><![CDATA[   0.218 [id=28]	INFO	o.jvnet.hudson.test.WarExploder#explode: Picking up existing exploded jenkins.war at /Users/patrickbernard/Documents/Projet-SI/test-plugin-jenkins/demo-plugin/target/jenkins-for-test
   0.682 [id=28]	INFO	o.jvnet.hudson.test.JenkinsRule#createWebServer: Running on http://localhost:49523/jenkins/
   0.954 [id=42]	INFO	jenkins.InitReactorRunner$1#onAttained: Started initialization
   1.715 [id=41]	INFO	hudson.PluginManager#considerDetachedPlugin: Loading a detached plugin as a dependency: /var/folders/ws/0tdbtlfd7r56xfqy510dc6880000gn/T/jenkins15702751414691727545/plugins/javax-activation-api.jpi
   1.747 [id=41]	INFO	hudson.PluginManager#considerDetachedPlugin: Loading a detached plugin as a dependency: /var/folders/ws/0tdbtlfd7r56xfqy510dc6880000gn/T/jenkins15702751414691727545/plugins/javax-mail-api.jpi
   2.262 [id=47]	INFO	jenkins.InitReactorRunner$1#onAttained: Listed all plugins
   2.280 [id=43]	INFO	j.b.api.BouncyCastlePlugin#start: /Users/patrickbernard/Documents/Projet-SI/test-plugin-jenkins/demo-plugin/target/tmp/j h2849074130924968989/plugins/bouncycastle-api/WEB-INF/optional-lib not found; for non RealJenkinsRule this is fine and can be ignored.
   3.861 [id=42]	INFO	jenkins.InitReactorRunner$1#onAttained: Prepared all plugins
   3.875 [id=46]	INFO	jenkins.InitReactorRunner$1#onAttained: Started all plugins
   3.877 [id=46]	INFO	jenkins.InitReactorRunner$1#onAttained: Augmented all extensions
   6.099 [id=46]	INFO	jenkins.InitReactorRunner$1#onAttained: System config loaded
   6.099 [id=46]	INFO	jenkins.InitReactorRunner$1#onAttained: System config adapted
   6.100 [id=46]	INFO	jenkins.InitReactorRunner$1#onAttained: Loaded all jobs
   6.101 [id=46]	INFO	jenkins.InitReactorRunner$1#onAttained: Configuration for all jobs updated
   6.284 [id=42]	INFO	jenkins.InitReactorRunner$1#onAttained: Completed initialization
   7.434 [id=28]	INFO	hudson.lifecycle.Lifecycle#onStatusUpdate: Stopping Jenkins
   7.497 [id=28]	INFO	hudson.lifecycle.Lifecycle#onStatusUpdate: Jenkins stopped
   7.592 [id=28]	INFO	o.j.h.t.TemporaryDirectoryAllocator#dispose: deleting /Users/patrickbernard/Documents/Projet-SI/test-plugin-jenkins/demo-plugin/target/tmp/j h2849074130924968989
]]></system-err>
  </testcase>
  <testcase name="testConfigRoundtrip" classname="io.jenkins.plugins.sample.HelloWorldBuilderTest" time="13.131">
    <system-out><![CDATA[=== Starting testConfigRoundtrip(io.jenkins.plugins.sample.HelloWorldBuilderTest)
]]></system-out>
    <system-err><![CDATA[   0.025 [id=80]	INFO	o.jvnet.hudson.test.JenkinsRule#createWebServer: Running on http://localhost:49527/jenkins/
   0.053 [id=94]	INFO	jenkins.InitReactorRunner$1#onAttained: Started initialization
   0.059 [id=94]	INFO	jenkins.InitReactorRunner$1#onAttained: Listed all plugins
   0.062 [id=94]	INFO	j.b.api.BouncyCastlePlugin#start: /Users/patrickbernard/Documents/Projet-SI/test-plugin-jenkins/demo-plugin/target/tmp/j h2423242750617566672/plugins/bouncycastle-api/WEB-INF/optional-lib not found; for non RealJenkinsRule this is fine and can be ignored.
   0.277 [id=98]	INFO	jenkins.InitReactorRunner$1#onAttained: Prepared all plugins
   0.280 [id=99]	INFO	jenkins.InitReactorRunner$1#onAttained: Started all plugins
   0.281 [id=96]	INFO	jenkins.InitReactorRunner$1#onAttained: Augmented all extensions
   1.729 [id=95]	INFO	jenkins.InitReactorRunner$1#onAttained: System config loaded
   1.729 [id=96]	INFO	jenkins.InitReactorRunner$1#onAttained: System config adapted
   1.730 [id=98]	INFO	jenkins.InitReactorRunner$1#onAttained: Loaded all jobs
   1.730 [id=97]	INFO	jenkins.InitReactorRunner$1#onAttained: Configuration for all jobs updated
   1.750 [id=97]	INFO	jenkins.InitReactorRunner$1#onAttained: Completed initialization
   6.505 [id=80]	WARNING	o.h.DefaultCssErrorHandler#error: CSS error: 'http://localhost:49527/jenkins/static/7f36efb4/jsbundles/styles.css' [1:134087] Error in pseudo class or element. (Invalid token ".". Was expecting one of: <S>, <NUMBER>, <IDENT>, <STRING>, "-", "+", <DIMENSION>.)
   6.506 [id=80]	WARNING	o.h.DefaultCssErrorHandler#warning: CSS warning: 'http://localhost:49527/jenkins/static/7f36efb4/jsbundles/styles.css' [1:134087] Ignoring the whole rule.
  12.006 [id=80]	WARNING	o.h.DefaultCssErrorHandler#error: CSS error: 'http://localhost:49527/jenkins/static/7f36efb4/jsbundles/styles.css' [1:134087] Error in pseudo class or element. (Invalid token ".". Was expecting one of: <S>, <NUMBER>, <IDENT>, <STRING>, "-", "+", <DIMENSION>.)
  12.007 [id=80]	WARNING	o.h.DefaultCssErrorHandler#warning: CSS warning: 'http://localhost:49527/jenkins/static/7f36efb4/jsbundles/styles.css' [1:134087] Ignoring the whole rule.
  12.957 [id=80]	INFO	hudson.lifecycle.Lifecycle#onStatusUpdate: Stopping Jenkins
  12.980 [id=80]	INFO	hudson.lifecycle.Lifecycle#onStatusUpdate: Jenkins stopped
  13.124 [id=80]	INFO	o.j.h.t.TemporaryDirectoryAllocator#dispose: deleting /Users/patrickbernard/Documents/Projet-SI/test-plugin-jenkins/demo-plugin/target/tmp/j h2423242750617566672
]]></system-err>
  </testcase>
  <testcase name="testConfigRoundtripFrench" classname="io.jenkins.plugins.sample.HelloWorldBuilderTest" time="8.428">
    <system-out><![CDATA[=== Starting testConfigRoundtripFrench(io.jenkins.plugins.sample.HelloWorldBuilderTest)
]]></system-out>
    <system-err><![CDATA[   0.016 [id=137]	INFO	o.jvnet.hudson.test.JenkinsRule#createWebServer: Running on http://localhost:49531/jenkins/
   0.040 [id=150]	INFO	jenkins.InitReactorRunner$1#onAttained: Started initialization
   0.041 [id=151]	INFO	jenkins.InitReactorRunner$1#onAttained: Listed all plugins
   0.043 [id=153]	INFO	j.b.api.BouncyCastlePlugin#start: /Users/patrickbernard/Documents/Projet-SI/test-plugin-jenkins/demo-plugin/target/tmp/j h5924130672970227751/plugins/bouncycastle-api/WEB-INF/optional-lib not found; for non RealJenkinsRule this is fine and can be ignored.
   0.161 [id=149]	INFO	jenkins.InitReactorRunner$1#onAttained: Prepared all plugins
   0.162 [id=154]	INFO	jenkins.InitReactorRunner$1#onAttained: Started all plugins
   0.165 [id=155]	INFO	jenkins.InitReactorRunner$1#onAttained: Augmented all extensions
   2.116 [id=151]	INFO	jenkins.InitReactorRunner$1#onAttained: System config loaded
   2.116 [id=154]	INFO	jenkins.InitReactorRunner$1#onAttained: System config adapted
   2.116 [id=155]	INFO	jenkins.InitReactorRunner$1#onAttained: Loaded all jobs
   2.117 [id=150]	INFO	jenkins.InitReactorRunner$1#onAttained: Configuration for all jobs updated
   2.132 [id=152]	INFO	jenkins.InitReactorRunner$1#onAttained: Completed initialization
   3.977 [id=137]	WARNING	o.h.DefaultCssErrorHandler#error: CSS error: 'http://localhost:49531/jenkins/static/1658deeb/jsbundles/styles.css' [1:134087] Error in pseudo class or element. (Invalid token ".". Was expecting one of: <S>, <NUMBER>, <IDENT>, <STRING>, "-", "+", <DIMENSION>.)
   3.977 [id=137]	WARNING	o.h.DefaultCssErrorHandler#warning: CSS warning: 'http://localhost:49531/jenkins/static/1658deeb/jsbundles/styles.css' [1:134087] Ignoring the whole rule.
   7.388 [id=137]	WARNING	o.h.DefaultCssErrorHandler#error: CSS error: 'http://localhost:49531/jenkins/static/1658deeb/jsbundles/styles.css' [1:134087] Error in pseudo class or element. (Invalid token ".". Was expecting one of: <S>, <NUMBER>, <IDENT>, <STRING>, "-", "+", <DIMENSION>.)
   7.388 [id=137]	WARNING	o.h.DefaultCssErrorHandler#warning: CSS warning: 'http://localhost:49531/jenkins/static/1658deeb/jsbundles/styles.css' [1:134087] Ignoring the whole rule.
   8.224 [id=137]	INFO	hudson.lifecycle.Lifecycle#onStatusUpdate: Stopping Jenkins
   8.244 [id=137]	INFO	hudson.lifecycle.Lifecycle#onStatusUpdate: Jenkins stopped
   8.421 [id=137]	INFO	o.j.h.t.TemporaryDirectoryAllocator#dispose: deleting /Users/patrickbernard/Documents/Projet-SI/test-plugin-jenkins/demo-plugin/target/tmp/j h5924130672970227751
]]></system-err>
  </testcase>
  <testcase name="testBuildFrench" classname="io.jenkins.plugins.sample.HelloWorldBuilderTest" time="4.065">
    <system-out><![CDATA[=== Starting testBuildFrench(io.jenkins.plugins.sample.HelloWorldBuilderTest)
]]></system-out>
    <system-err><![CDATA[   0.029 [id=184]	INFO	o.jvnet.hudson.test.JenkinsRule#createWebServer: Running on http://localhost:49535/jenkins/
   0.057 [id=197]	INFO	jenkins.InitReactorRunner$1#onAttained: Started initialization
   0.059 [id=196]	INFO	jenkins.InitReactorRunner$1#onAttained: Listed all plugins
   0.060 [id=200]	INFO	j.b.api.BouncyCastlePlugin#start: /Users/patrickbernard/Documents/Projet-SI/test-plugin-jenkins/demo-plugin/target/tmp/j h10038309741380025235/plugins/bouncycastle-api/WEB-INF/optional-lib not found; for non RealJenkinsRule this is fine and can be ignored.
   0.258 [id=197]	INFO	jenkins.InitReactorRunner$1#onAttained: Prepared all plugins
   0.261 [id=202]	INFO	jenkins.InitReactorRunner$1#onAttained: Started all plugins
   0.264 [id=200]	INFO	jenkins.InitReactorRunner$1#onAttained: Augmented all extensions
   2.530 [id=200]	INFO	jenkins.InitReactorRunner$1#onAttained: System config loaded
   2.531 [id=200]	INFO	jenkins.InitReactorRunner$1#onAttained: System config adapted
   2.531 [id=200]	INFO	jenkins.InitReactorRunner$1#onAttained: Loaded all jobs
   2.532 [id=200]	INFO	jenkins.InitReactorRunner$1#onAttained: Configuration for all jobs updated
   2.549 [id=203]	INFO	jenkins.InitReactorRunner$1#onAttained: Completed initialization
   3.862 [id=184]	INFO	hudson.lifecycle.Lifecycle#onStatusUpdate: Stopping Jenkins
   3.882 [id=184]	INFO	hudson.lifecycle.Lifecycle#onStatusUpdate: Jenkins stopped
   4.052 [id=184]	INFO	o.j.h.t.TemporaryDirectoryAllocator#dispose: deleting /Users/patrickbernard/Documents/Projet-SI/test-plugin-jenkins/demo-plugin/target/tmp/j h10038309741380025235
]]></system-err>
  </testcase>
  <testcase name="testScriptedPipeline" classname="io.jenkins.plugins.sample.HelloWorldBuilderTest" time="5.553">
    <system-out><![CDATA[=== Starting testScriptedPipeline(io.jenkins.plugins.sample.HelloWorldBuilderTest)
$ "/usr/local/Cellar/openjdk/21.0.1/libexec/openjdk.jdk/Contents/Home/bin/java"  -Djava.awt.headless=true -Xmx512m -XX:+PrintCommandLineFlags -jar "/Users/patrickbernard/Documents/Projet-SI/test-plugin-jenkins/demo-plugin/target/jenkins-for-test/WEB-INF/lib/remoting-3107.v665000b_51092.jar"
-XX:ConcGCThreads=1 -XX:G1ConcRefinementThreads=4 -XX:GCDrainStackTargetSize=64 -XX:InitialHeapSize=134217728 -XX:MarkStackSize=4194304 -XX:MaxHeapSize=536870912 -XX:MinHeapSize=6815736 -XX:+PrintCommandLineFlags -XX:ReservedCodeCacheSize=251658240 -XX:+SegmentedCodeCache -XX:+UseCompressedOops -XX:+UseG1GC 
<===[JENKINS REMOTING CAPACITY]===>&amp#0;&amp#0;&amp#0;channel started
Remoting version: 3107.v665000b_51092
Launcher: SimpleCommandLauncher
Communication Protocol: Standard in/out
This is a Unix agent
]]></system-out>
    <system-err><![CDATA[   0.015 [id=224]	INFO	o.jvnet.hudson.test.JenkinsRule#createWebServer: Running on http://localhost:49539/jenkins/
   0.039 [id=237]	INFO	jenkins.InitReactorRunner$1#onAttained: Started initialization
   0.041 [id=243]	INFO	jenkins.InitReactorRunner$1#onAttained: Listed all plugins
   0.043 [id=238]	INFO	j.b.api.BouncyCastlePlugin#start: /Users/patrickbernard/Documents/Projet-SI/test-plugin-jenkins/demo-plugin/target/tmp/j h11400698667179439268/plugins/bouncycastle-api/WEB-INF/optional-lib not found; for non RealJenkinsRule this is fine and can be ignored.
   0.151 [id=239]	INFO	jenkins.InitReactorRunner$1#onAttained: Prepared all plugins
   0.152 [id=237]	INFO	jenkins.InitReactorRunner$1#onAttained: Started all plugins
   0.153 [id=243]	INFO	jenkins.InitReactorRunner$1#onAttained: Augmented all extensions
   1.899 [id=240]	INFO	jenkins.InitReactorRunner$1#onAttained: System config loaded
   1.900 [id=242]	INFO	jenkins.InitReactorRunner$1#onAttained: System config adapted
   1.900 [id=236]	INFO	jenkins.InitReactorRunner$1#onAttained: Loaded all jobs
   1.900 [id=236]	INFO	jenkins.InitReactorRunner$1#onAttained: Configuration for all jobs updated
   1.915 [id=238]	INFO	jenkins.InitReactorRunner$1#onAttained: Completed initialization
   2.056 [id=224]	INFO	o.jvnet.hudson.test.JenkinsRule#waitOnline: Launching slave0…
   3.533 [id=62]	INFO	o.j.h.test.SimpleCommandLauncher#launch: agent launched for slave0
   3.534 [id=224]	INFO	o.jvnet.hudson.test.JenkinsRule#waitOnline: …finished launching slave0.
   5.343 [id=224]	INFO	hudson.lifecycle.Lifecycle#onStatusUpdate: Stopping Jenkins
   5.367 [id=224]	INFO	hudson.lifecycle.Lifecycle#onStatusUpdate: Jenkins stopped
   5.532 [id=224]	INFO	o.j.h.t.TemporaryDirectoryAllocator#dispose: deleting /Users/patrickbernard/Documents/Projet-SI/test-plugin-jenkins/demo-plugin/target/tmp/j h11400698667179439268
]]></system-err>
  </testcase>
</testsuite>