<?xml version="1.0" encoding="UTF-8"?>
<testsuite xmlns:xsi="http://www.w3.org/2001/XMLSchema-instance" xsi:noNamespaceSchemaLocation="https://maven.apache.org/surefire/maven-surefire-plugin/xsd/surefire-test-report-3.0.xsd" version="3.0" name="InjectedTest" time="9.844" tests="17" errors="0" skipped="0" failures="0">
  <properties>
    <property name="java.specification.version" value="21"/>
    <property name="sun.jnu.encoding" value="UTF-8"/>
    <property name="java.class.path" value="/Users/patrickbernard/Documents/Projet-SI/demo_plugin_jenkins/demo-plugin/target/test-classes:/Users/patrickbernard/Documents/Projet-SI/demo_plugin_jenkins/demo-plugin/target/classes:/Users/patrickbernard/.m2/repository/org/jenkins-ci/plugins/structs/325.vcb_307d2a_2782/structs-325.vcb_307d2a_2782.jar:/Users/patrickbernard/.m2/repository/org/jenkins-ci/plugins/workflow/workflow-basic-steps/1042.ve7b_140c4a_e0c/workflow-basic-steps-1042.ve7b_140c4a_e0c.jar:/Users/patrickbernard/.m2/repository/org/jenkins-ci/plugins/workflow/workflow-step-api/639.v6eca_cd8c04a_a_/workflow-step-api-639.v6eca_cd8c04a_a_.jar:/Users/patrickbernard/.m2/repository/org/jenkins-ci/plugins/mailer/463.vedf8358e006b_/mailer-463.vedf8358e006b_.jar:/Users/patrickbernard/.m2/repository/org/jenkins-ci/plugins/display-url-api/2.200.vb_9327d658781/display-url-api-2.200.vb_9327d658781.jar:/Users/patrickbernard/.m2/repository/org/jenkins-ci/modules/instance-identity/185.v303dc7c645f9/instance-identity-185.v303dc7c645f9.jar:/Users/patrickbernard/.m2/repository/org/jenkins-ci/plugins/bouncycastle-api/2.30.1.77-225.v26ea_c9455fd9/bouncycastle-api-2.30.1.77-225.v26ea_c9455fd9.jar:/Users/patrickbernard/.m2/repository/org/bouncycastle/bcpkix-jdk18on/1.77/bcpkix-jdk18on-1.77.jar:/Users/patrickbernard/.m2/repository/org/bouncycastle/bcprov-jdk18on/1.77/bcprov-jdk18on-1.77.jar:/Users/patrickbernard/.m2/repository/org/bouncycastle/bcutil-jdk18on/1.77/bcutil-jdk18on-1.77.jar:/Users/patrickbernard/.m2/repository/org/jenkins-ci/plugins/workflow/workflow-api/1283.v99c10937efcb_/workflow-api-1283.v99c10937efcb_.jar:/Users/patrickbernard/.m2/repository/org/jenkins-ci/plugins/apache-httpcomponents-client-4-api/4.5.14-208.v438351942757/apache-httpcomponents-client-4-api-4.5.14-208.v438351942757.jar:/Users/patrickbernard/.m2/repository/org/apache/httpcomponents/fluent-hc/4.5.14/fluent-hc-4.5.14.jar:/Users/patrickbernard/.m2/repository/org/apache/httpcomponents/httpasyncclient/4.1.5/httpasyncclient-4.1.5.jar:/Users/patrickbernard/.m2/repository/org/apache/httpcomponents/httpasyncclient-cache/4.1.5/httpasyncclient-cache-4.1.5.jar:/Users/patrickbernard/.m2/repository/org/apache/httpcomponents/httpclient/4.5.14/httpclient-4.5.14.jar:/Users/patrickbernard/.m2/repository/org/apache/httpcomponents/httpclient-cache/4.5.14/httpclient-cache-4.5.14.jar:/Users/patrickbernard/.m2/repository/org/apache/httpcomponents/httpcore/4.4.16/httpcore-4.4.16.jar:/Users/patrickbernard/.m2/repository/org/apache/httpcomponents/httpcore-nio/4.4.16/httpcore-nio-4.4.16.jar:/Users/patrickbernard/.m2/repository/org/apache/httpcomponents/httpmime/4.5.14/httpmime-4.5.14.jar:/Users/patrickbernard/.m2/repository/io/jenkins/plugins/jakarta-mail-api/2.0.1-3/jakarta-mail-api-2.0.1-3.jar:/Users/patrickbernard/.m2/repository/com/sun/mail/jakarta.mail/2.0.1/jakarta.mail-2.0.1.jar:/Users/patrickbernard/.m2/repository/io/jenkins/plugins/jakarta-activation-api/2.0.1-3/jakarta-activation-api-2.0.1-3.jar:/Users/patrickbernard/.m2/repository/com/sun/activation/jakarta.activation/2.0.1/jakarta.activation-2.0.1.jar:/Users/patrickbernard/.m2/repository/org/jenkins-ci/plugins/workflow/workflow-cps/3826.v3b_5707fe44da_/workflow-cps-3826.v3b_5707fe44da_.jar:/Users/patrickbernard/.m2/repository/io/jenkins/plugins/ionicons-api/56.v1b_1c8c49374e/ionicons-api-56.v1b_1c8c49374e.jar:/Users/patrickbernard/.m2/repository/org/jenkins-ci/plugins/workflow/workflow-support/865.v43e78cc44e0d/workflow-support-865.v43e78cc44e0d.jar:/Users/patrickbernard/.m2/repository/io/jenkins/plugins/caffeine-api/3.1.8-133.v17b_1ff2e0599/caffeine-api-3.1.8-133.v17b_1ff2e0599.jar:/Users/patrickbernard/.m2/repository/com/github/ben-manes/caffeine/caffeine/3.1.8/caffeine-3.1.8.jar:/Users/patrickbernard/.m2/repository/org/jboss/marshalling/jboss-marshalling-river/2.1.2.Final/jboss-marshalling-river-2.1.2.Final.jar:/Users/patrickbernard/.m2/repository/org/jboss/marshalling/jboss-marshalling/2.1.2.Final/jboss-marshalling-2.1.2.Final.jar:/Users/patrickbernard/.m2/repository/org/jenkins-ci/plugins/workflow/workflow-scm-step/415.v434365564324/workflow-scm-step-415.v434365564324.jar:/Users/patrickbernard/.m2/repository/org/jenkins-ci/plugins/script-security/1294.v99333c047434/script-security-1294.v99333c047434.jar:/Users/patrickbernard/.m2/repository/org/kohsuke/groovy-sandbox/1.33/groovy-sandbox-1.33.jar:/Users/patrickbernard/.m2/repository/org/jenkins-ci/plugins/scm-api/676.v886669a_199a_a_/scm-api-676.v886669a_199a_a_.jar:/Users/patrickbernard/.m2/repository/com/cloudbees/groovy-cps/3826.v3b_5707fe44da_/groovy-cps-3826.v3b_5707fe44da_.jar:/Users/patrickbernard/.m2/repository/com/cloudbees/diff4j/1.3/diff4j-1.3.jar:/Users/patrickbernard/.m2/repository/org/jenkins-ci/plugins/workflow/workflow-durable-task-step/1313.vcb_970b_d2a_fb_3/workflow-durable-task-step-1313.vcb_970b_d2a_fb_3.jar:/Users/patrickbernard/.m2/repository/org/jenkins-ci/plugins/durable-task/523.va_a_22cf15d5e0/durable-task-523.va_a_22cf15d5e0.jar:/Users/patrickbernard/.m2/repository/io/jenkins/plugins/lib-durable-task/40.vc66cf8fb_4613/lib-durable-task-40.vc66cf8fb_4613.jar:/Users/patrickbernard/.m2/repository/org/jenkins-ci/plugins/workflow/workflow-job/1385.vb_58b_86ea_fff1/workflow-job-1385.vb_58b_86ea_fff1.jar:/Users/patrickbernard/.m2/repository/org/jenkins-ci/main/jenkins-core/2.414.3/jenkins-core-2.414.3.jar:/Users/patrickbernard/.m2/repository/org/jenkins-ci/main/cli/2.414.3/cli-2.414.3.jar:/Users/patrickbernard/.m2/repository/org/jenkins-ci/main/remoting/3131.vf2b_b_798b_ce99/remoting-3131.vf2b_b_798b_ce99.jar:/Users/patrickbernard/.m2/repository/args4j/args4j/2.33/args4j-2.33.jar:/Users/patrickbernard/.m2/repository/com/github/spotbugs/spotbugs-annotations/4.7.3/spotbugs-annotations-4.7.3.jar:/Users/patrickbernard/.m2/repository/com/google/guava/guava/32.1.1-jre/guava-32.1.1-jre.jar:/Users/patrickbernard/.m2/repository/com/google/guava/failureaccess/1.0.1/failureaccess-1.0.1.jar:/Users/patrickbernard/.m2/repository/com/google/guava/listenablefuture/9999.0-empty-to-avoid-conflict-with-guava/listenablefuture-9999.0-empty-to-avoid-conflict-with-guava.jar:/Users/patrickbernard/.m2/repository/com/google/code/findbugs/jsr305/3.0.1/jsr305-3.0.1.jar:/Users/patrickbernard/.m2/repository/com/google/inject/guice/6.0.0/guice-6.0.0.jar:/Users/patrickbernard/.m2/repository/javax/inject/javax.inject/1/javax.inject-1.jar:/Users/patrickbernard/.m2/repository/jakarta/inject/jakarta.inject-api/2.0.1/jakarta.inject-api-2.0.1.jar:/Users/patrickbernard/.m2/repository/com/infradna/tool/bridge-method-annotation/1.27/bridge-method-annotation-1.27.jar:/Users/patrickbernard/.m2/repository/com/jcraft/jzlib/1.1.3-kohsuke-1/jzlib-1.1.3-kohsuke-1.jar:/Users/patrickbernard/.m2/repository/com/sun/solaris/embedded_su4j/1.1/embedded_su4j-1.1.jar:/Users/patrickbernard/.m2/repository/com/sun/xml/txw2/txw2/20110809/txw2-20110809.jar:/Users/patrickbernard/.m2/repository/relaxngDatatype/relaxngDatatype/20020414/relaxngDatatype-20020414.jar:/Users/patrickbernard/.m2/repository/com/thoughtworks/xstream/xstream/1.4.20/xstream-1.4.20.jar:/Users/patrickbernard/.m2/repository/io/github/x-stream/mxparser/1.2.2/mxparser-1.2.2.jar:/Users/patrickbernard/.m2/repository/commons-beanutils/commons-beanutils/1.9.4/commons-beanutils-1.9.4.jar:/Users/patrickbernard/.m2/repository/commons-codec/commons-codec/1.16.0/commons-codec-1.16.0.jar:/Users/patrickbernard/.m2/repository/commons-collections/commons-collections/3.2.2/commons-collections-3.2.2.jar:/Users/patrickbernard/.m2/repository/commons-fileupload/commons-fileupload/1.5/commons-fileupload-1.5.jar:/Users/patrickbernard/.m2/repository/commons-io/commons-io/2.13.0/commons-io-2.13.0.jar:/Users/patrickbernard/.m2/repository/commons-jelly/commons-jelly-tags-fmt/1.0/commons-jelly-tags-fmt-1.0.jar:/Users/patrickbernard/.m2/repository/commons-jelly/commons-jelly-tags-xml/1.1/commons-jelly-tags-xml-1.1.jar:/Users/patrickbernard/.m2/repository/commons-lang/commons-lang/2.6/commons-lang-2.6.jar:/Users/patrickbernard/.m2/repository/io/jenkins/stapler/jenkins-stapler-support/1.1/jenkins-stapler-support-1.1.jar:/Users/patrickbernard/.m2/repository/jakarta/servlet/jsp/jstl/jakarta.servlet.jsp.jstl-api/1.2.7/jakarta.servlet.jsp.jstl-api-1.2.7.jar:/Users/patrickbernard/.m2/repository/jaxen/jaxen/2.0.0/jaxen-2.0.0.jar:/Users/patrickbernard/.m2/repository/jline/jline/2.14.6/jline-2.14.6.jar:/Users/patrickbernard/.m2/repository/net/java/dev/jna/jna/5.13.0/jna-5.13.0.jar:/Users/patrickbernard/.m2/repository/net/java/sezpoz/sezpoz/1.13/sezpoz-1.13.jar:/Users/patrickbernard/.m2/repository/net/jcip/jcip-annotations/1.0/jcip-annotations-1.0.jar:/Users/patrickbernard/.m2/repository/net/sf/kxml/kxml2/2.3.0/kxml2-2.3.0.jar:/Users/patrickbernard/.m2/repository/org/antlr/antlr4-runtime/4.13.0/antlr4-runtime-4.13.0.jar:/Users/patrickbernard/.m2/repository/org/apache/ant/ant/1.10.13/ant-1.10.13.jar:/Users/patrickbernard/.m2/repository/org/apache/ant/ant-launcher/1.10.13/ant-launcher-1.10.13.jar:/Users/patrickbernard/.m2/repository/org/apache/commons/commons-compress/1.24.0/commons-compress-1.24.0.jar:/Users/patrickbernard/.m2/repository/org/codehaus/groovy/groovy-all/2.4.21/groovy-all-2.4.21.jar:/Users/patrickbernard/.m2/repository/org/connectbot/jbcrypt/jbcrypt/1.0.0/jbcrypt-1.0.0.jar:/Users/patrickbernard/.m2/repository/org/fusesource/jansi/jansi/1.11/jansi-1.11.jar:/Users/patrickbernard/.m2/repository/org/jenkins-ci/annotation-indexer/1.17/annotation-indexer-1.17.jar:/Users/patrickbernard/.m2/repository/org/jenkins-ci/commons-jexl/1.1-jenkins-20111212/commons-jexl-1.1-jenkins-20111212.jar:/Users/patrickbernard/.m2/repository/org/jenkins-ci/crypto-util/1.9/crypto-util-1.9.jar:/Users/patrickbernard/.m2/repository/org/jenkins-ci/memory-monitor/1.12/memory-monitor-1.12.jar:/Users/patrickbernard/.m2/repository/org/jenkins-ci/symbol-annotation/1.24/symbol-annotation-1.24.jar:/Users/patrickbernard/.m2/repository/org/jenkins-ci/task-reactor/1.8/task-reactor-1.8.jar:/Users/patrickbernard/.m2/repository/org/jenkins-ci/version-number/1.11/version-number-1.11.jar:/Users/patrickbernard/.m2/repository/org/jenkins-ci/main/websocket-spi/2.414.3/websocket-spi-2.414.3.jar:/Users/patrickbernard/.m2/repository/org/jfree/jfreechart/1.0.19/jfreechart-1.0.19.jar:/Users/patrickbernard/.m2/repository/org/jfree/jcommon/1.0.23/jcommon-1.0.23.jar:/Users/patrickbernard/.m2/repository/org/jvnet/hudson/commons-jelly-tags-define/1.1-jenkins-20230124/commons-jelly-tags-define-1.1-jenkins-20230124.jar:/Users/patrickbernard/.m2/repository/org/jenkins-ci/commons-jelly/1.1-jenkins-20230124/commons-jelly-1.1-jenkins-20230124.jar:/Users/patrickbernard/.m2/repository/org/jvnet/localizer/localizer/1.31/localizer-1.31.jar:/Users/patrickbernard/.m2/repository/org/jvnet/robust-http-client/robust-http-client/1.2/robust-http-client-1.2.jar:/Users/patrickbernard/.m2/repository/org/jvnet/winp/winp/1.30/winp-1.30.jar:/Users/patrickbernard/.m2/repository/org/kohsuke/access-modifier-annotation/1.32/access-modifier-annotation-1.32.jar:/Users/patrickbernard/.m2/repository/org/kohsuke/windows-package-checker/1.2/windows-package-checker-1.2.jar:/Users/patrickbernard/.m2/repository/org/kohsuke/jinterop/j-interop/2.0.8-kohsuke-1/j-interop-2.0.8-kohsuke-1.jar:/Users/patrickbernard/.m2/repository/org/kohsuke/jinterop/j-interopdeps/2.0.8-kohsuke-1/j-interopdeps-2.0.8-kohsuke-1.jar:/Users/patrickbernard/.m2/repository/org/samba/jcifs/jcifs/1.3.18-kohsuke-1/jcifs-1.3.18-kohsuke-1.jar:/Users/patrickbernard/.m2/repository/org/kohsuke/stapler/json-lib/2.4-jenkins-3/json-lib-2.4-jenkins-3.jar:/Users/patrickbernard/.m2/repository/net/sf/ezmorph/ezmorph/1.0.6/ezmorph-1.0.6.jar:/Users/patrickbernard/.m2/repository/org/kohsuke/stapler/stapler/1785.1787.v44b_5610a_7c4a_/stapler-1785.1787.v44b_5610a_7c4a_.jar:/Users/patrickbernard/.m2/repository/commons-discovery/commons-discovery/0.5/commons-discovery-0.5.jar:/Users/patrickbernard/.m2/repository/jakarta/annotation/jakarta.annotation-api/2.1.1/jakarta.annotation-api-2.1.1.jar:/Users/patrickbernard/.m2/repository/javax/annotation/javax.annotation-api/1.3.2/javax.annotation-api-1.3.2.jar:/Users/patrickbernard/.m2/repository/org/jvnet/tiger-types/2.2/tiger-types-2.2.jar:/Users/patrickbernard/.m2/repository/org/kohsuke/stapler/stapler-adjunct-codemirror/1.3/stapler-adjunct-codemirror-1.3.jar:/Users/patrickbernard/.m2/repository/org/kohsuke/stapler/stapler-adjunct-timeline/1.5/stapler-adjunct-timeline-1.5.jar:/Users/patrickbernard/.m2/repository/org/kohsuke/stapler/stapler-groovy/1785.1787.v44b_5610a_7c4a_/stapler-groovy-1785.1787.v44b_5610a_7c4a_.jar:/Users/patrickbernard/.m2/repository/org/kohsuke/stapler/stapler-jelly/1785.1787.v44b_5610a_7c4a_/stapler-jelly-1785.1787.v44b_5610a_7c4a_.jar:/Users/patrickbernard/.m2/repository/org/dom4j/dom4j/2.1.4/dom4j-2.1.4.jar:/Users/patrickbernard/.m2/repository/org/ow2/asm/asm/9.5/asm-9.5.jar:/Users/patrickbernard/.m2/repository/org/ow2/asm/asm-analysis/9.5/asm-analysis-9.5.jar:/Users/patrickbernard/.m2/repository/org/ow2/asm/asm-commons/9.5/asm-commons-9.5.jar:/Users/patrickbernard/.m2/repository/org/ow2/asm/asm-tree/9.5/asm-tree-9.5.jar:/Users/patrickbernard/.m2/repository/org/ow2/asm/asm-util/9.5/asm-util-9.5.jar:/Users/patrickbernard/.m2/repository/org/slf4j/jcl-over-slf4j/2.0.7/jcl-over-slf4j-2.0.7.jar:/Users/patrickbernard/.m2/repository/org/slf4j/slf4j-api/2.0.7/slf4j-api-2.0.7.jar:/Users/patrickbernard/.m2/repository/org/slf4j/log4j-over-slf4j/2.0.7/log4j-over-slf4j-2.0.7.jar:/Users/patrickbernard/.m2/repository/org/springframework/security/spring-security-web/5.8.4/spring-security-web-5.8.4.jar:/Users/patrickbernard/.m2/repository/org/springframework/security/spring-security-core/5.8.4/spring-security-core-5.8.4.jar:/Users/patrickbernard/.m2/repository/org/springframework/security/spring-security-crypto/5.8.4/spring-security-crypto-5.8.4.jar:/Users/patrickbernard/.m2/repository/org/springframework/spring-core/5.3.28/spring-core-5.3.28.jar:/Users/patrickbernard/.m2/repository/org/springframework/spring-aop/5.3.28/spring-aop-5.3.28.jar:/Users/patrickbernard/.m2/repository/org/springframework/spring-beans/5.3.28/spring-beans-5.3.28.jar:/Users/patrickbernard/.m2/repository/org/springframework/spring-context/5.3.28/spring-context-5.3.28.jar:/Users/patrickbernard/.m2/repository/org/springframework/spring-expression/5.3.28/spring-expression-5.3.28.jar:/Users/patrickbernard/.m2/repository/org/springframework/spring-web/5.3.28/spring-web-5.3.28.jar:/Users/patrickbernard/.m2/repository/xpp3/xpp3/1.1.4c/xpp3-1.1.4c.jar:/Users/patrickbernard/.m2/repository/org/jenkins-ci/main/jenkins-war/2.414.3/jenkins-war-2.414.3.war:/Users/patrickbernard/.m2/repository/org/jenkins-ci/main/websocket-jetty10/2.414.3/websocket-jetty10-2.414.3.jar:/Users/patrickbernard/.m2/repository/org/slf4j/slf4j-jdk14/2.0.7/slf4j-jdk14-2.0.7.jar:/Users/patrickbernard/.m2/repository/jakarta/servlet/jakarta.servlet-api/4.0.4/jakarta.servlet-api-4.0.4.jar:/Users/patrickbernard/.m2/repository/commons-logging/commons-logging/1.2/commons-logging-1.2.jar:/Users/patrickbernard/.m2/repository/org/jenkins-ci/main/jenkins-test-harness/2129.v09f309d2339c/jenkins-test-harness-2129.v09f309d2339c.jar:/Users/patrickbernard/.m2/repository/io/jenkins/lib/support-log-formatter/1.2/support-log-formatter-1.2.jar:/Users/patrickbernard/.m2/repository/junit/junit/4.13.2/junit-4.13.2.jar:/Users/patrickbernard/.m2/repository/org/hamcrest/hamcrest-core/2.2/hamcrest-core-2.2.jar:/Users/patrickbernard/.m2/repository/org/eclipse/jetty/jetty-security/10.0.18/jetty-security-10.0.18.jar:/Users/patrickbernard/.m2/repository/org/eclipse/jetty/jetty-server/10.0.18/jetty-server-10.0.18.jar:/Users/patrickbernard/.m2/repository/org/eclipse/jetty/jetty-http/10.0.18/jetty-http-10.0.18.jar:/Users/patrickbernard/.m2/repository/org/eclipse/jetty/jetty-io/10.0.18/jetty-io-10.0.18.jar:/Users/patrickbernard/.m2/repository/org/eclipse/jetty/jetty-webapp/10.0.18/jetty-webapp-10.0.18.jar:/Users/patrickbernard/.m2/repository/org/eclipse/jetty/jetty-servlet/10.0.18/jetty-servlet-10.0.18.jar:/Users/patrickbernard/.m2/repository/org/eclipse/jetty/jetty-xml/10.0.18/jetty-xml-10.0.18.jar:/Users/patrickbernard/.m2/repository/org/eclipse/jetty/jetty-util/10.0.18/jetty-util-10.0.18.jar:/Users/patrickbernard/.m2/repository/org/eclipse/jetty/websocket/websocket-jetty-server/10.0.18/websocket-jetty-server-10.0.18.jar:/Users/patrickbernard/.m2/repository/org/eclipse/jetty/websocket/websocket-jetty-api/10.0.18/websocket-jetty-api-10.0.18.jar:/Users/patrickbernard/.m2/repository/org/eclipse/jetty/websocket/websocket-jetty-common/10.0.18/websocket-jetty-common-10.0.18.jar:/Users/patrickbernard/.m2/repository/org/eclipse/jetty/websocket/websocket-core-common/10.0.18/websocket-core-common-10.0.18.jar:/Users/patrickbernard/.m2/repository/org/eclipse/jetty/websocket/websocket-servlet/10.0.18/websocket-servlet-10.0.18.jar:/Users/patrickbernard/.m2/repository/org/eclipse/jetty/websocket/websocket-core-server/10.0.18/websocket-core-server-10.0.18.jar:/Users/patrickbernard/.m2/repository/org/eclipse/jetty/toolchain/jetty-servlet-api/4.0.6/jetty-servlet-api-4.0.6.jar:/Users/patrickbernard/.m2/repository/org/hamcrest/hamcrest/2.2/hamcrest-2.2.jar:/Users/patrickbernard/.m2/repository/org/jenkins-ci/main/jenkins-test-harness-htmlunit/164.v87e5a_1809c10/jenkins-test-harness-htmlunit-164.v87e5a_1809c10.jar:/Users/patrickbernard/.m2/repository/org/junit/jupiter/junit-jupiter-api/5.10.1/junit-jupiter-api-5.10.1.jar:/Users/patrickbernard/.m2/repository/org/opentest4j/opentest4j/1.3.0/opentest4j-1.3.0.jar:/Users/patrickbernard/.m2/repository/org/junit/platform/junit-platform-commons/1.10.1/junit-platform-commons-1.10.1.jar:/Users/patrickbernard/.m2/repository/org/netbeans/modules/org-netbeans-insane/RELEASE200/org-netbeans-insane-RELEASE200.jar:/Users/patrickbernard/.m2/repository/org/openjdk/jmh/jmh-core/1.37/jmh-core-1.37.jar:/Users/patrickbernard/.m2/repository/net/sf/jopt-simple/jopt-simple/5.0.4/jopt-simple-5.0.4.jar:/Users/patrickbernard/.m2/repository/org/apache/commons/commons-math3/3.6.1/commons-math3-3.6.1.jar:/Users/patrickbernard/.m2/repository/org/openjdk/jmh/jmh-generator-annprocess/1.37/jmh-generator-annprocess-1.37.jar:/Users/patrickbernard/.m2/repository/org/jenkins-ci/test-annotations/1.4/test-annotations-1.4.jar:/Users/patrickbernard/.m2/repository/org/junit/jupiter/junit-jupiter/5.10.1/junit-jupiter-5.10.1.jar:/Users/patrickbernard/.m2/repository/org/junit/jupiter/junit-jupiter-params/5.10.1/junit-jupiter-params-5.10.1.jar:/Users/patrickbernard/.m2/repository/org/junit/jupiter/junit-jupiter-engine/5.10.1/junit-jupiter-engine-5.10.1.jar:/Users/patrickbernard/.m2/repository/org/junit/vintage/junit-vintage-engine/5.10.1/junit-vintage-engine-5.10.1.jar:/Users/patrickbernard/.m2/repository/org/junit/platform/junit-platform-engine/1.10.1/junit-platform-engine-1.10.1.jar:/Users/patrickbernard/.m2/repository/org/apiguardian/apiguardian-api/1.1.2/apiguardian-api-1.1.2.jar:"/>
    <property name="java.vm.vendor" value="Homebrew"/>
    <property name="sun.arch.data.model" value="64"/>
    <property name="java.vendor.url" value="https://github.com/Homebrew/homebrew-core/issues"/>
    <property name="user.timezone" value="Europe/Paris"/>
    <property name="os.name" value="Mac OS X"/>
    <property name="java.vm.specification.version" value="21"/>
    <property name="user.country" value="FR"/>
    <property name="sun.java.launcher" value="SUN_STANDARD"/>
    <property name="sun.boot.library.path" value="/usr/local/Cellar/openjdk/21.0.1/libexec/openjdk.jdk/Contents/Home/lib"/>
    <property name="sun.java.command" value="/Users/patrickbernard/Documents/Projet-SI/demo_plugin_jenkins/demo-plugin/target/surefire/surefirebooter-20240115135453331_3.jar /Users/patrickbernard/Documents/Projet-SI/demo_plugin_jenkins/demo-plugin/target/surefire 2024-01-15T13-54-51_150-jvmRun1 surefire-20240115135453331_1tmp surefire_0-20240115135453331_2tmp"/>
    <property name="http.nonProxyHosts" value="local|*.local|169.254/16|*.169.254/16"/>
    <property name="jdk.debug" value="release"/>
    <property name="surefire.test.class.path" value="/Users/patrickbernard/Documents/Projet-SI/demo_plugin_jenkins/demo-plugin/target/test-classes:/Users/patrickbernard/Documents/Projet-SI/demo_plugin_jenkins/demo-plugin/target/classes:/Users/patrickbernard/.m2/repository/org/jenkins-ci/plugins/structs/325.vcb_307d2a_2782/structs-325.vcb_307d2a_2782.jar:/Users/patrickbernard/.m2/repository/org/jenkins-ci/plugins/workflow/workflow-basic-steps/1042.ve7b_140c4a_e0c/workflow-basic-steps-1042.ve7b_140c4a_e0c.jar:/Users/patrickbernard/.m2/repository/org/jenkins-ci/plugins/workflow/workflow-step-api/639.v6eca_cd8c04a_a_/workflow-step-api-639.v6eca_cd8c04a_a_.jar:/Users/patrickbernard/.m2/repository/org/jenkins-ci/plugins/mailer/463.vedf8358e006b_/mailer-463.vedf8358e006b_.jar:/Users/patrickbernard/.m2/repository/org/jenkins-ci/plugins/display-url-api/2.200.vb_9327d658781/display-url-api-2.200.vb_9327d658781.jar:/Users/patrickbernard/.m2/repository/org/jenkins-ci/modules/instance-identity/185.v303dc7c645f9/instance-identity-185.v303dc7c645f9.jar:/Users/patrickbernard/.m2/repository/org/jenkins-ci/plugins/bouncycastle-api/2.30.1.77-225.v26ea_c9455fd9/bouncycastle-api-2.30.1.77-225.v26ea_c9455fd9.jar:/Users/patrickbernard/.m2/repository/org/bouncycastle/bcpkix-jdk18on/1.77/bcpkix-jdk18on-1.77.jar:/Users/patrickbernard/.m2/repository/org/bouncycastle/bcprov-jdk18on/1.77/bcprov-jdk18on-1.77.jar:/Users/patrickbernard/.m2/repository/org/bouncycastle/bcutil-jdk18on/1.77/bcutil-jdk18on-1.77.jar:/Users/patrickbernard/.m2/repository/org/jenkins-ci/plugins/workflow/workflow-api/1283.v99c10937efcb_/workflow-api-1283.v99c10937efcb_.jar:/Users/patrickbernard/.m2/repository/org/jenkins-ci/plugins/apache-httpcomponents-client-4-api/4.5.14-208.v438351942757/apache-httpcomponents-client-4-api-4.5.14-208.v438351942757.jar:/Users/patrickbernard/.m2/repository/org/apache/httpcomponents/fluent-hc/4.5.14/fluent-hc-4.5.14.jar:/Users/patrickbernard/.m2/repository/org/apache/httpcomponents/httpasyncclient/4.1.5/httpasyncclient-4.1.5.jar:/Users/patrickbernard/.m2/repository/org/apache/httpcomponents/httpasyncclient-cache/4.1.5/httpasyncclient-cache-4.1.5.jar:/Users/patrickbernard/.m2/repository/org/apache/httpcomponents/httpclient/4.5.14/httpclient-4.5.14.jar:/Users/patrickbernard/.m2/repository/org/apache/httpcomponents/httpclient-cache/4.5.14/httpclient-cache-4.5.14.jar:/Users/patrickbernard/.m2/repository/org/apache/httpcomponents/httpcore/4.4.16/httpcore-4.4.16.jar:/Users/patrickbernard/.m2/repository/org/apache/httpcomponents/httpcore-nio/4.4.16/httpcore-nio-4.4.16.jar:/Users/patrickbernard/.m2/repository/org/apache/httpcomponents/httpmime/4.5.14/httpmime-4.5.14.jar:/Users/patrickbernard/.m2/repository/io/jenkins/plugins/jakarta-mail-api/2.0.1-3/jakarta-mail-api-2.0.1-3.jar:/Users/patrickbernard/.m2/repository/com/sun/mail/jakarta.mail/2.0.1/jakarta.mail-2.0.1.jar:/Users/patrickbernard/.m2/repository/io/jenkins/plugins/jakarta-activation-api/2.0.1-3/jakarta-activation-api-2.0.1-3.jar:/Users/patrickbernard/.m2/repository/com/sun/activation/jakarta.activation/2.0.1/jakarta.activation-2.0.1.jar:/Users/patrickbernard/.m2/repository/org/jenkins-ci/plugins/workflow/workflow-cps/3826.v3b_5707fe44da_/workflow-cps-3826.v3b_5707fe44da_.jar:/Users/patrickbernard/.m2/repository/io/jenkins/plugins/ionicons-api/56.v1b_1c8c49374e/ionicons-api-56.v1b_1c8c49374e.jar:/Users/patrickbernard/.m2/repository/org/jenkins-ci/plugins/workflow/workflow-support/865.v43e78cc44e0d/workflow-support-865.v43e78cc44e0d.jar:/Users/patrickbernard/.m2/repository/io/jenkins/plugins/caffeine-api/3.1.8-133.v17b_1ff2e0599/caffeine-api-3.1.8-133.v17b_1ff2e0599.jar:/Users/patrickbernard/.m2/repository/com/github/ben-manes/caffeine/caffeine/3.1.8/caffeine-3.1.8.jar:/Users/patrickbernard/.m2/repository/org/jboss/marshalling/jboss-marshalling-river/2.1.2.Final/jboss-marshalling-river-2.1.2.Final.jar:/Users/patrickbernard/.m2/repository/org/jboss/marshalling/jboss-marshalling/2.1.2.Final/jboss-marshalling-2.1.2.Final.jar:/Users/patrickbernard/.m2/repository/org/jenkins-ci/plugins/workflow/workflow-scm-step/415.v434365564324/workflow-scm-step-415.v434365564324.jar:/Users/patrickbernard/.m2/repository/org/jenkins-ci/plugins/script-security/1294.v99333c047434/script-security-1294.v99333c047434.jar:/Users/patrickbernard/.m2/repository/org/kohsuke/groovy-sandbox/1.33/groovy-sandbox-1.33.jar:/Users/patrickbernard/.m2/repository/org/jenkins-ci/plugins/scm-api/676.v886669a_199a_a_/scm-api-676.v886669a_199a_a_.jar:/Users/patrickbernard/.m2/repository/com/cloudbees/groovy-cps/3826.v3b_5707fe44da_/groovy-cps-3826.v3b_5707fe44da_.jar:/Users/patrickbernard/.m2/repository/com/cloudbees/diff4j/1.3/diff4j-1.3.jar:/Users/patrickbernard/.m2/repository/org/jenkins-ci/plugins/workflow/workflow-durable-task-step/1313.vcb_970b_d2a_fb_3/workflow-durable-task-step-1313.vcb_970b_d2a_fb_3.jar:/Users/patrickbernard/.m2/repository/org/jenkins-ci/plugins/durable-task/523.va_a_22cf15d5e0/durable-task-523.va_a_22cf15d5e0.jar:/Users/patrickbernard/.m2/repository/io/jenkins/plugins/lib-durable-task/40.vc66cf8fb_4613/lib-durable-task-40.vc66cf8fb_4613.jar:/Users/patrickbernard/.m2/repository/org/jenkins-ci/plugins/workflow/workflow-job/1385.vb_58b_86ea_fff1/workflow-job-1385.vb_58b_86ea_fff1.jar:/Users/patrickbernard/.m2/repository/org/jenkins-ci/main/jenkins-core/2.414.3/jenkins-core-2.414.3.jar:/Users/patrickbernard/.m2/repository/org/jenkins-ci/main/cli/2.414.3/cli-2.414.3.jar:/Users/patrickbernard/.m2/repository/org/jenkins-ci/main/remoting/3131.vf2b_b_798b_ce99/remoting-3131.vf2b_b_798b_ce99.jar:/Users/patrickbernard/.m2/repository/args4j/args4j/2.33/args4j-2.33.jar:/Users/patrickbernard/.m2/repository/com/github/spotbugs/spotbugs-annotations/4.7.3/spotbugs-annotations-4.7.3.jar:/Users/patrickbernard/.m2/repository/com/google/guava/guava/32.1.1-jre/guava-32.1.1-jre.jar:/Users/patrickbernard/.m2/repository/com/google/guava/failureaccess/1.0.1/failureaccess-1.0.1.jar:/Users/patrickbernard/.m2/repository/com/google/guava/listenablefuture/9999.0-empty-to-avoid-conflict-with-guava/listenablefuture-9999.0-empty-to-avoid-conflict-with-guava.jar:/Users/patrickbernard/.m2/repository/com/google/code/findbugs/jsr305/3.0.1/jsr305-3.0.1.jar:/Users/patrickbernard/.m2/repository/com/google/inject/guice/6.0.0/guice-6.0.0.jar:/Users/patrickbernard/.m2/repository/javax/inject/javax.inject/1/javax.inject-1.jar:/Users/patrickbernard/.m2/repository/jakarta/inject/jakarta.inject-api/2.0.1/jakarta.inject-api-2.0.1.jar:/Users/patrickbernard/.m2/repository/com/infradna/tool/bridge-method-annotation/1.27/bridge-method-annotation-1.27.jar:/Users/patrickbernard/.m2/repository/com/jcraft/jzlib/1.1.3-kohsuke-1/jzlib-1.1.3-kohsuke-1.jar:/Users/patrickbernard/.m2/repository/com/sun/solaris/embedded_su4j/1.1/embedded_su4j-1.1.jar:/Users/patrickbernard/.m2/repository/com/sun/xml/txw2/txw2/20110809/txw2-20110809.jar:/Users/patrickbernard/.m2/repository/relaxngDatatype/relaxngDatatype/20020414/relaxngDatatype-20020414.jar:/Users/patrickbernard/.m2/repository/com/thoughtworks/xstream/xstream/1.4.20/xstream-1.4.20.jar:/Users/patrickbernard/.m2/repository/io/github/x-stream/mxparser/1.2.2/mxparser-1.2.2.jar:/Users/patrickbernard/.m2/repository/commons-beanutils/commons-beanutils/1.9.4/commons-beanutils-1.9.4.jar:/Users/patrickbernard/.m2/repository/commons-codec/commons-codec/1.16.0/commons-codec-1.16.0.jar:/Users/patrickbernard/.m2/repository/commons-collections/commons-collections/3.2.2/commons-collections-3.2.2.jar:/Users/patrickbernard/.m2/repository/commons-fileupload/commons-fileupload/1.5/commons-fileupload-1.5.jar:/Users/patrickbernard/.m2/repository/commons-io/commons-io/2.13.0/commons-io-2.13.0.jar:/Users/patrickbernard/.m2/repository/commons-jelly/commons-jelly-tags-fmt/1.0/commons-jelly-tags-fmt-1.0.jar:/Users/patrickbernard/.m2/repository/commons-jelly/commons-jelly-tags-xml/1.1/commons-jelly-tags-xml-1.1.jar:/Users/patrickbernard/.m2/repository/commons-lang/commons-lang/2.6/commons-lang-2.6.jar:/Users/patrickbernard/.m2/repository/io/jenkins/stapler/jenkins-stapler-support/1.1/jenkins-stapler-support-1.1.jar:/Users/patrickbernard/.m2/repository/jakarta/servlet/jsp/jstl/jakarta.servlet.jsp.jstl-api/1.2.7/jakarta.servlet.jsp.jstl-api-1.2.7.jar:/Users/patrickbernard/.m2/repository/jaxen/jaxen/2.0.0/jaxen-2.0.0.jar:/Users/patrickbernard/.m2/repository/jline/jline/2.14.6/jline-2.14.6.jar:/Users/patrickbernard/.m2/repository/net/java/dev/jna/jna/5.13.0/jna-5.13.0.jar:/Users/patrickbernard/.m2/repository/net/java/sezpoz/sezpoz/1.13/sezpoz-1.13.jar:/Users/patrickbernard/.m2/repository/net/jcip/jcip-annotations/1.0/jcip-annotations-1.0.jar:/Users/patrickbernard/.m2/repository/net/sf/kxml/kxml2/2.3.0/kxml2-2.3.0.jar:/Users/patrickbernard/.m2/repository/org/antlr/antlr4-runtime/4.13.0/antlr4-runtime-4.13.0.jar:/Users/patrickbernard/.m2/repository/org/apache/ant/ant/1.10.13/ant-1.10.13.jar:/Users/patrickbernard/.m2/repository/org/apache/ant/ant-launcher/1.10.13/ant-launcher-1.10.13.jar:/Users/patrickbernard/.m2/repository/org/apache/commons/commons-compress/1.24.0/commons-compress-1.24.0.jar:/Users/patrickbernard/.m2/repository/org/codehaus/groovy/groovy-all/2.4.21/groovy-all-2.4.21.jar:/Users/patrickbernard/.m2/repository/org/connectbot/jbcrypt/jbcrypt/1.0.0/jbcrypt-1.0.0.jar:/Users/patrickbernard/.m2/repository/org/fusesource/jansi/jansi/1.11/jansi-1.11.jar:/Users/patrickbernard/.m2/repository/org/jenkins-ci/annotation-indexer/1.17/annotation-indexer-1.17.jar:/Users/patrickbernard/.m2/repository/org/jenkins-ci/commons-jexl/1.1-jenkins-20111212/commons-jexl-1.1-jenkins-20111212.jar:/Users/patrickbernard/.m2/repository/org/jenkins-ci/crypto-util/1.9/crypto-util-1.9.jar:/Users/patrickbernard/.m2/repository/org/jenkins-ci/memory-monitor/1.12/memory-monitor-1.12.jar:/Users/patrickbernard/.m2/repository/org/jenkins-ci/symbol-annotation/1.24/symbol-annotation-1.24.jar:/Users/patrickbernard/.m2/repository/org/jenkins-ci/task-reactor/1.8/task-reactor-1.8.jar:/Users/patrickbernard/.m2/repository/org/jenkins-ci/version-number/1.11/version-number-1.11.jar:/Users/patrickbernard/.m2/repository/org/jenkins-ci/main/websocket-spi/2.414.3/websocket-spi-2.414.3.jar:/Users/patrickbernard/.m2/repository/org/jfree/jfreechart/1.0.19/jfreechart-1.0.19.jar:/Users/patrickbernard/.m2/repository/org/jfree/jcommon/1.0.23/jcommon-1.0.23.jar:/Users/patrickbernard/.m2/repository/org/jvnet/hudson/commons-jelly-tags-define/1.1-jenkins-20230124/commons-jelly-tags-define-1.1-jenkins-20230124.jar:/Users/patrickbernard/.m2/repository/org/jenkins-ci/commons-jelly/1.1-jenkins-20230124/commons-jelly-1.1-jenkins-20230124.jar:/Users/patrickbernard/.m2/repository/org/jvnet/localizer/localizer/1.31/localizer-1.31.jar:/Users/patrickbernard/.m2/repository/org/jvnet/robust-http-client/robust-http-client/1.2/robust-http-client-1.2.jar:/Users/patrickbernard/.m2/repository/org/jvnet/winp/winp/1.30/winp-1.30.jar:/Users/patrickbernard/.m2/repository/org/kohsuke/access-modifier-annotation/1.32/access-modifier-annotation-1.32.jar:/Users/patrickbernard/.m2/repository/org/kohsuke/windows-package-checker/1.2/windows-package-checker-1.2.jar:/Users/patrickbernard/.m2/repository/org/kohsuke/jinterop/j-interop/2.0.8-kohsuke-1/j-interop-2.0.8-kohsuke-1.jar:/Users/patrickbernard/.m2/repository/org/kohsuke/jinterop/j-interopdeps/2.0.8-kohsuke-1/j-interopdeps-2.0.8-kohsuke-1.jar:/Users/patrickbernard/.m2/repository/org/samba/jcifs/jcifs/1.3.18-kohsuke-1/jcifs-1.3.18-kohsuke-1.jar:/Users/patrickbernard/.m2/repository/org/kohsuke/stapler/json-lib/2.4-jenkins-3/json-lib-2.4-jenkins-3.jar:/Users/patrickbernard/.m2/repository/net/sf/ezmorph/ezmorph/1.0.6/ezmorph-1.0.6.jar:/Users/patrickbernard/.m2/repository/org/kohsuke/stapler/stapler/1785.1787.v44b_5610a_7c4a_/stapler-1785.1787.v44b_5610a_7c4a_.jar:/Users/patrickbernard/.m2/repository/commons-discovery/commons-discovery/0.5/commons-discovery-0.5.jar:/Users/patrickbernard/.m2/repository/jakarta/annotation/jakarta.annotation-api/2.1.1/jakarta.annotation-api-2.1.1.jar:/Users/patrickbernard/.m2/repository/javax/annotation/javax.annotation-api/1.3.2/javax.annotation-api-1.3.2.jar:/Users/patrickbernard/.m2/repository/org/jvnet/tiger-types/2.2/tiger-types-2.2.jar:/Users/patrickbernard/.m2/repository/org/kohsuke/stapler/stapler-adjunct-codemirror/1.3/stapler-adjunct-codemirror-1.3.jar:/Users/patrickbernard/.m2/repository/org/kohsuke/stapler/stapler-adjunct-timeline/1.5/stapler-adjunct-timeline-1.5.jar:/Users/patrickbernard/.m2/repository/org/kohsuke/stapler/stapler-groovy/1785.1787.v44b_5610a_7c4a_/stapler-groovy-1785.1787.v44b_5610a_7c4a_.jar:/Users/patrickbernard/.m2/repository/org/kohsuke/stapler/stapler-jelly/1785.1787.v44b_5610a_7c4a_/stapler-jelly-1785.1787.v44b_5610a_7c4a_.jar:/Users/patrickbernard/.m2/repository/org/dom4j/dom4j/2.1.4/dom4j-2.1.4.jar:/Users/patrickbernard/.m2/repository/org/ow2/asm/asm/9.5/asm-9.5.jar:/Users/patrickbernard/.m2/repository/org/ow2/asm/asm-analysis/9.5/asm-analysis-9.5.jar:/Users/patrickbernard/.m2/repository/org/ow2/asm/asm-commons/9.5/asm-commons-9.5.jar:/Users/patrickbernard/.m2/repository/org/ow2/asm/asm-tree/9.5/asm-tree-9.5.jar:/Users/patrickbernard/.m2/repository/org/ow2/asm/asm-util/9.5/asm-util-9.5.jar:/Users/patrickbernard/.m2/repository/org/slf4j/jcl-over-slf4j/2.0.7/jcl-over-slf4j-2.0.7.jar:/Users/patrickbernard/.m2/repository/org/slf4j/slf4j-api/2.0.7/slf4j-api-2.0.7.jar:/Users/patrickbernard/.m2/repository/org/slf4j/log4j-over-slf4j/2.0.7/log4j-over-slf4j-2.0.7.jar:/Users/patrickbernard/.m2/repository/org/springframework/security/spring-security-web/5.8.4/spring-security-web-5.8.4.jar:/Users/patrickbernard/.m2/repository/org/springframework/security/spring-security-core/5.8.4/spring-security-core-5.8.4.jar:/Users/patrickbernard/.m2/repository/org/springframework/security/spring-security-crypto/5.8.4/spring-security-crypto-5.8.4.jar:/Users/patrickbernard/.m2/repository/org/springframework/spring-core/5.3.28/spring-core-5.3.28.jar:/Users/patrickbernard/.m2/repository/org/springframework/spring-aop/5.3.28/spring-aop-5.3.28.jar:/Users/patrickbernard/.m2/repository/org/springframework/spring-beans/5.3.28/spring-beans-5.3.28.jar:/Users/patrickbernard/.m2/repository/org/springframework/spring-context/5.3.28/spring-context-5.3.28.jar:/Users/patrickbernard/.m2/repository/org/springframework/spring-expression/5.3.28/spring-expression-5.3.28.jar:/Users/patrickbernard/.m2/repository/org/springframework/spring-web/5.3.28/spring-web-5.3.28.jar:/Users/patrickbernard/.m2/repository/xpp3/xpp3/1.1.4c/xpp3-1.1.4c.jar:/Users/patrickbernard/.m2/repository/org/jenkins-ci/main/jenkins-war/2.414.3/jenkins-war-2.414.3.war:/Users/patrickbernard/.m2/repository/org/jenkins-ci/main/websocket-jetty10/2.414.3/websocket-jetty10-2.414.3.jar:/Users/patrickbernard/.m2/repository/org/slf4j/slf4j-jdk14/2.0.7/slf4j-jdk14-2.0.7.jar:/Users/patrickbernard/.m2/repository/jakarta/servlet/jakarta.servlet-api/4.0.4/jakarta.servlet-api-4.0.4.jar:/Users/patrickbernard/.m2/repository/commons-logging/commons-logging/1.2/commons-logging-1.2.jar:/Users/patrickbernard/.m2/repository/org/jenkins-ci/main/jenkins-test-harness/2129.v09f309d2339c/jenkins-test-harness-2129.v09f309d2339c.jar:/Users/patrickbernard/.m2/repository/io/jenkins/lib/support-log-formatter/1.2/support-log-formatter-1.2.jar:/Users/patrickbernard/.m2/repository/junit/junit/4.13.2/junit-4.13.2.jar:/Users/patrickbernard/.m2/repository/org/hamcrest/hamcrest-core/2.2/hamcrest-core-2.2.jar:/Users/patrickbernard/.m2/repository/org/eclipse/jetty/jetty-security/10.0.18/jetty-security-10.0.18.jar:/Users/patrickbernard/.m2/repository/org/eclipse/jetty/jetty-server/10.0.18/jetty-server-10.0.18.jar:/Users/patrickbernard/.m2/repository/org/eclipse/jetty/jetty-http/10.0.18/jetty-http-10.0.18.jar:/Users/patrickbernard/.m2/repository/org/eclipse/jetty/jetty-io/10.0.18/jetty-io-10.0.18.jar:/Users/patrickbernard/.m2/repository/org/eclipse/jetty/jetty-webapp/10.0.18/jetty-webapp-10.0.18.jar:/Users/patrickbernard/.m2/repository/org/eclipse/jetty/jetty-servlet/10.0.18/jetty-servlet-10.0.18.jar:/Users/patrickbernard/.m2/repository/org/eclipse/jetty/jetty-xml/10.0.18/jetty-xml-10.0.18.jar:/Users/patrickbernard/.m2/repository/org/eclipse/jetty/jetty-util/10.0.18/jetty-util-10.0.18.jar:/Users/patrickbernard/.m2/repository/org/eclipse/jetty/websocket/websocket-jetty-server/10.0.18/websocket-jetty-server-10.0.18.jar:/Users/patrickbernard/.m2/repository/org/eclipse/jetty/websocket/websocket-jetty-api/10.0.18/websocket-jetty-api-10.0.18.jar:/Users/patrickbernard/.m2/repository/org/eclipse/jetty/websocket/websocket-jetty-common/10.0.18/websocket-jetty-common-10.0.18.jar:/Users/patrickbernard/.m2/repository/org/eclipse/jetty/websocket/websocket-core-common/10.0.18/websocket-core-common-10.0.18.jar:/Users/patrickbernard/.m2/repository/org/eclipse/jetty/websocket/websocket-servlet/10.0.18/websocket-servlet-10.0.18.jar:/Users/patrickbernard/.m2/repository/org/eclipse/jetty/websocket/websocket-core-server/10.0.18/websocket-core-server-10.0.18.jar:/Users/patrickbernard/.m2/repository/org/eclipse/jetty/toolchain/jetty-servlet-api/4.0.6/jetty-servlet-api-4.0.6.jar:/Users/patrickbernard/.m2/repository/org/hamcrest/hamcrest/2.2/hamcrest-2.2.jar:/Users/patrickbernard/.m2/repository/org/jenkins-ci/main/jenkins-test-harness-htmlunit/164.v87e5a_1809c10/jenkins-test-harness-htmlunit-164.v87e5a_1809c10.jar:/Users/patrickbernard/.m2/repository/org/junit/jupiter/junit-jupiter-api/5.10.1/junit-jupiter-api-5.10.1.jar:/Users/patrickbernard/.m2/repository/org/opentest4j/opentest4j/1.3.0/opentest4j-1.3.0.jar:/Users/patrickbernard/.m2/repository/org/junit/platform/junit-platform-commons/1.10.1/junit-platform-commons-1.10.1.jar:/Users/patrickbernard/.m2/repository/org/netbeans/modules/org-netbeans-insane/RELEASE200/org-netbeans-insane-RELEASE200.jar:/Users/patrickbernard/.m2/repository/org/openjdk/jmh/jmh-core/1.37/jmh-core-1.37.jar:/Users/patrickbernard/.m2/repository/net/sf/jopt-simple/jopt-simple/5.0.4/jopt-simple-5.0.4.jar:/Users/patrickbernard/.m2/repository/org/apache/commons/commons-math3/3.6.1/commons-math3-3.6.1.jar:/Users/patrickbernard/.m2/repository/org/openjdk/jmh/jmh-generator-annprocess/1.37/jmh-generator-annprocess-1.37.jar:/Users/patrickbernard/.m2/repository/org/jenkins-ci/test-annotations/1.4/test-annotations-1.4.jar:/Users/patrickbernard/.m2/repository/org/junit/jupiter/junit-jupiter/5.10.1/junit-jupiter-5.10.1.jar:/Users/patrickbernard/.m2/repository/org/junit/jupiter/junit-jupiter-params/5.10.1/junit-jupiter-params-5.10.1.jar:/Users/patrickbernard/.m2/repository/org/junit/jupiter/junit-jupiter-engine/5.10.1/junit-jupiter-engine-5.10.1.jar:/Users/patrickbernard/.m2/repository/org/junit/vintage/junit-vintage-engine/5.10.1/junit-vintage-engine-5.10.1.jar:/Users/patrickbernard/.m2/repository/org/junit/platform/junit-platform-engine/1.10.1/junit-platform-engine-1.10.1.jar:/Users/patrickbernard/.m2/repository/org/apiguardian/apiguardian-api/1.1.2/apiguardian-api-1.1.2.jar:"/>
    <property name="sun.cpu.endian" value="little"/>
    <property name="mail.smtps.sendpartial" value="true"/>
    <property name="user.home" value="/Users/patrickbernard"/>
    <property name="user.language" value="fr"/>
    <property name="java.specification.vendor" value="Oracle Corporation"/>
    <property name="java.version.date" value="2023-10-17"/>
    <property name="java.home" value="/usr/local/Cellar/openjdk/21.0.1/libexec/openjdk.jdk/Contents/Home"/>
    <property name="surefire.forkNumber" value="1"/>
    <property name="file.separator" value="/"/>
    <property name="basedir" value="/Users/patrickbernard/Documents/Projet-SI/demo_plugin_jenkins/demo-plugin"/>
    <property name="java.vm.compressedOopsMode" value="Zero based"/>
    <property name="line.separator" value="&#10;"/>
    <property name="java.vm.specification.vendor" value="Oracle Corporation"/>
    <property name="java.specification.name" value="Java Platform API Specification"/>
    <property name="java.awt.headless" value="true"/>
    <property name="org.eclipse.jetty.server.Request.maxFormContentSize" value="-1"/>
    <property name="apple.awt.application.name" value="ForkedBooter"/>
    <property name="surefire.real.class.path" value="/Users/patrickbernard/Documents/Projet-SI/demo_plugin_jenkins/demo-plugin/target/surefire/surefirebooter-20240115135453331_3.jar"/>
    <property name="sun.management.compiler" value="HotSpot 64-Bit Tiered Compilers"/>
    <property name="ftp.nonProxyHosts" value="local|*.local|169.254/16|*.169.254/16"/>
    <property name="java.runtime.version" value="21.0.1"/>
    <property name="user.name" value="patrickbernard"/>
    <property name="stdout.encoding" value="UTF-8"/>
    <property name="path.separator" value=":"/>
    <property name="os.version" value="12.7.1"/>
    <property name="java.runtime.name" value="OpenJDK Runtime Environment"/>
    <property name="file.encoding" value="UTF-8"/>
    <property name="jnidispatch.path" value="/Users/patrickbernard/Library/Caches/JNA/temp/jna3969868882636210484.tmp"/>
    <property name="java.vm.name" value="OpenJDK 64-Bit Server VM"/>
    <property name="jna.platform.library.path" value="/usr/lib:/usr/lib"/>
    <property name="java.vendor.version" value="Homebrew"/>
    <property name="mail.smtp.sendpartial" value="true"/>
    <property name="localRepository" value="/Users/patrickbernard/.m2/repository"/>
    <property name="jna.loaded" value="true"/>
    <property name="java.vendor.url.bug" value="https://github.com/Homebrew/homebrew-core/issues"/>
    <property name="jetty.git.hash" value="8545fd9bf4cd0d0838f626b405fd4963441546b7"/>
    <property name="java.io.tmpdir" value="/Users/patrickbernard/Documents/Projet-SI/demo_plugin_jenkins/demo-plugin/target/tmp"/>
    <property name="java.version" value="21.0.1"/>
    <property name="user.dir" value="/Users/patrickbernard/Documents/Projet-SI/demo_plugin_jenkins/demo-plugin"/>
    <property name="os.arch" value="x86_64"/>
    <property name="jenkins.model.Jenkins.SHOW_STACK_TRACE" value="true"/>
    <property name="java.vm.specification.name" value="Java Virtual Machine Specification"/>
    <property name="native.encoding" value="UTF-8"/>
    <property name="java.library.path" value="/Users/patrickbernard/Library/Java/Extensions:/Library/Java/Extensions:/Network/Library/Java/Extensions:/System/Library/Java/Extensions:/usr/lib/java:."/>
    <property name="java.vm.info" value="mixed mode, emulated-client"/>
    <property name="stderr.encoding" value="UTF-8"/>
    <property name="java.vendor" value="Homebrew"/>
    <property name="java.vm.version" value="21.0.1"/>
    <property name="sun.io.unicode.encoding" value="UnicodeBig"/>
    <property name="socksNonProxyHosts" value="local|*.local|169.254/16|*.169.254/16"/>
    <property name="java.class.version" value="65.0"/>
  </properties>
  <testcase name="" classname="org.jvnet.hudson.test.JellyTestSuiteBuilder$JellyCheck" time="0.199">
    <system-out><![CDATA[Running tests for io.jenkins.plugins:demo:1.0-SNAPSHOT
]]></system-out>
    <system-err><![CDATA[Jan 15, 2024 1:54:56 PM org.jvnet.hudson.test.WarExploder explode
INFO: Picking up existing exploded jenkins.war at /Users/patrickbernard/Documents/Projet-SI/demo_plugin_jenkins/demo-plugin/target/jenkins-for-test
Jan 15, 2024 1:54:56 PM org.eclipse.jetty.server.handler.ContextHandler setContextPath
WARNING: Empty contextPath
Jan 15, 2024 1:54:56 PM org.eclipse.jetty.server.Server doStart
INFO: jetty-10.0.18; built: 2023-10-27T01:59:58.245Z; git: 8545fd9bf4cd0d0838f626b405fd4963441546b7; jvm 21.0.1
Jan 15, 2024 1:54:56 PM org.eclipse.jetty.webapp.StandardDescriptorProcessor visitServlet
INFO: NO JSP Support for /, did not find org.eclipse.jetty.jsp.JettyJspServlet
Jan 15, 2024 1:54:56 PM org.eclipse.jetty.server.session.DefaultSessionIdManager doStart
INFO: Session workerName=node0
Jan 15, 2024 1:54:57 PM org.eclipse.jetty.server.handler.ContextHandler doStart
INFO: Started o.e.j.w.WebAppContext@45f421c{Jenkins v2.414.3,/,file:///Users/patrickbernard/Documents/Projet-SI/demo_plugin_jenkins/demo-plugin/target/jenkins-for-test/,AVAILABLE}{/Users/patrickbernard/Documents/Projet-SI/demo_plugin_jenkins/demo-plugin/target/jenkins-for-test}
Jan 15, 2024 1:54:57 PM org.eclipse.jetty.server.AbstractConnector doStart
INFO: Started ServerConnector@293cde83{HTTP/1.1, (http/1.1)}{localhost:49404}
Jan 15, 2024 1:54:57 PM org.eclipse.jetty.server.Server doStart
INFO: Started Server@6dd91637{STARTING}[10.0.18,sto=0] @3583ms
Jan 15, 2024 1:54:57 PM jenkins.InitReactorRunner$1 onAttained
INFO: Started initialization
Jan 15, 2024 1:54:58 PM hudson.PluginManager considerDetachedPlugin
INFO: Loading a detached plugin as a dependency: /var/folders/ws/0tdbtlfd7r56xfqy510dc6880000gn/T/jenkins15166506337720786583/plugins/javax-activation-api.jpi
Jan 15, 2024 1:54:58 PM hudson.PluginManager considerDetachedPlugin
INFO: Loading a detached plugin as a dependency: /var/folders/ws/0tdbtlfd7r56xfqy510dc6880000gn/T/jenkins15166506337720786583/plugins/javax-mail-api.jpi
Jan 15, 2024 1:54:58 PM jenkins.InitReactorRunner$1 onAttained
INFO: Listed all plugins
Jan 15, 2024 1:54:58 PM jenkins.bouncycastle.api.BouncyCastlePlugin start
INFO: /Users/patrickbernard/Documents/Projet-SI/demo_plugin_jenkins/demo-plugin/target/tmp/j h10707172902765894077/plugins/bouncycastle-api/WEB-INF/optional-lib not found; for non RealJenkinsRule this is fine and can be ignored.
Jan 15, 2024 1:55:00 PM jenkins.InitReactorRunner$1 onAttained
INFO: Prepared all plugins
Jan 15, 2024 1:55:00 PM jenkins.InitReactorRunner$1 onAttained
INFO: Started all plugins
Jan 15, 2024 1:55:00 PM jenkins.InitReactorRunner$1 onAttained
INFO: Augmented all extensions
Jan 15, 2024 1:55:01 PM jenkins.InitReactorRunner$1 onAttained
INFO: System config loaded
Jan 15, 2024 1:55:01 PM jenkins.InitReactorRunner$1 onAttained
INFO: System config adapted
Jan 15, 2024 1:55:01 PM jenkins.InitReactorRunner$1 onAttained
INFO: Loaded all jobs
Jan 15, 2024 1:55:01 PM jenkins.InitReactorRunner$1 onAttained
INFO: Configuration for all jobs updated
Jan 15, 2024 1:55:02 PM jenkins.InitReactorRunner$1 onAttained
INFO: Completed initialization
Jan 15, 2024 1:55:02 PM org.eclipse.jetty.server.Server doStart
INFO: jetty-10.0.18; built: 2023-10-27T01:59:58.245Z; git: 8545fd9bf4cd0d0838f626b405fd4963441546b7; jvm 21.0.1
Jan 15, 2024 1:55:02 PM org.eclipse.jetty.server.session.DefaultSessionIdManager doStart
INFO: Session workerName=node0
Jan 15, 2024 1:55:02 PM org.eclipse.jetty.server.handler.ContextHandler doStart
INFO: Started o.e.j.s.ServletContextHandler@5ad5be4a{/,null,AVAILABLE}
Jan 15, 2024 1:55:02 PM org.eclipse.jetty.server.AbstractConnector doStart
INFO: Started ServerConnector@737d100a{HTTP/1.1, (http/1.1)}{0.0.0.0:49406}
Jan 15, 2024 1:55:02 PM org.eclipse.jetty.server.Server doStart
INFO: Started Server@6535117e{STARTING}[10.0.18,sto=0] @8797ms
]]></system-err>
  </testcase>
  <testcase name="" classname="org.jvnet.hudson.test.JellyTestSuiteBuilder$JellyCheck" time="0.003"/>
  <testcase name="" classname="org.jvnet.hudson.test.JellyTestSuiteBuilder$JellyCheck" time="0.103"/>
  <testcase name="testCliSanity" classname="InjectedTest" time="0.012"/>
  <testcase name="testPluginActive" classname="InjectedTest" time="0.001"/>
  <testcase name="" classname="org.jvnet.hudson.test.junit.FailedTest" time="0.0">
    <system-err><![CDATA[Jan 15, 2024 1:55:05 PM org.eclipse.jetty.server.Server doStop
INFO: Stopped Server@6dd91637{STOPPING}[10.0.18,sto=0]
Jan 15, 2024 1:55:05 PM org.eclipse.jetty.server.AbstractConnector doStop
INFO: Stopped ServerConnector@293cde83{HTTP/1.1, (http/1.1)}{localhost:0}
Jan 15, 2024 1:55:05 PM org.eclipse.jetty.server.handler.ContextHandler doStop
INFO: Stopped o.e.j.w.WebAppContext@45f421c{Jenkins v2.414.3,/,file:///Users/patrickbernard/Documents/Projet-SI/demo_plugin_jenkins/demo-plugin/target/jenkins-for-test/,STOPPED}{/Users/patrickbernard/Documents/Projet-SI/demo_plugin_jenkins/demo-plugin/target/jenkins-for-test}
Jan 15, 2024 1:55:05 PM hudson.lifecycle.Lifecycle onStatusUpdate
INFO: Stopping Jenkins
Jan 15, 2024 1:55:05 PM hudson.lifecycle.Lifecycle onStatusUpdate
INFO: Jenkins stopped
Jan 15, 2024 1:55:05 PM org.jvnet.hudson.test.TemporaryDirectoryAllocator dispose
INFO: deleting /Users/patrickbernard/Documents/Projet-SI/demo_plugin_jenkins/demo-plugin/target/tmp/j h10707172902765894077
]]></system-err>
  </testcase>
  <testcase name="" classname="org.jvnet.hudson.test.PropertiesTestSuite$PropertiesTest" time="0.002"/>
  <testcase name="" classname="org.jvnet.hudson.test.PropertiesTestSuite$PropertiesTest" time="0.001"/>
  <testcase name="" classname="org.jvnet.hudson.test.PropertiesTestSuite$PropertiesTest" time="0.002"/>
  <testcase name="" classname="org.jvnet.hudson.test.PropertiesTestSuite$PropertiesTest" time="0.002"/>
  <testcase name="" classname="org.jvnet.hudson.test.PropertiesTestSuite$PropertiesTest" time="0.001"/>
  <testcase name="" classname="org.jvnet.hudson.test.PropertiesTestSuite$PropertiesTest" time="0.002"/>
  <testcase name="" classname="org.jvnet.hudson.test.PropertiesTestSuite$PropertiesTest" time="0.003"/>
  <testcase name="" classname="org.jvnet.hudson.test.PropertiesTestSuite$PropertiesTest" time="0.002"/>
  <testcase name="" classname="org.jvnet.hudson.test.PropertiesTestSuite$PropertiesTest" time="0.002"/>
  <testcase name="" classname="org.jvnet.hudson.test.PropertiesTestSuite$PropertiesTest" time="0.001"/>
  <testcase name="" classname="org.jvnet.hudson.test.PropertiesTestSuite$PropertiesTest" time="0.002"/>
</testsuite>