<?xml version="1.0" encoding="UTF-8"?>
<testsuite xmlns:xsi="http://www.w3.org/2001/XMLSchema-instance" xsi:noNamespaceSchemaLocation="https://maven.apache.org/surefire/maven-surefire-plugin/xsd/surefire-test-report-3.0.xsd" version="3.0" name="io.jenkins.plugins.sample.HelloWorldBuilderTest" time="37.717" tests="5" errors="2" skipped="0" failures="1">
  <properties>
    <property name="java.specification.version" value="21"/>
    <property name="sun.jnu.encoding" value="UTF-8"/>
    <property name="sun.awt.enableExtraMouseButtons" value="true"/>
    <property name="java.class.path" value="/Users/patrickbernard/Documents/Projet-SI/demo_plugin_jenkins/demo-plugin/target/test-classes:/Users/patrickbernard/Documents/Projet-SI/demo_plugin_jenkins/demo-plugin/target/classes:/Users/patrickbernard/.m2/repository/org/jenkins-ci/plugins/structs/325.vcb_307d2a_2782/structs-325.vcb_307d2a_2782.jar:/Users/patrickbernard/.m2/repository/org/jenkins-ci/plugins/workflow/workflow-basic-steps/1042.ve7b_140c4a_e0c/workflow-basic-steps-1042.ve7b_140c4a_e0c.jar:/Users/patrickbernard/.m2/repository/org/jenkins-ci/plugins/workflow/workflow-step-api/639.v6eca_cd8c04a_a_/workflow-step-api-639.v6eca_cd8c04a_a_.jar:/Users/patrickbernard/.m2/repository/org/jenkins-ci/plugins/mailer/463.vedf8358e006b_/mailer-463.vedf8358e006b_.jar:/Users/patrickbernard/.m2/repository/org/jenkins-ci/plugins/display-url-api/2.200.vb_9327d658781/display-url-api-2.200.vb_9327d658781.jar:/Users/patrickbernard/.m2/repository/org/jenkins-ci/modules/instance-identity/185.v303dc7c645f9/instance-identity-185.v303dc7c645f9.jar:/Users/patrickbernard/.m2/repository/org/jenkins-ci/plugins/bouncycastle-api/2.30.1.77-225.v26ea_c9455fd9/bouncycastle-api-2.30.1.77-225.v26ea_c9455fd9.jar:/Users/patrickbernard/.m2/repository/org/bouncycastle/bcpkix-jdk18on/1.77/bcpkix-jdk18on-1.77.jar:/Users/patrickbernard/.m2/repository/org/bouncycastle/bcprov-jdk18on/1.77/bcprov-jdk18on-1.77.jar:/Users/patrickbernard/.m2/repository/org/bouncycastle/bcutil-jdk18on/1.77/bcutil-jdk18on-1.77.jar:/Users/patrickbernard/.m2/repository/org/jenkins-ci/plugins/workflow/workflow-api/1283.v99c10937efcb_/workflow-api-1283.v99c10937efcb_.jar:/Users/patrickbernard/.m2/repository/org/jenkins-ci/plugins/apache-httpcomponents-client-4-api/4.5.14-208.v438351942757/apache-httpcomponents-client-4-api-4.5.14-208.v438351942757.jar:/Users/patrickbernard/.m2/repository/org/apache/httpcomponents/fluent-hc/4.5.14/fluent-hc-4.5.14.jar:/Users/patrickbernard/.m2/repository/org/apache/httpcomponents/httpasyncclient/4.1.5/httpasyncclient-4.1.5.jar:/Users/patrickbernard/.m2/repository/org/apache/httpcomponents/httpasyncclient-cache/4.1.5/httpasyncclient-cache-4.1.5.jar:/Users/patrickbernard/.m2/repository/org/apache/httpcomponents/httpclient/4.5.14/httpclient-4.5.14.jar:/Users/patrickbernard/.m2/repository/org/apache/httpcomponents/httpclient-cache/4.5.14/httpclient-cache-4.5.14.jar:/Users/patrickbernard/.m2/repository/org/apache/httpcomponents/httpcore/4.4.16/httpcore-4.4.16.jar:/Users/patrickbernard/.m2/repository/org/apache/httpcomponents/httpcore-nio/4.4.16/httpcore-nio-4.4.16.jar:/Users/patrickbernard/.m2/repository/org/apache/httpcomponents/httpmime/4.5.14/httpmime-4.5.14.jar:/Users/patrickbernard/.m2/repository/io/jenkins/plugins/jakarta-mail-api/2.0.1-3/jakarta-mail-api-2.0.1-3.jar:/Users/patrickbernard/.m2/repository/com/sun/mail/jakarta.mail/2.0.1/jakarta.mail-2.0.1.jar:/Users/patrickbernard/.m2/repository/io/jenkins/plugins/jakarta-activation-api/2.0.1-3/jakarta-activation-api-2.0.1-3.jar:/Users/patrickbernard/.m2/repository/com/sun/activation/jakarta.activation/2.0.1/jakarta.activation-2.0.1.jar:/Users/patrickbernard/.m2/repository/org/jenkins-ci/plugins/workflow/workflow-cps/3826.v3b_5707fe44da_/workflow-cps-3826.v3b_5707fe44da_.jar:/Users/patrickbernard/.m2/repository/io/jenkins/plugins/ionicons-api/56.v1b_1c8c49374e/ionicons-api-56.v1b_1c8c49374e.jar:/Users/patrickbernard/.m2/repository/org/jenkins-ci/plugins/workflow/workflow-support/865.v43e78cc44e0d/workflow-support-865.v43e78cc44e0d.jar:/Users/patrickbernard/.m2/repository/io/jenkins/plugins/caffeine-api/3.1.8-133.v17b_1ff2e0599/caffeine-api-3.1.8-133.v17b_1ff2e0599.jar:/Users/patrickbernard/.m2/repository/com/github/ben-manes/caffeine/caffeine/3.1.8/caffeine-3.1.8.jar:/Users/patrickbernard/.m2/repository/org/jboss/marshalling/jboss-marshalling-river/2.1.2.Final/jboss-marshalling-river-2.1.2.Final.jar:/Users/patrickbernard/.m2/repository/org/jboss/marshalling/jboss-marshalling/2.1.2.Final/jboss-marshalling-2.1.2.Final.jar:/Users/patrickbernard/.m2/repository/org/jenkins-ci/plugins/workflow/workflow-scm-step/415.v434365564324/workflow-scm-step-415.v434365564324.jar:/Users/patrickbernard/.m2/repository/org/jenkins-ci/plugins/script-security/1294.v99333c047434/script-security-1294.v99333c047434.jar:/Users/patrickbernard/.m2/repository/org/kohsuke/groovy-sandbox/1.33/groovy-sandbox-1.33.jar:/Users/patrickbernard/.m2/repository/org/jenkins-ci/plugins/scm-api/676.v886669a_199a_a_/scm-api-676.v886669a_199a_a_.jar:/Users/patrickbernard/.m2/repository/com/cloudbees/groovy-cps/3826.v3b_5707fe44da_/groovy-cps-3826.v3b_5707fe44da_.jar:/Users/patrickbernard/.m2/repository/com/cloudbees/diff4j/1.3/diff4j-1.3.jar:/Users/patrickbernard/.m2/repository/org/jenkins-ci/plugins/workflow/workflow-durable-task-step/1313.vcb_970b_d2a_fb_3/workflow-durable-task-step-1313.vcb_970b_d2a_fb_3.jar:/Users/patrickbernard/.m2/repository/org/jenkins-ci/plugins/durable-task/523.va_a_22cf15d5e0/durable-task-523.va_a_22cf15d5e0.jar:/Users/patrickbernard/.m2/repository/io/jenkins/plugins/lib-durable-task/40.vc66cf8fb_4613/lib-durable-task-40.vc66cf8fb_4613.jar:/Users/patrickbernard/.m2/repository/org/jenkins-ci/plugins/workflow/workflow-job/1385.vb_58b_86ea_fff1/workflow-job-1385.vb_58b_86ea_fff1.jar:/Users/patrickbernard/.m2/repository/org/jenkins-ci/main/jenkins-core/2.414.3/jenkins-core-2.414.3.jar:/Users/patrickbernard/.m2/repository/org/jenkins-ci/main/cli/2.414.3/cli-2.414.3.jar:/Users/patrickbernard/.m2/repository/org/jenkins-ci/main/remoting/3131.vf2b_b_798b_ce99/remoting-3131.vf2b_b_798b_ce99.jar:/Users/patrickbernard/.m2/repository/args4j/args4j/2.33/args4j-2.33.jar:/Users/patrickbernard/.m2/repository/com/github/spotbugs/spotbugs-annotations/4.7.3/spotbugs-annotations-4.7.3.jar:/Users/patrickbernard/.m2/repository/com/google/guava/guava/32.1.1-jre/guava-32.1.1-jre.jar:/Users/patrickbernard/.m2/repository/com/google/guava/failureaccess/1.0.1/failureaccess-1.0.1.jar:/Users/patrickbernard/.m2/repository/com/google/guava/listenablefuture/9999.0-empty-to-avoid-conflict-with-guava/listenablefuture-9999.0-empty-to-avoid-conflict-with-guava.jar:/Users/patrickbernard/.m2/repository/com/google/code/findbugs/jsr305/3.0.1/jsr305-3.0.1.jar:/Users/patrickbernard/.m2/repository/com/google/inject/guice/6.0.0/guice-6.0.0.jar:/Users/patrickbernard/.m2/repository/javax/inject/javax.inject/1/javax.inject-1.jar:/Users/patrickbernard/.m2/repository/jakarta/inject/jakarta.inject-api/2.0.1/jakarta.inject-api-2.0.1.jar:/Users/patrickbernard/.m2/repository/com/infradna/tool/bridge-method-annotation/1.27/bridge-method-annotation-1.27.jar:/Users/patrickbernard/.m2/repository/com/jcraft/jzlib/1.1.3-kohsuke-1/jzlib-1.1.3-kohsuke-1.jar:/Users/patrickbernard/.m2/repository/com/sun/solaris/embedded_su4j/1.1/embedded_su4j-1.1.jar:/Users/patrickbernard/.m2/repository/com/sun/xml/txw2/txw2/20110809/txw2-20110809.jar:/Users/patrickbernard/.m2/repository/relaxngDatatype/relaxngDatatype/20020414/relaxngDatatype-20020414.jar:/Users/patrickbernard/.m2/repository/com/thoughtworks/xstream/xstream/1.4.20/xstream-1.4.20.jar:/Users/patrickbernard/.m2/repository/io/github/x-stream/mxparser/1.2.2/mxparser-1.2.2.jar:/Users/patrickbernard/.m2/repository/commons-beanutils/commons-beanutils/1.9.4/commons-beanutils-1.9.4.jar:/Users/patrickbernard/.m2/repository/commons-codec/commons-codec/1.16.0/commons-codec-1.16.0.jar:/Users/patrickbernard/.m2/repository/commons-collections/commons-collections/3.2.2/commons-collections-3.2.2.jar:/Users/patrickbernard/.m2/repository/commons-fileupload/commons-fileupload/1.5/commons-fileupload-1.5.jar:/Users/patrickbernard/.m2/repository/commons-io/commons-io/2.13.0/commons-io-2.13.0.jar:/Users/patrickbernard/.m2/repository/commons-jelly/commons-jelly-tags-fmt/1.0/commons-jelly-tags-fmt-1.0.jar:/Users/patrickbernard/.m2/repository/commons-jelly/commons-jelly-tags-xml/1.1/commons-jelly-tags-xml-1.1.jar:/Users/patrickbernard/.m2/repository/commons-lang/commons-lang/2.6/commons-lang-2.6.jar:/Users/patrickbernard/.m2/repository/io/jenkins/stapler/jenkins-stapler-support/1.1/jenkins-stapler-support-1.1.jar:/Users/patrickbernard/.m2/repository/jakarta/servlet/jsp/jstl/jakarta.servlet.jsp.jstl-api/1.2.7/jakarta.servlet.jsp.jstl-api-1.2.7.jar:/Users/patrickbernard/.m2/repository/jaxen/jaxen/2.0.0/jaxen-2.0.0.jar:/Users/patrickbernard/.m2/repository/jline/jline/2.14.6/jline-2.14.6.jar:/Users/patrickbernard/.m2/repository/net/java/dev/jna/jna/5.13.0/jna-5.13.0.jar:/Users/patrickbernard/.m2/repository/net/java/sezpoz/sezpoz/1.13/sezpoz-1.13.jar:/Users/patrickbernard/.m2/repository/net/jcip/jcip-annotations/1.0/jcip-annotations-1.0.jar:/Users/patrickbernard/.m2/repository/net/sf/kxml/kxml2/2.3.0/kxml2-2.3.0.jar:/Users/patrickbernard/.m2/repository/org/antlr/antlr4-runtime/4.13.0/antlr4-runtime-4.13.0.jar:/Users/patrickbernard/.m2/repository/org/apache/ant/ant/1.10.13/ant-1.10.13.jar:/Users/patrickbernard/.m2/repository/org/apache/ant/ant-launcher/1.10.13/ant-launcher-1.10.13.jar:/Users/patrickbernard/.m2/repository/org/apache/commons/commons-compress/1.24.0/commons-compress-1.24.0.jar:/Users/patrickbernard/.m2/repository/org/codehaus/groovy/groovy-all/2.4.21/groovy-all-2.4.21.jar:/Users/patrickbernard/.m2/repository/org/connectbot/jbcrypt/jbcrypt/1.0.0/jbcrypt-1.0.0.jar:/Users/patrickbernard/.m2/repository/org/fusesource/jansi/jansi/1.11/jansi-1.11.jar:/Users/patrickbernard/.m2/repository/org/jenkins-ci/annotation-indexer/1.17/annotation-indexer-1.17.jar:/Users/patrickbernard/.m2/repository/org/jenkins-ci/commons-jexl/1.1-jenkins-20111212/commons-jexl-1.1-jenkins-20111212.jar:/Users/patrickbernard/.m2/repository/org/jenkins-ci/crypto-util/1.9/crypto-util-1.9.jar:/Users/patrickbernard/.m2/repository/org/jenkins-ci/memory-monitor/1.12/memory-monitor-1.12.jar:/Users/patrickbernard/.m2/repository/org/jenkins-ci/symbol-annotation/1.24/symbol-annotation-1.24.jar:/Users/patrickbernard/.m2/repository/org/jenkins-ci/task-reactor/1.8/task-reactor-1.8.jar:/Users/patrickbernard/.m2/repository/org/jenkins-ci/version-number/1.11/version-number-1.11.jar:/Users/patrickbernard/.m2/repository/org/jenkins-ci/main/websocket-spi/2.414.3/websocket-spi-2.414.3.jar:/Users/patrickbernard/.m2/repository/org/jfree/jfreechart/1.0.19/jfreechart-1.0.19.jar:/Users/patrickbernard/.m2/repository/org/jfree/jcommon/1.0.23/jcommon-1.0.23.jar:/Users/patrickbernard/.m2/repository/org/jvnet/hudson/commons-jelly-tags-define/1.1-jenkins-20230124/commons-jelly-tags-define-1.1-jenkins-20230124.jar:/Users/patrickbernard/.m2/repository/org/jenkins-ci/commons-jelly/1.1-jenkins-20230124/commons-jelly-1.1-jenkins-20230124.jar:/Users/patrickbernard/.m2/repository/org/jvnet/localizer/localizer/1.31/localizer-1.31.jar:/Users/patrickbernard/.m2/repository/org/jvnet/robust-http-client/robust-http-client/1.2/robust-http-client-1.2.jar:/Users/patrickbernard/.m2/repository/org/jvnet/winp/winp/1.30/winp-1.30.jar:/Users/patrickbernard/.m2/repository/org/kohsuke/access-modifier-annotation/1.32/access-modifier-annotation-1.32.jar:/Users/patrickbernard/.m2/repository/org/kohsuke/windows-package-checker/1.2/windows-package-checker-1.2.jar:/Users/patrickbernard/.m2/repository/org/kohsuke/jinterop/j-interop/2.0.8-kohsuke-1/j-interop-2.0.8-kohsuke-1.jar:/Users/patrickbernard/.m2/repository/org/kohsuke/jinterop/j-interopdeps/2.0.8-kohsuke-1/j-interopdeps-2.0.8-kohsuke-1.jar:/Users/patrickbernard/.m2/repository/org/samba/jcifs/jcifs/1.3.18-kohsuke-1/jcifs-1.3.18-kohsuke-1.jar:/Users/patrickbernard/.m2/repository/org/kohsuke/stapler/json-lib/2.4-jenkins-3/json-lib-2.4-jenkins-3.jar:/Users/patrickbernard/.m2/repository/net/sf/ezmorph/ezmorph/1.0.6/ezmorph-1.0.6.jar:/Users/patrickbernard/.m2/repository/org/kohsuke/stapler/stapler/1785.1787.v44b_5610a_7c4a_/stapler-1785.1787.v44b_5610a_7c4a_.jar:/Users/patrickbernard/.m2/repository/commons-discovery/commons-discovery/0.5/commons-discovery-0.5.jar:/Users/patrickbernard/.m2/repository/jakarta/annotation/jakarta.annotation-api/2.1.1/jakarta.annotation-api-2.1.1.jar:/Users/patrickbernard/.m2/repository/javax/annotation/javax.annotation-api/1.3.2/javax.annotation-api-1.3.2.jar:/Users/patrickbernard/.m2/repository/org/jvnet/tiger-types/2.2/tiger-types-2.2.jar:/Users/patrickbernard/.m2/repository/org/kohsuke/stapler/stapler-adjunct-codemirror/1.3/stapler-adjunct-codemirror-1.3.jar:/Users/patrickbernard/.m2/repository/org/kohsuke/stapler/stapler-adjunct-timeline/1.5/stapler-adjunct-timeline-1.5.jar:/Users/patrickbernard/.m2/repository/org/kohsuke/stapler/stapler-groovy/1785.1787.v44b_5610a_7c4a_/stapler-groovy-1785.1787.v44b_5610a_7c4a_.jar:/Users/patrickbernard/.m2/repository/org/kohsuke/stapler/stapler-jelly/1785.1787.v44b_5610a_7c4a_/stapler-jelly-1785.1787.v44b_5610a_7c4a_.jar:/Users/patrickbernard/.m2/repository/org/dom4j/dom4j/2.1.4/dom4j-2.1.4.jar:/Users/patrickbernard/.m2/repository/org/ow2/asm/asm/9.5/asm-9.5.jar:/Users/patrickbernard/.m2/repository/org/ow2/asm/asm-analysis/9.5/asm-analysis-9.5.jar:/Users/patrickbernard/.m2/repository/org/ow2/asm/asm-commons/9.5/asm-commons-9.5.jar:/Users/patrickbernard/.m2/repository/org/ow2/asm/asm-tree/9.5/asm-tree-9.5.jar:/Users/patrickbernard/.m2/repository/org/ow2/asm/asm-util/9.5/asm-util-9.5.jar:/Users/patrickbernard/.m2/repository/org/slf4j/jcl-over-slf4j/2.0.7/jcl-over-slf4j-2.0.7.jar:/Users/patrickbernard/.m2/repository/org/slf4j/slf4j-api/2.0.7/slf4j-api-2.0.7.jar:/Users/patrickbernard/.m2/repository/org/slf4j/log4j-over-slf4j/2.0.7/log4j-over-slf4j-2.0.7.jar:/Users/patrickbernard/.m2/repository/org/springframework/security/spring-security-web/5.8.4/spring-security-web-5.8.4.jar:/Users/patrickbernard/.m2/repository/org/springframework/security/spring-security-core/5.8.4/spring-security-core-5.8.4.jar:/Users/patrickbernard/.m2/repository/org/springframework/security/spring-security-crypto/5.8.4/spring-security-crypto-5.8.4.jar:/Users/patrickbernard/.m2/repository/org/springframework/spring-core/5.3.28/spring-core-5.3.28.jar:/Users/patrickbernard/.m2/repository/org/springframework/spring-aop/5.3.28/spring-aop-5.3.28.jar:/Users/patrickbernard/.m2/repository/org/springframework/spring-beans/5.3.28/spring-beans-5.3.28.jar:/Users/patrickbernard/.m2/repository/org/springframework/spring-context/5.3.28/spring-context-5.3.28.jar:/Users/patrickbernard/.m2/repository/org/springframework/spring-expression/5.3.28/spring-expression-5.3.28.jar:/Users/patrickbernard/.m2/repository/org/springframework/spring-web/5.3.28/spring-web-5.3.28.jar:/Users/patrickbernard/.m2/repository/xpp3/xpp3/1.1.4c/xpp3-1.1.4c.jar:/Users/patrickbernard/.m2/repository/org/jenkins-ci/main/jenkins-war/2.414.3/jenkins-war-2.414.3.war:/Users/patrickbernard/.m2/repository/org/jenkins-ci/main/websocket-jetty10/2.414.3/websocket-jetty10-2.414.3.jar:/Users/patrickbernard/.m2/repository/org/slf4j/slf4j-jdk14/2.0.7/slf4j-jdk14-2.0.7.jar:/Users/patrickbernard/.m2/repository/jakarta/servlet/jakarta.servlet-api/4.0.4/jakarta.servlet-api-4.0.4.jar:/Users/patrickbernard/.m2/repository/commons-logging/commons-logging/1.2/commons-logging-1.2.jar:/Users/patrickbernard/.m2/repository/org/jenkins-ci/main/jenkins-test-harness/2129.v09f309d2339c/jenkins-test-harness-2129.v09f309d2339c.jar:/Users/patrickbernard/.m2/repository/io/jenkins/lib/support-log-formatter/1.2/support-log-formatter-1.2.jar:/Users/patrickbernard/.m2/repository/junit/junit/4.13.2/junit-4.13.2.jar:/Users/patrickbernard/.m2/repository/org/hamcrest/hamcrest-core/2.2/hamcrest-core-2.2.jar:/Users/patrickbernard/.m2/repository/org/eclipse/jetty/jetty-security/10.0.18/jetty-security-10.0.18.jar:/Users/patrickbernard/.m2/repository/org/eclipse/jetty/jetty-server/10.0.18/jetty-server-10.0.18.jar:/Users/patrickbernard/.m2/repository/org/eclipse/jetty/jetty-http/10.0.18/jetty-http-10.0.18.jar:/Users/patrickbernard/.m2/repository/org/eclipse/jetty/jetty-io/10.0.18/jetty-io-10.0.18.jar:/Users/patrickbernard/.m2/repository/org/eclipse/jetty/jetty-webapp/10.0.18/jetty-webapp-10.0.18.jar:/Users/patrickbernard/.m2/repository/org/eclipse/jetty/jetty-servlet/10.0.18/jetty-servlet-10.0.18.jar:/Users/patrickbernard/.m2/repository/org/eclipse/jetty/jetty-xml/10.0.18/jetty-xml-10.0.18.jar:/Users/patrickbernard/.m2/repository/org/eclipse/jetty/jetty-util/10.0.18/jetty-util-10.0.18.jar:/Users/patrickbernard/.m2/repository/org/eclipse/jetty/websocket/websocket-jetty-server/10.0.18/websocket-jetty-server-10.0.18.jar:/Users/patrickbernard/.m2/repository/org/eclipse/jetty/websocket/websocket-jetty-api/10.0.18/websocket-jetty-api-10.0.18.jar:/Users/patrickbernard/.m2/repository/org/eclipse/jetty/websocket/websocket-jetty-common/10.0.18/websocket-jetty-common-10.0.18.jar:/Users/patrickbernard/.m2/repository/org/eclipse/jetty/websocket/websocket-core-common/10.0.18/websocket-core-common-10.0.18.jar:/Users/patrickbernard/.m2/repository/org/eclipse/jetty/websocket/websocket-servlet/10.0.18/websocket-servlet-10.0.18.jar:/Users/patrickbernard/.m2/repository/org/eclipse/jetty/websocket/websocket-core-server/10.0.18/websocket-core-server-10.0.18.jar:/Users/patrickbernard/.m2/repository/org/eclipse/jetty/toolchain/jetty-servlet-api/4.0.6/jetty-servlet-api-4.0.6.jar:/Users/patrickbernard/.m2/repository/org/hamcrest/hamcrest/2.2/hamcrest-2.2.jar:/Users/patrickbernard/.m2/repository/org/jenkins-ci/main/jenkins-test-harness-htmlunit/164.v87e5a_1809c10/jenkins-test-harness-htmlunit-164.v87e5a_1809c10.jar:/Users/patrickbernard/.m2/repository/org/junit/jupiter/junit-jupiter-api/5.10.1/junit-jupiter-api-5.10.1.jar:/Users/patrickbernard/.m2/repository/org/opentest4j/opentest4j/1.3.0/opentest4j-1.3.0.jar:/Users/patrickbernard/.m2/repository/org/junit/platform/junit-platform-commons/1.10.1/junit-platform-commons-1.10.1.jar:/Users/patrickbernard/.m2/repository/org/netbeans/modules/org-netbeans-insane/RELEASE200/org-netbeans-insane-RELEASE200.jar:/Users/patrickbernard/.m2/repository/org/openjdk/jmh/jmh-core/1.37/jmh-core-1.37.jar:/Users/patrickbernard/.m2/repository/net/sf/jopt-simple/jopt-simple/5.0.4/jopt-simple-5.0.4.jar:/Users/patrickbernard/.m2/repository/org/apache/commons/commons-math3/3.6.1/commons-math3-3.6.1.jar:/Users/patrickbernard/.m2/repository/org/openjdk/jmh/jmh-generator-annprocess/1.37/jmh-generator-annprocess-1.37.jar:/Users/patrickbernard/.m2/repository/org/jenkins-ci/test-annotations/1.4/test-annotations-1.4.jar:/Users/patrickbernard/.m2/repository/org/junit/jupiter/junit-jupiter/5.10.1/junit-jupiter-5.10.1.jar:/Users/patrickbernard/.m2/repository/org/junit/jupiter/junit-jupiter-params/5.10.1/junit-jupiter-params-5.10.1.jar:/Users/patrickbernard/.m2/repository/org/junit/jupiter/junit-jupiter-engine/5.10.1/junit-jupiter-engine-5.10.1.jar:/Users/patrickbernard/.m2/repository/org/junit/vintage/junit-vintage-engine/5.10.1/junit-vintage-engine-5.10.1.jar:/Users/patrickbernard/.m2/repository/org/junit/platform/junit-platform-engine/1.10.1/junit-platform-engine-1.10.1.jar:/Users/patrickbernard/.m2/repository/org/apiguardian/apiguardian-api/1.1.2/apiguardian-api-1.1.2.jar:"/>
    <property name="java.vm.vendor" value="Homebrew"/>
    <property name="sun.arch.data.model" value="64"/>
    <property name="java.vendor.url" value="https://github.com/Homebrew/homebrew-core/issues"/>
    <property name="user.timezone" value="Europe/Paris"/>
    <property name="os.name" value="Mac OS X"/>
    <property name="java.vm.specification.version" value="21"/>
    <property name="sun.java.launcher" value="SUN_STANDARD"/>
    <property name="user.country" value="FR"/>
    <property name="sun.boot.library.path" value="/usr/local/Cellar/openjdk/21.0.1/libexec/openjdk.jdk/Contents/Home/lib"/>
    <property name="sun.java.command" value="/Users/patrickbernard/Documents/Projet-SI/demo_plugin_jenkins/demo-plugin/target/surefire/surefirebooter-20240115135453331_9.jar /Users/patrickbernard/Documents/Projet-SI/demo_plugin_jenkins/demo-plugin/target/surefire 2024-01-15T13-54-51_150-jvmRun1 surefire-20240115135453331_7tmp surefire_1-20240115135453331_8tmp"/>
    <property name="http.nonProxyHosts" value="local|*.local|169.254/16|*.169.254/16"/>
    <property name="jdk.debug" value="release"/>
    <property name="surefire.test.class.path" value="/Users/patrickbernard/Documents/Projet-SI/demo_plugin_jenkins/demo-plugin/target/test-classes:/Users/patrickbernard/Documents/Projet-SI/demo_plugin_jenkins/demo-plugin/target/classes:/Users/patrickbernard/.m2/repository/org/jenkins-ci/plugins/structs/325.vcb_307d2a_2782/structs-325.vcb_307d2a_2782.jar:/Users/patrickbernard/.m2/repository/org/jenkins-ci/plugins/workflow/workflow-basic-steps/1042.ve7b_140c4a_e0c/workflow-basic-steps-1042.ve7b_140c4a_e0c.jar:/Users/patrickbernard/.m2/repository/org/jenkins-ci/plugins/workflow/workflow-step-api/639.v6eca_cd8c04a_a_/workflow-step-api-639.v6eca_cd8c04a_a_.jar:/Users/patrickbernard/.m2/repository/org/jenkins-ci/plugins/mailer/463.vedf8358e006b_/mailer-463.vedf8358e006b_.jar:/Users/patrickbernard/.m2/repository/org/jenkins-ci/plugins/display-url-api/2.200.vb_9327d658781/display-url-api-2.200.vb_9327d658781.jar:/Users/patrickbernard/.m2/repository/org/jenkins-ci/modules/instance-identity/185.v303dc7c645f9/instance-identity-185.v303dc7c645f9.jar:/Users/patrickbernard/.m2/repository/org/jenkins-ci/plugins/bouncycastle-api/2.30.1.77-225.v26ea_c9455fd9/bouncycastle-api-2.30.1.77-225.v26ea_c9455fd9.jar:/Users/patrickbernard/.m2/repository/org/bouncycastle/bcpkix-jdk18on/1.77/bcpkix-jdk18on-1.77.jar:/Users/patrickbernard/.m2/repository/org/bouncycastle/bcprov-jdk18on/1.77/bcprov-jdk18on-1.77.jar:/Users/patrickbernard/.m2/repository/org/bouncycastle/bcutil-jdk18on/1.77/bcutil-jdk18on-1.77.jar:/Users/patrickbernard/.m2/repository/org/jenkins-ci/plugins/workflow/workflow-api/1283.v99c10937efcb_/workflow-api-1283.v99c10937efcb_.jar:/Users/patrickbernard/.m2/repository/org/jenkins-ci/plugins/apache-httpcomponents-client-4-api/4.5.14-208.v438351942757/apache-httpcomponents-client-4-api-4.5.14-208.v438351942757.jar:/Users/patrickbernard/.m2/repository/org/apache/httpcomponents/fluent-hc/4.5.14/fluent-hc-4.5.14.jar:/Users/patrickbernard/.m2/repository/org/apache/httpcomponents/httpasyncclient/4.1.5/httpasyncclient-4.1.5.jar:/Users/patrickbernard/.m2/repository/org/apache/httpcomponents/httpasyncclient-cache/4.1.5/httpasyncclient-cache-4.1.5.jar:/Users/patrickbernard/.m2/repository/org/apache/httpcomponents/httpclient/4.5.14/httpclient-4.5.14.jar:/Users/patrickbernard/.m2/repository/org/apache/httpcomponents/httpclient-cache/4.5.14/httpclient-cache-4.5.14.jar:/Users/patrickbernard/.m2/repository/org/apache/httpcomponents/httpcore/4.4.16/httpcore-4.4.16.jar:/Users/patrickbernard/.m2/repository/org/apache/httpcomponents/httpcore-nio/4.4.16/httpcore-nio-4.4.16.jar:/Users/patrickbernard/.m2/repository/org/apache/httpcomponents/httpmime/4.5.14/httpmime-4.5.14.jar:/Users/patrickbernard/.m2/repository/io/jenkins/plugins/jakarta-mail-api/2.0.1-3/jakarta-mail-api-2.0.1-3.jar:/Users/patrickbernard/.m2/repository/com/sun/mail/jakarta.mail/2.0.1/jakarta.mail-2.0.1.jar:/Users/patrickbernard/.m2/repository/io/jenkins/plugins/jakarta-activation-api/2.0.1-3/jakarta-activation-api-2.0.1-3.jar:/Users/patrickbernard/.m2/repository/com/sun/activation/jakarta.activation/2.0.1/jakarta.activation-2.0.1.jar:/Users/patrickbernard/.m2/repository/org/jenkins-ci/plugins/workflow/workflow-cps/3826.v3b_5707fe44da_/workflow-cps-3826.v3b_5707fe44da_.jar:/Users/patrickbernard/.m2/repository/io/jenkins/plugins/ionicons-api/56.v1b_1c8c49374e/ionicons-api-56.v1b_1c8c49374e.jar:/Users/patrickbernard/.m2/repository/org/jenkins-ci/plugins/workflow/workflow-support/865.v43e78cc44e0d/workflow-support-865.v43e78cc44e0d.jar:/Users/patrickbernard/.m2/repository/io/jenkins/plugins/caffeine-api/3.1.8-133.v17b_1ff2e0599/caffeine-api-3.1.8-133.v17b_1ff2e0599.jar:/Users/patrickbernard/.m2/repository/com/github/ben-manes/caffeine/caffeine/3.1.8/caffeine-3.1.8.jar:/Users/patrickbernard/.m2/repository/org/jboss/marshalling/jboss-marshalling-river/2.1.2.Final/jboss-marshalling-river-2.1.2.Final.jar:/Users/patrickbernard/.m2/repository/org/jboss/marshalling/jboss-marshalling/2.1.2.Final/jboss-marshalling-2.1.2.Final.jar:/Users/patrickbernard/.m2/repository/org/jenkins-ci/plugins/workflow/workflow-scm-step/415.v434365564324/workflow-scm-step-415.v434365564324.jar:/Users/patrickbernard/.m2/repository/org/jenkins-ci/plugins/script-security/1294.v99333c047434/script-security-1294.v99333c047434.jar:/Users/patrickbernard/.m2/repository/org/kohsuke/groovy-sandbox/1.33/groovy-sandbox-1.33.jar:/Users/patrickbernard/.m2/repository/org/jenkins-ci/plugins/scm-api/676.v886669a_199a_a_/scm-api-676.v886669a_199a_a_.jar:/Users/patrickbernard/.m2/repository/com/cloudbees/groovy-cps/3826.v3b_5707fe44da_/groovy-cps-3826.v3b_5707fe44da_.jar:/Users/patrickbernard/.m2/repository/com/cloudbees/diff4j/1.3/diff4j-1.3.jar:/Users/patrickbernard/.m2/repository/org/jenkins-ci/plugins/workflow/workflow-durable-task-step/1313.vcb_970b_d2a_fb_3/workflow-durable-task-step-1313.vcb_970b_d2a_fb_3.jar:/Users/patrickbernard/.m2/repository/org/jenkins-ci/plugins/durable-task/523.va_a_22cf15d5e0/durable-task-523.va_a_22cf15d5e0.jar:/Users/patrickbernard/.m2/repository/io/jenkins/plugins/lib-durable-task/40.vc66cf8fb_4613/lib-durable-task-40.vc66cf8fb_4613.jar:/Users/patrickbernard/.m2/repository/org/jenkins-ci/plugins/workflow/workflow-job/1385.vb_58b_86ea_fff1/workflow-job-1385.vb_58b_86ea_fff1.jar:/Users/patrickbernard/.m2/repository/org/jenkins-ci/main/jenkins-core/2.414.3/jenkins-core-2.414.3.jar:/Users/patrickbernard/.m2/repository/org/jenkins-ci/main/cli/2.414.3/cli-2.414.3.jar:/Users/patrickbernard/.m2/repository/org/jenkins-ci/main/remoting/3131.vf2b_b_798b_ce99/remoting-3131.vf2b_b_798b_ce99.jar:/Users/patrickbernard/.m2/repository/args4j/args4j/2.33/args4j-2.33.jar:/Users/patrickbernard/.m2/repository/com/github/spotbugs/spotbugs-annotations/4.7.3/spotbugs-annotations-4.7.3.jar:/Users/patrickbernard/.m2/repository/com/google/guava/guava/32.1.1-jre/guava-32.1.1-jre.jar:/Users/patrickbernard/.m2/repository/com/google/guava/failureaccess/1.0.1/failureaccess-1.0.1.jar:/Users/patrickbernard/.m2/repository/com/google/guava/listenablefuture/9999.0-empty-to-avoid-conflict-with-guava/listenablefuture-9999.0-empty-to-avoid-conflict-with-guava.jar:/Users/patrickbernard/.m2/repository/com/google/code/findbugs/jsr305/3.0.1/jsr305-3.0.1.jar:/Users/patrickbernard/.m2/repository/com/google/inject/guice/6.0.0/guice-6.0.0.jar:/Users/patrickbernard/.m2/repository/javax/inject/javax.inject/1/javax.inject-1.jar:/Users/patrickbernard/.m2/repository/jakarta/inject/jakarta.inject-api/2.0.1/jakarta.inject-api-2.0.1.jar:/Users/patrickbernard/.m2/repository/com/infradna/tool/bridge-method-annotation/1.27/bridge-method-annotation-1.27.jar:/Users/patrickbernard/.m2/repository/com/jcraft/jzlib/1.1.3-kohsuke-1/jzlib-1.1.3-kohsuke-1.jar:/Users/patrickbernard/.m2/repository/com/sun/solaris/embedded_su4j/1.1/embedded_su4j-1.1.jar:/Users/patrickbernard/.m2/repository/com/sun/xml/txw2/txw2/20110809/txw2-20110809.jar:/Users/patrickbernard/.m2/repository/relaxngDatatype/relaxngDatatype/20020414/relaxngDatatype-20020414.jar:/Users/patrickbernard/.m2/repository/com/thoughtworks/xstream/xstream/1.4.20/xstream-1.4.20.jar:/Users/patrickbernard/.m2/repository/io/github/x-stream/mxparser/1.2.2/mxparser-1.2.2.jar:/Users/patrickbernard/.m2/repository/commons-beanutils/commons-beanutils/1.9.4/commons-beanutils-1.9.4.jar:/Users/patrickbernard/.m2/repository/commons-codec/commons-codec/1.16.0/commons-codec-1.16.0.jar:/Users/patrickbernard/.m2/repository/commons-collections/commons-collections/3.2.2/commons-collections-3.2.2.jar:/Users/patrickbernard/.m2/repository/commons-fileupload/commons-fileupload/1.5/commons-fileupload-1.5.jar:/Users/patrickbernard/.m2/repository/commons-io/commons-io/2.13.0/commons-io-2.13.0.jar:/Users/patrickbernard/.m2/repository/commons-jelly/commons-jelly-tags-fmt/1.0/commons-jelly-tags-fmt-1.0.jar:/Users/patrickbernard/.m2/repository/commons-jelly/commons-jelly-tags-xml/1.1/commons-jelly-tags-xml-1.1.jar:/Users/patrickbernard/.m2/repository/commons-lang/commons-lang/2.6/commons-lang-2.6.jar:/Users/patrickbernard/.m2/repository/io/jenkins/stapler/jenkins-stapler-support/1.1/jenkins-stapler-support-1.1.jar:/Users/patrickbernard/.m2/repository/jakarta/servlet/jsp/jstl/jakarta.servlet.jsp.jstl-api/1.2.7/jakarta.servlet.jsp.jstl-api-1.2.7.jar:/Users/patrickbernard/.m2/repository/jaxen/jaxen/2.0.0/jaxen-2.0.0.jar:/Users/patrickbernard/.m2/repository/jline/jline/2.14.6/jline-2.14.6.jar:/Users/patrickbernard/.m2/repository/net/java/dev/jna/jna/5.13.0/jna-5.13.0.jar:/Users/patrickbernard/.m2/repository/net/java/sezpoz/sezpoz/1.13/sezpoz-1.13.jar:/Users/patrickbernard/.m2/repository/net/jcip/jcip-annotations/1.0/jcip-annotations-1.0.jar:/Users/patrickbernard/.m2/repository/net/sf/kxml/kxml2/2.3.0/kxml2-2.3.0.jar:/Users/patrickbernard/.m2/repository/org/antlr/antlr4-runtime/4.13.0/antlr4-runtime-4.13.0.jar:/Users/patrickbernard/.m2/repository/org/apache/ant/ant/1.10.13/ant-1.10.13.jar:/Users/patrickbernard/.m2/repository/org/apache/ant/ant-launcher/1.10.13/ant-launcher-1.10.13.jar:/Users/patrickbernard/.m2/repository/org/apache/commons/commons-compress/1.24.0/commons-compress-1.24.0.jar:/Users/patrickbernard/.m2/repository/org/codehaus/groovy/groovy-all/2.4.21/groovy-all-2.4.21.jar:/Users/patrickbernard/.m2/repository/org/connectbot/jbcrypt/jbcrypt/1.0.0/jbcrypt-1.0.0.jar:/Users/patrickbernard/.m2/repository/org/fusesource/jansi/jansi/1.11/jansi-1.11.jar:/Users/patrickbernard/.m2/repository/org/jenkins-ci/annotation-indexer/1.17/annotation-indexer-1.17.jar:/Users/patrickbernard/.m2/repository/org/jenkins-ci/commons-jexl/1.1-jenkins-20111212/commons-jexl-1.1-jenkins-20111212.jar:/Users/patrickbernard/.m2/repository/org/jenkins-ci/crypto-util/1.9/crypto-util-1.9.jar:/Users/patrickbernard/.m2/repository/org/jenkins-ci/memory-monitor/1.12/memory-monitor-1.12.jar:/Users/patrickbernard/.m2/repository/org/jenkins-ci/symbol-annotation/1.24/symbol-annotation-1.24.jar:/Users/patrickbernard/.m2/repository/org/jenkins-ci/task-reactor/1.8/task-reactor-1.8.jar:/Users/patrickbernard/.m2/repository/org/jenkins-ci/version-number/1.11/version-number-1.11.jar:/Users/patrickbernard/.m2/repository/org/jenkins-ci/main/websocket-spi/2.414.3/websocket-spi-2.414.3.jar:/Users/patrickbernard/.m2/repository/org/jfree/jfreechart/1.0.19/jfreechart-1.0.19.jar:/Users/patrickbernard/.m2/repository/org/jfree/jcommon/1.0.23/jcommon-1.0.23.jar:/Users/patrickbernard/.m2/repository/org/jvnet/hudson/commons-jelly-tags-define/1.1-jenkins-20230124/commons-jelly-tags-define-1.1-jenkins-20230124.jar:/Users/patrickbernard/.m2/repository/org/jenkins-ci/commons-jelly/1.1-jenkins-20230124/commons-jelly-1.1-jenkins-20230124.jar:/Users/patrickbernard/.m2/repository/org/jvnet/localizer/localizer/1.31/localizer-1.31.jar:/Users/patrickbernard/.m2/repository/org/jvnet/robust-http-client/robust-http-client/1.2/robust-http-client-1.2.jar:/Users/patrickbernard/.m2/repository/org/jvnet/winp/winp/1.30/winp-1.30.jar:/Users/patrickbernard/.m2/repository/org/kohsuke/access-modifier-annotation/1.32/access-modifier-annotation-1.32.jar:/Users/patrickbernard/.m2/repository/org/kohsuke/windows-package-checker/1.2/windows-package-checker-1.2.jar:/Users/patrickbernard/.m2/repository/org/kohsuke/jinterop/j-interop/2.0.8-kohsuke-1/j-interop-2.0.8-kohsuke-1.jar:/Users/patrickbernard/.m2/repository/org/kohsuke/jinterop/j-interopdeps/2.0.8-kohsuke-1/j-interopdeps-2.0.8-kohsuke-1.jar:/Users/patrickbernard/.m2/repository/org/samba/jcifs/jcifs/1.3.18-kohsuke-1/jcifs-1.3.18-kohsuke-1.jar:/Users/patrickbernard/.m2/repository/org/kohsuke/stapler/json-lib/2.4-jenkins-3/json-lib-2.4-jenkins-3.jar:/Users/patrickbernard/.m2/repository/net/sf/ezmorph/ezmorph/1.0.6/ezmorph-1.0.6.jar:/Users/patrickbernard/.m2/repository/org/kohsuke/stapler/stapler/1785.1787.v44b_5610a_7c4a_/stapler-1785.1787.v44b_5610a_7c4a_.jar:/Users/patrickbernard/.m2/repository/commons-discovery/commons-discovery/0.5/commons-discovery-0.5.jar:/Users/patrickbernard/.m2/repository/jakarta/annotation/jakarta.annotation-api/2.1.1/jakarta.annotation-api-2.1.1.jar:/Users/patrickbernard/.m2/repository/javax/annotation/javax.annotation-api/1.3.2/javax.annotation-api-1.3.2.jar:/Users/patrickbernard/.m2/repository/org/jvnet/tiger-types/2.2/tiger-types-2.2.jar:/Users/patrickbernard/.m2/repository/org/kohsuke/stapler/stapler-adjunct-codemirror/1.3/stapler-adjunct-codemirror-1.3.jar:/Users/patrickbernard/.m2/repository/org/kohsuke/stapler/stapler-adjunct-timeline/1.5/stapler-adjunct-timeline-1.5.jar:/Users/patrickbernard/.m2/repository/org/kohsuke/stapler/stapler-groovy/1785.1787.v44b_5610a_7c4a_/stapler-groovy-1785.1787.v44b_5610a_7c4a_.jar:/Users/patrickbernard/.m2/repository/org/kohsuke/stapler/stapler-jelly/1785.1787.v44b_5610a_7c4a_/stapler-jelly-1785.1787.v44b_5610a_7c4a_.jar:/Users/patrickbernard/.m2/repository/org/dom4j/dom4j/2.1.4/dom4j-2.1.4.jar:/Users/patrickbernard/.m2/repository/org/ow2/asm/asm/9.5/asm-9.5.jar:/Users/patrickbernard/.m2/repository/org/ow2/asm/asm-analysis/9.5/asm-analysis-9.5.jar:/Users/patrickbernard/.m2/repository/org/ow2/asm/asm-commons/9.5/asm-commons-9.5.jar:/Users/patrickbernard/.m2/repository/org/ow2/asm/asm-tree/9.5/asm-tree-9.5.jar:/Users/patrickbernard/.m2/repository/org/ow2/asm/asm-util/9.5/asm-util-9.5.jar:/Users/patrickbernard/.m2/repository/org/slf4j/jcl-over-slf4j/2.0.7/jcl-over-slf4j-2.0.7.jar:/Users/patrickbernard/.m2/repository/org/slf4j/slf4j-api/2.0.7/slf4j-api-2.0.7.jar:/Users/patrickbernard/.m2/repository/org/slf4j/log4j-over-slf4j/2.0.7/log4j-over-slf4j-2.0.7.jar:/Users/patrickbernard/.m2/repository/org/springframework/security/spring-security-web/5.8.4/spring-security-web-5.8.4.jar:/Users/patrickbernard/.m2/repository/org/springframework/security/spring-security-core/5.8.4/spring-security-core-5.8.4.jar:/Users/patrickbernard/.m2/repository/org/springframework/security/spring-security-crypto/5.8.4/spring-security-crypto-5.8.4.jar:/Users/patrickbernard/.m2/repository/org/springframework/spring-core/5.3.28/spring-core-5.3.28.jar:/Users/patrickbernard/.m2/repository/org/springframework/spring-aop/5.3.28/spring-aop-5.3.28.jar:/Users/patrickbernard/.m2/repository/org/springframework/spring-beans/5.3.28/spring-beans-5.3.28.jar:/Users/patrickbernard/.m2/repository/org/springframework/spring-context/5.3.28/spring-context-5.3.28.jar:/Users/patrickbernard/.m2/repository/org/springframework/spring-expression/5.3.28/spring-expression-5.3.28.jar:/Users/patrickbernard/.m2/repository/org/springframework/spring-web/5.3.28/spring-web-5.3.28.jar:/Users/patrickbernard/.m2/repository/xpp3/xpp3/1.1.4c/xpp3-1.1.4c.jar:/Users/patrickbernard/.m2/repository/org/jenkins-ci/main/jenkins-war/2.414.3/jenkins-war-2.414.3.war:/Users/patrickbernard/.m2/repository/org/jenkins-ci/main/websocket-jetty10/2.414.3/websocket-jetty10-2.414.3.jar:/Users/patrickbernard/.m2/repository/org/slf4j/slf4j-jdk14/2.0.7/slf4j-jdk14-2.0.7.jar:/Users/patrickbernard/.m2/repository/jakarta/servlet/jakarta.servlet-api/4.0.4/jakarta.servlet-api-4.0.4.jar:/Users/patrickbernard/.m2/repository/commons-logging/commons-logging/1.2/commons-logging-1.2.jar:/Users/patrickbernard/.m2/repository/org/jenkins-ci/main/jenkins-test-harness/2129.v09f309d2339c/jenkins-test-harness-2129.v09f309d2339c.jar:/Users/patrickbernard/.m2/repository/io/jenkins/lib/support-log-formatter/1.2/support-log-formatter-1.2.jar:/Users/patrickbernard/.m2/repository/junit/junit/4.13.2/junit-4.13.2.jar:/Users/patrickbernard/.m2/repository/org/hamcrest/hamcrest-core/2.2/hamcrest-core-2.2.jar:/Users/patrickbernard/.m2/repository/org/eclipse/jetty/jetty-security/10.0.18/jetty-security-10.0.18.jar:/Users/patrickbernard/.m2/repository/org/eclipse/jetty/jetty-server/10.0.18/jetty-server-10.0.18.jar:/Users/patrickbernard/.m2/repository/org/eclipse/jetty/jetty-http/10.0.18/jetty-http-10.0.18.jar:/Users/patrickbernard/.m2/repository/org/eclipse/jetty/jetty-io/10.0.18/jetty-io-10.0.18.jar:/Users/patrickbernard/.m2/repository/org/eclipse/jetty/jetty-webapp/10.0.18/jetty-webapp-10.0.18.jar:/Users/patrickbernard/.m2/repository/org/eclipse/jetty/jetty-servlet/10.0.18/jetty-servlet-10.0.18.jar:/Users/patrickbernard/.m2/repository/org/eclipse/jetty/jetty-xml/10.0.18/jetty-xml-10.0.18.jar:/Users/patrickbernard/.m2/repository/org/eclipse/jetty/jetty-util/10.0.18/jetty-util-10.0.18.jar:/Users/patrickbernard/.m2/repository/org/eclipse/jetty/websocket/websocket-jetty-server/10.0.18/websocket-jetty-server-10.0.18.jar:/Users/patrickbernard/.m2/repository/org/eclipse/jetty/websocket/websocket-jetty-api/10.0.18/websocket-jetty-api-10.0.18.jar:/Users/patrickbernard/.m2/repository/org/eclipse/jetty/websocket/websocket-jetty-common/10.0.18/websocket-jetty-common-10.0.18.jar:/Users/patrickbernard/.m2/repository/org/eclipse/jetty/websocket/websocket-core-common/10.0.18/websocket-core-common-10.0.18.jar:/Users/patrickbernard/.m2/repository/org/eclipse/jetty/websocket/websocket-servlet/10.0.18/websocket-servlet-10.0.18.jar:/Users/patrickbernard/.m2/repository/org/eclipse/jetty/websocket/websocket-core-server/10.0.18/websocket-core-server-10.0.18.jar:/Users/patrickbernard/.m2/repository/org/eclipse/jetty/toolchain/jetty-servlet-api/4.0.6/jetty-servlet-api-4.0.6.jar:/Users/patrickbernard/.m2/repository/org/hamcrest/hamcrest/2.2/hamcrest-2.2.jar:/Users/patrickbernard/.m2/repository/org/jenkins-ci/main/jenkins-test-harness-htmlunit/164.v87e5a_1809c10/jenkins-test-harness-htmlunit-164.v87e5a_1809c10.jar:/Users/patrickbernard/.m2/repository/org/junit/jupiter/junit-jupiter-api/5.10.1/junit-jupiter-api-5.10.1.jar:/Users/patrickbernard/.m2/repository/org/opentest4j/opentest4j/1.3.0/opentest4j-1.3.0.jar:/Users/patrickbernard/.m2/repository/org/junit/platform/junit-platform-commons/1.10.1/junit-platform-commons-1.10.1.jar:/Users/patrickbernard/.m2/repository/org/netbeans/modules/org-netbeans-insane/RELEASE200/org-netbeans-insane-RELEASE200.jar:/Users/patrickbernard/.m2/repository/org/openjdk/jmh/jmh-core/1.37/jmh-core-1.37.jar:/Users/patrickbernard/.m2/repository/net/sf/jopt-simple/jopt-simple/5.0.4/jopt-simple-5.0.4.jar:/Users/patrickbernard/.m2/repository/org/apache/commons/commons-math3/3.6.1/commons-math3-3.6.1.jar:/Users/patrickbernard/.m2/repository/org/openjdk/jmh/jmh-generator-annprocess/1.37/jmh-generator-annprocess-1.37.jar:/Users/patrickbernard/.m2/repository/org/jenkins-ci/test-annotations/1.4/test-annotations-1.4.jar:/Users/patrickbernard/.m2/repository/org/junit/jupiter/junit-jupiter/5.10.1/junit-jupiter-5.10.1.jar:/Users/patrickbernard/.m2/repository/org/junit/jupiter/junit-jupiter-params/5.10.1/junit-jupiter-params-5.10.1.jar:/Users/patrickbernard/.m2/repository/org/junit/jupiter/junit-jupiter-engine/5.10.1/junit-jupiter-engine-5.10.1.jar:/Users/patrickbernard/.m2/repository/org/junit/vintage/junit-vintage-engine/5.10.1/junit-vintage-engine-5.10.1.jar:/Users/patrickbernard/.m2/repository/org/junit/platform/junit-platform-engine/1.10.1/junit-platform-engine-1.10.1.jar:/Users/patrickbernard/.m2/repository/org/apiguardian/apiguardian-api/1.1.2/apiguardian-api-1.1.2.jar:"/>
    <property name="sun.cpu.endian" value="little"/>
    <property name="mail.smtps.sendpartial" value="true"/>
    <property name="user.home" value="/Users/patrickbernard"/>
    <property name="user.language" value="fr"/>
    <property name="java.specification.vendor" value="Oracle Corporation"/>
    <property name="java.version.date" value="2023-10-17"/>
    <property name="java.home" value="/usr/local/Cellar/openjdk/21.0.1/libexec/openjdk.jdk/Contents/Home"/>
    <property name="surefire.forkNumber" value="1"/>
    <property name="file.separator" value="/"/>
    <property name="basedir" value="/Users/patrickbernard/Documents/Projet-SI/demo_plugin_jenkins/demo-plugin"/>
    <property name="java.vm.compressedOopsMode" value="Zero based"/>
    <property name="line.separator" value="&#10;"/>
    <property name="java.vm.specification.vendor" value="Oracle Corporation"/>
    <property name="java.specification.name" value="Java Platform API Specification"/>
    <property name="java.awt.headless" value="true"/>
    <property name="org.eclipse.jetty.server.Request.maxFormContentSize" value="-1"/>
    <property name="apple.awt.application.name" value="ForkedBooter"/>
    <property name="surefire.real.class.path" value="/Users/patrickbernard/Documents/Projet-SI/demo_plugin_jenkins/demo-plugin/target/surefire/surefirebooter-20240115135453331_9.jar"/>
    <property name="sun.management.compiler" value="HotSpot 64-Bit Tiered Compilers"/>
    <property name="ftp.nonProxyHosts" value="local|*.local|169.254/16|*.169.254/16"/>
    <property name="java.runtime.version" value="21.0.1"/>
    <property name="user.name" value="patrickbernard"/>
    <property name="stdout.encoding" value="UTF-8"/>
    <property name="path.separator" value=":"/>
    <property name="os.version" value="12.7.1"/>
    <property name="java.runtime.name" value="OpenJDK Runtime Environment"/>
    <property name="file.encoding" value="UTF-8"/>
    <property name="jnidispatch.path" value="/Users/patrickbernard/Library/Caches/JNA/temp/jna11102139030059918102.tmp"/>
    <property name="java.vm.name" value="OpenJDK 64-Bit Server VM"/>
    <property name="jna.platform.library.path" value="/usr/lib:/usr/lib"/>
    <property name="java.vendor.version" value="Homebrew"/>
    <property name="mail.smtp.sendpartial" value="true"/>
    <property name="localRepository" value="/Users/patrickbernard/.m2/repository"/>
    <property name="jna.loaded" value="true"/>
    <property name="java.vendor.url.bug" value="https://github.com/Homebrew/homebrew-core/issues"/>
    <property name="jetty.git.hash" value="8545fd9bf4cd0d0838f626b405fd4963441546b7"/>
    <property name="java.io.tmpdir" value="/Users/patrickbernard/Documents/Projet-SI/demo_plugin_jenkins/demo-plugin/target/tmp"/>
    <property name="java.version" value="21.0.1"/>
    <property name="user.dir" value="/Users/patrickbernard/Documents/Projet-SI/demo_plugin_jenkins/demo-plugin"/>
    <property name="os.arch" value="x86_64"/>
    <property name="jenkins.model.Jenkins.SHOW_STACK_TRACE" value="true"/>
    <property name="java.vm.specification.name" value="Java Virtual Machine Specification"/>
    <property name="native.encoding" value="UTF-8"/>
    <property name="java.library.path" value="/Users/patrickbernard/Library/Java/Extensions:/Library/Java/Extensions:/Network/Library/Java/Extensions:/System/Library/Java/Extensions:/usr/lib/java:."/>
    <property name="java.vm.info" value="mixed mode, emulated-client"/>
    <property name="stderr.encoding" value="UTF-8"/>
    <property name="java.vendor" value="Homebrew"/>
    <property name="java.vm.version" value="21.0.1"/>
    <property name="sun.io.unicode.encoding" value="UnicodeBig"/>
    <property name="socksNonProxyHosts" value="local|*.local|169.254/16|*.169.254/16"/>
    <property name="java.class.version" value="65.0"/>
  </properties>
  <testcase name="testBuild" classname="io.jenkins.plugins.sample.HelloWorldBuilderTest" time="6.338">
    <system-out><![CDATA[=== Starting testBuild(io.jenkins.plugins.sample.HelloWorldBuilderTest)
]]></system-out>
    <system-err><![CDATA[   0.162 [id=28]	INFO	o.jvnet.hudson.test.WarExploder#explode: Picking up existing exploded jenkins.war at /Users/patrickbernard/Documents/Projet-SI/demo_plugin_jenkins/demo-plugin/target/jenkins-for-test
   0.476 [id=28]	INFO	o.jvnet.hudson.test.JenkinsRule#createWebServer: Running on http://localhost:49409/jenkins/
   0.839 [id=42]	INFO	jenkins.InitReactorRunner$1#onAttained: Started initialization
   1.601 [id=46]	INFO	hudson.PluginManager#considerDetachedPlugin: Loading a detached plugin as a dependency: /var/folders/ws/0tdbtlfd7r56xfqy510dc6880000gn/T/jenkins17062051720190554715/plugins/javax-activation-api.jpi
   1.629 [id=46]	INFO	hudson.PluginManager#considerDetachedPlugin: Loading a detached plugin as a dependency: /var/folders/ws/0tdbtlfd7r56xfqy510dc6880000gn/T/jenkins17062051720190554715/plugins/javax-mail-api.jpi
   2.116 [id=43]	INFO	jenkins.InitReactorRunner$1#onAttained: Listed all plugins
   2.134 [id=47]	INFO	j.b.api.BouncyCastlePlugin#start: /Users/patrickbernard/Documents/Projet-SI/demo_plugin_jenkins/demo-plugin/target/tmp/j h14781354461159042030/plugins/bouncycastle-api/WEB-INF/optional-lib not found; for non RealJenkinsRule this is fine and can be ignored.
   3.401 [id=45]	INFO	jenkins.InitReactorRunner$1#onAttained: Prepared all plugins
   3.415 [id=41]	INFO	jenkins.InitReactorRunner$1#onAttained: Started all plugins
   3.417 [id=40]	INFO	jenkins.InitReactorRunner$1#onAttained: Augmented all extensions
   4.281 [id=44]	INFO	jenkins.InitReactorRunner$1#onAttained: System config loaded
   4.281 [id=44]	INFO	jenkins.InitReactorRunner$1#onAttained: System config adapted
   4.282 [id=44]	INFO	jenkins.InitReactorRunner$1#onAttained: Loaded all jobs
   4.283 [id=44]	INFO	jenkins.InitReactorRunner$1#onAttained: Configuration for all jobs updated
   4.515 [id=46]	INFO	jenkins.InitReactorRunner$1#onAttained: Completed initialization
   5.343 [id=28]	INFO	hudson.lifecycle.Lifecycle#onStatusUpdate: Stopping Jenkins
   5.402 [id=28]	INFO	hudson.lifecycle.Lifecycle#onStatusUpdate: Jenkins stopped
   5.469 [id=28]	INFO	o.j.h.t.TemporaryDirectoryAllocator#dispose: deleting /Users/patrickbernard/Documents/Projet-SI/demo_plugin_jenkins/demo-plugin/target/tmp/j h14781354461159042030
]]></system-err>
  </testcase>
  <testcase name="testConfigRoundtrip" classname="io.jenkins.plugins.sample.HelloWorldBuilderTest" time="13.241">
    <error message="Index 0 out of bounds for length 0" type="java.lang.IndexOutOfBoundsException"><![CDATA[java.lang.IndexOutOfBoundsException: Index 0 out of bounds for length 0
	at java.base/jdk.internal.util.Preconditions.outOfBounds(Preconditions.java:100)
	at java.base/jdk.internal.util.Preconditions.outOfBoundsCheckIndex(Preconditions.java:106)
	at java.base/jdk.internal.util.Preconditions.checkIndex(Preconditions.java:302)
	at java.base/java.util.Objects.checkIndex(Objects.java:385)
	at java.base/java.util.ArrayList.get(ArrayList.java:427)
	at hudson.util.CopyOnWriteList.get(CopyOnWriteList.java:157)
	at hudson.util.PersistedList.get(PersistedList.java:101)
	at io.jenkins.plugins.sample.HelloWorldBuilderTest.testConfigRoundtrip(HelloWorldBuilderTest.java:26)
	at java.base/java.lang.reflect.Method.invoke(Method.java:580)
	at org.jvnet.hudson.test.JenkinsRule$1.evaluate(JenkinsRule.java:655)
	at java.base/java.util.concurrent.FutureTask.run(FutureTask.java:317)
	at java.base/java.lang.Thread.run(Thread.java:1583)
]]></error>
    <system-out><![CDATA[=== Starting testConfigRoundtrip(io.jenkins.plugins.sample.HelloWorldBuilderTest)
]]></system-out>
    <system-err><![CDATA[   0.030 [id=81]	INFO	o.jvnet.hudson.test.JenkinsRule#createWebServer: Running on http://localhost:49413/jenkins/
   0.058 [id=94]	INFO	jenkins.InitReactorRunner$1#onAttained: Started initialization
   0.060 [id=94]	INFO	jenkins.InitReactorRunner$1#onAttained: Listed all plugins
   0.062 [id=94]	INFO	j.b.api.BouncyCastlePlugin#start: /Users/patrickbernard/Documents/Projet-SI/demo_plugin_jenkins/demo-plugin/target/tmp/j h1553112007211306011/plugins/bouncycastle-api/WEB-INF/optional-lib not found; for non RealJenkinsRule this is fine and can be ignored.
   0.243 [id=95]	INFO	jenkins.InitReactorRunner$1#onAttained: Prepared all plugins
   0.247 [id=95]	INFO	jenkins.InitReactorRunner$1#onAttained: Started all plugins
   0.251 [id=95]	INFO	jenkins.InitReactorRunner$1#onAttained: Augmented all extensions
   0.736 [id=96]	INFO	jenkins.InitReactorRunner$1#onAttained: System config loaded
   0.736 [id=99]	INFO	jenkins.InitReactorRunner$1#onAttained: System config adapted
   0.737 [id=96]	INFO	jenkins.InitReactorRunner$1#onAttained: Loaded all jobs
   0.737 [id=96]	INFO	jenkins.InitReactorRunner$1#onAttained: Configuration for all jobs updated
   0.757 [id=95]	INFO	jenkins.InitReactorRunner$1#onAttained: Completed initialization
   4.184 [id=87]	WARNING	h.ExpressionFactory2$JexlExpression#evaluate: Caught exception evaluating: i.descriptor in /jenkins/job/test0/configure. Reason: java.lang.reflect.InvocationTargetException
java.lang.AssertionError: class io.jenkins.plugins.sample.HelloWorldBuilder is missing its descriptor
	at jenkins.model.Jenkins.getDescriptorOrDie(Jenkins.java:1654)
	at hudson.tasks.Builder.getDescriptor(Builder.java:70)
	at java.base/jdk.internal.reflect.DirectMethodHandleAccessor.invoke(DirectMethodHandleAccessor.java:103)
Caused: java.lang.reflect.InvocationTargetException
	at java.base/jdk.internal.reflect.DirectMethodHandleAccessor.invoke(DirectMethodHandleAccessor.java:118)
	at java.base/java.lang.reflect.Method.invoke(Method.java:580)
	at org.apache.commons.jexl.util.PropertyExecutor.execute(PropertyExecutor.java:125)
	at org.apache.commons.jexl.util.introspection.UberspectImpl$VelGetterImpl.invoke(UberspectImpl.java:314)
	at org.apache.commons.jexl.parser.ASTArrayAccess.evaluateExpr(ASTArrayAccess.java:185)
	at org.apache.commons.jexl.parser.ASTIdentifier.execute(ASTIdentifier.java:75)
	at org.apache.commons.jexl.parser.ASTReference.execute(ASTReference.java:83)
	at org.apache.commons.jexl.parser.ASTReference.value(ASTReference.java:57)
	at org.apache.commons.jexl.parser.ASTReferenceExpression.value(ASTReferenceExpression.java:51)
	at org.apache.commons.jexl.ExpressionImpl.evaluate(ExpressionImpl.java:80)
	at hudson.ExpressionFactory2$JexlExpression.evaluate(ExpressionFactory2.java:76)
	at org.apache.commons.jelly.tags.core.CoreTagLibrary$3.run(CoreTagLibrary.java:134)
	at org.apache.commons.jelly.impl.ScriptBlock.run(ScriptBlock.java:95)
	at org.apache.commons.jelly.TagSupport.invokeBody(TagSupport.java:161)
	at org.apache.commons.jelly.tags.core.ForEachTag.doTag(ForEachTag.java:150)
	at org.apache.commons.jelly.impl.TagScript.run(TagScript.java:265)
	at org.apache.commons.jelly.impl.ScriptBlock.run(ScriptBlock.java:95)
	at org.kohsuke.stapler.jelly.ReallyStaticTagLibrary$1.run(ReallyStaticTagLibrary.java:101)
	at org.apache.commons.jelly.impl.ScriptBlock.run(ScriptBlock.java:95)
	at org.apache.commons.jelly.tags.core.CoreTagLibrary$2.run(CoreTagLibrary.java:105)
	at org.kohsuke.stapler.jelly.CallTagLibScript.run(CallTagLibScript.java:122)
	at org.kohsuke.stapler.jelly.CallTagLibScript$1.run(CallTagLibScript.java:101)
	at org.apache.commons.jelly.tags.define.InvokeBodyTag.doTag(InvokeBodyTag.java:91)
	at org.apache.commons.jelly.impl.TagScript.run(TagScript.java:265)
	at org.kohsuke.stapler.jelly.ReallyStaticTagLibrary$1.run(ReallyStaticTagLibrary.java:101)
	at org.kohsuke.stapler.jelly.ReallyStaticTagLibrary$1.run(ReallyStaticTagLibrary.java:101)
	at org.apache.commons.jelly.impl.ScriptBlock.run(ScriptBlock.java:95)
	at org.apache.commons.jelly.tags.core.CoreTagLibrary$2.run(CoreTagLibrary.java:105)
	at org.kohsuke.stapler.jelly.CallTagLibScript.run(CallTagLibScript.java:122)
	at org.kohsuke.stapler.jelly.CallTagLibScript$1.run(CallTagLibScript.java:101)
	at org.apache.commons.jelly.tags.define.InvokeBodyTag.doTag(InvokeBodyTag.java:91)
	at org.apache.commons.jelly.impl.TagScript.run(TagScript.java:265)
	at org.apache.commons.jelly.impl.ScriptBlock.run(ScriptBlock.java:95)
	at org.kohsuke.stapler.jelly.ReallyStaticTagLibrary$1.run(ReallyStaticTagLibrary.java:101)
	at org.kohsuke.stapler.jelly.CallTagLibScript$1.run(CallTagLibScript.java:101)
	at org.apache.commons.jelly.tags.define.InvokeBodyTag.doTag(InvokeBodyTag.java:91)
	at org.apache.commons.jelly.impl.TagScript.run(TagScript.java:265)
	at org.apache.commons.jelly.impl.TagScript.getBodyText(TagScript.java:761)
	at org.apache.commons.jelly.tags.core.CoreTagLibrary$3.run(CoreTagLibrary.java:141)
	at org.apache.commons.jelly.impl.ScriptBlock.run(ScriptBlock.java:95)
	at org.apache.commons.jelly.tags.core.CoreTagLibrary$2.run(CoreTagLibrary.java:105)
	at org.kohsuke.stapler.jelly.CallTagLibScript.run(CallTagLibScript.java:122)
	at org.apache.commons.jelly.impl.ScriptBlock.run(ScriptBlock.java:95)
	at org.apache.commons.jelly.tags.core.CoreTagLibrary$2.run(CoreTagLibrary.java:105)
	at org.kohsuke.stapler.jelly.CallTagLibScript.run(CallTagLibScript.java:122)
	at org.apache.commons.jelly.tags.core.CoreTagLibrary$2.run(CoreTagLibrary.java:105)
	at org.kohsuke.stapler.jelly.CallTagLibScript.run(CallTagLibScript.java:122)
	at org.apache.commons.jelly.impl.ScriptBlock.run(ScriptBlock.java:95)
	at org.apache.commons.jelly.tags.core.CoreTagLibrary$2.run(CoreTagLibrary.java:105)
	at org.kohsuke.stapler.jelly.JellyViewScript.run(JellyViewScript.java:99)
	at org.kohsuke.stapler.jelly.IncludeTag.doTag(IncludeTag.java:172)
	at org.apache.commons.jelly.impl.TagScript.run(TagScript.java:265)
	at org.apache.commons.jelly.impl.ScriptBlock.run(ScriptBlock.java:95)
	at org.kohsuke.stapler.jelly.CallTagLibScript$1.run(CallTagLibScript.java:101)
	at org.apache.commons.jelly.tags.define.InvokeBodyTag.doTag(InvokeBodyTag.java:91)
	at org.apache.commons.jelly.impl.TagScript.run(TagScript.java:265)
	at org.kohsuke.stapler.jelly.ReallyStaticTagLibrary$1.run(ReallyStaticTagLibrary.java:101)
	at org.kohsuke.stapler.jelly.ReallyStaticTagLibrary$1.run(ReallyStaticTagLibrary.java:101)
	at org.apache.commons.jelly.impl.ScriptBlock.run(ScriptBlock.java:95)
	at org.apache.commons.jelly.tags.core.CoreTagLibrary$2.run(CoreTagLibrary.java:105)
	at org.kohsuke.stapler.jelly.CallTagLibScript.run(CallTagLibScript.java:122)
	at org.apache.commons.jelly.impl.ScriptBlock.run(ScriptBlock.java:95)
	at org.kohsuke.stapler.jelly.CallTagLibScript$1.run(CallTagLibScript.java:101)
	at org.apache.commons.jelly.tags.define.InvokeBodyTag.doTag(InvokeBodyTag.java:91)
	at org.apache.commons.jelly.impl.TagScript.run(TagScript.java:265)
	at org.apache.commons.jelly.impl.ScriptBlock.run(ScriptBlock.java:95)
	at org.apache.commons.jelly.tags.core.CoreTagLibrary$1.run(CoreTagLibrary.java:98)
	at org.apache.commons.jelly.impl.ScriptBlock.run(ScriptBlock.java:95)
	at org.apache.commons.jelly.tags.core.CoreTagLibrary$2.run(CoreTagLibrary.java:105)
	at org.kohsuke.stapler.jelly.CallTagLibScript.run(CallTagLibScript.java:122)
	at org.apache.commons.jelly.impl.ScriptBlock.run(ScriptBlock.java:95)
	at org.kohsuke.stapler.jelly.CallTagLibScript$1.run(CallTagLibScript.java:101)
	at org.apache.commons.jelly.tags.define.InvokeBodyTag.doTag(InvokeBodyTag.java:91)
	at org.apache.commons.jelly.impl.TagScript.run(TagScript.java:265)
	at org.apache.commons.jelly.impl.ScriptBlock.run(ScriptBlock.java:95)
	at org.kohsuke.stapler.jelly.ReallyStaticTagLibrary$1.run(ReallyStaticTagLibrary.java:101)
	at org.apache.commons.jelly.impl.ScriptBlock.run(ScriptBlock.java:95)
	at org.kohsuke.stapler.jelly.ReallyStaticTagLibrary$1.run(ReallyStaticTagLibrary.java:101)
	at org.apache.commons.jelly.impl.ScriptBlock.run(ScriptBlock.java:95)
	at org.kohsuke.stapler.jelly.ReallyStaticTagLibrary$1.run(ReallyStaticTagLibrary.java:101)
	at org.apache.commons.jelly.impl.ScriptBlock.run(ScriptBlock.java:95)
	at org.kohsuke.stapler.jelly.ReallyStaticTagLibrary$1.run(ReallyStaticTagLibrary.java:101)
	at org.apache.commons.jelly.impl.ScriptBlock.run(ScriptBlock.java:95)
	at org.kohsuke.stapler.jelly.CallTagLibScript$1.run(CallTagLibScript.java:101)
	at org.apache.commons.jelly.tags.define.InvokeBodyTag.doTag(InvokeBodyTag.java:91)
	at org.apache.commons.jelly.impl.TagScript.run(TagScript.java:265)
	at org.apache.commons.jelly.impl.ScriptBlock.run(ScriptBlock.java:95)
	at org.apache.commons.jelly.tags.core.CoreTagLibrary$2.run(CoreTagLibrary.java:105)
	at org.kohsuke.stapler.jelly.CallTagLibScript.run(CallTagLibScript.java:122)
	at org.apache.commons.jelly.impl.ScriptBlock.run(ScriptBlock.java:95)
	at org.apache.commons.jelly.tags.core.CoreTagLibrary$2.run(CoreTagLibrary.java:105)
	at org.kohsuke.stapler.jelly.CallTagLibScript.run(CallTagLibScript.java:122)
	at org.apache.commons.jelly.tags.core.CoreTagLibrary$2.run(CoreTagLibrary.java:105)
	at org.kohsuke.stapler.jelly.JellyViewScript.run(JellyViewScript.java:99)
	at org.kohsuke.stapler.jelly.DefaultScriptInvoker.invokeScript(DefaultScriptInvoker.java:66)
	at org.kohsuke.stapler.jelly.DefaultScriptInvoker.invokeScript(DefaultScriptInvoker.java:55)
	at org.kohsuke.stapler.jelly.ScriptInvoker.execute(ScriptInvoker.java:56)
	at org.kohsuke.stapler.jelly.ScriptInvoker.execute(ScriptInvoker.java:43)
	at org.kohsuke.stapler.Facet$1.dispatch(Facet.java:240)
	at org.kohsuke.stapler.Stapler.tryInvoke(Stapler.java:770)
	at org.kohsuke.stapler.Stapler.invoke(Stapler.java:900)
	at org.kohsuke.stapler.MetaClass$4.doDispatch(MetaClass.java:289)
	at org.kohsuke.stapler.NameBasedDispatcher.dispatch(NameBasedDispatcher.java:59)
	at org.kohsuke.stapler.Stapler.tryInvoke(Stapler.java:770)
	at org.kohsuke.stapler.Stapler.invoke(Stapler.java:900)
	at org.kohsuke.stapler.Stapler.invoke(Stapler.java:698)
	at org.kohsuke.stapler.Stapler.service(Stapler.java:248)
	at javax.servlet.http.HttpServlet.service(HttpServlet.java:584)
	at org.eclipse.jetty.servlet.ServletHolder.handle(ServletHolder.java:764)
	at org.eclipse.jetty.servlet.ServletHandler$ChainEnd.doFilter(ServletHandler.java:1665)
	at hudson.util.PluginServletFilter$1.doFilter(PluginServletFilter.java:163)
	at jenkins.util.HttpServletFilter$1.doFilter(HttpServletFilter.java:76)
	at hudson.util.PluginServletFilter$1.doFilter(PluginServletFilter.java:160)
	at hudson.util.PluginServletFilter.doFilter(PluginServletFilter.java:166)
	at org.eclipse.jetty.servlet.FilterHolder.doFilter(FilterHolder.java:202)
	at org.eclipse.jetty.servlet.ServletHandler$Chain.doFilter(ServletHandler.java:1635)
	at hudson.security.csrf.CrumbFilter.doFilter(CrumbFilter.java:160)
	at org.eclipse.jetty.servlet.FilterHolder.doFilter(FilterHolder.java:202)
	at org.eclipse.jetty.servlet.ServletHandler$Chain.doFilter(ServletHandler.java:1635)
	at hudson.security.ChainedServletFilter$1.doFilter(ChainedServletFilter.java:94)
	at hudson.security.ChainedServletFilter.doFilter(ChainedServletFilter.java:111)
	at hudson.security.HudsonFilter.doFilter(HudsonFilter.java:172)
	at org.eclipse.jetty.servlet.FilterHolder.doFilter(FilterHolder.java:202)
	at org.eclipse.jetty.servlet.ServletHandler$Chain.doFilter(ServletHandler.java:1635)
	at org.kohsuke.stapler.compression.CompressionFilter.doFilter(CompressionFilter.java:53)
	at org.eclipse.jetty.servlet.FilterHolder.doFilter(FilterHolder.java:202)
	at org.eclipse.jetty.servlet.ServletHandler$Chain.doFilter(ServletHandler.java:1635)
	at hudson.util.CharacterEncodingFilter.doFilter(CharacterEncodingFilter.java:86)
	at org.eclipse.jetty.servlet.FilterHolder.doFilter(FilterHolder.java:202)
	at org.eclipse.jetty.servlet.ServletHandler$Chain.doFilter(ServletHandler.java:1635)
	at org.kohsuke.stapler.DiagnosticThreadNameFilter.doFilter(DiagnosticThreadNameFilter.java:30)
	at org.eclipse.jetty.servlet.FilterHolder.doFilter(FilterHolder.java:202)
	at org.eclipse.jetty.servlet.ServletHandler$Chain.doFilter(ServletHandler.java:1635)
	at jenkins.security.SuspiciousRequestFilter.doFilter(SuspiciousRequestFilter.java:38)
	at org.eclipse.jetty.servlet.FilterHolder.doFilter(FilterHolder.java:202)
	at org.eclipse.jetty.servlet.ServletHandler$Chain.doFilter(ServletHandler.java:1635)
	at org.eclipse.jetty.servlet.ServletHandler.doHandle(ServletHandler.java:527)
	at org.eclipse.jetty.server.handler.ScopedHandler.handle(ScopedHandler.java:131)
	at org.eclipse.jetty.security.SecurityHandler.handle(SecurityHandler.java:569)
	at org.eclipse.jetty.server.handler.HandlerWrapper.handle(HandlerWrapper.java:122)
	at org.eclipse.jetty.server.handler.ScopedHandler.nextHandle(ScopedHandler.java:223)
	at org.eclipse.jetty.server.session.SessionHandler.doHandle(SessionHandler.java:1570)
	at org.eclipse.jetty.server.handler.ScopedHandler.nextHandle(ScopedHandler.java:221)
	at org.eclipse.jetty.server.handler.ContextHandler.doHandle(ContextHandler.java:1384)
	at org.eclipse.jetty.server.handler.ScopedHandler.nextScope(ScopedHandler.java:176)
	at org.eclipse.jetty.servlet.ServletHandler.doScope(ServletHandler.java:484)
	at org.eclipse.jetty.server.session.SessionHandler.doScope(SessionHandler.java:1543)
	at org.eclipse.jetty.server.handler.ScopedHandler.nextScope(ScopedHandler.java:174)
	at org.eclipse.jetty.server.handler.ContextHandler.doScope(ContextHandler.java:1306)
	at org.eclipse.jetty.server.handler.ScopedHandler.handle(ScopedHandler.java:129)
	at org.eclipse.jetty.server.handler.HandlerWrapper.handle(HandlerWrapper.java:122)
	at org.eclipse.jetty.server.Server.handle(Server.java:563)
	at org.eclipse.jetty.server.HttpChannel$RequestDispatchable.dispatch(HttpChannel.java:1598)
	at org.eclipse.jetty.server.HttpChannel.dispatch(HttpChannel.java:753)
	at org.eclipse.jetty.server.HttpChannel.handle(HttpChannel.java:501)
	at org.eclipse.jetty.server.HttpConnection.onFillable(HttpConnection.java:287)
	at org.eclipse.jetty.io.AbstractConnection$ReadCallback.succeeded(AbstractConnection.java:314)
	at org.eclipse.jetty.io.FillInterest.fillable(FillInterest.java:100)
	at org.eclipse.jetty.io.SelectableChannelEndPoint$1.run(SelectableChannelEndPoint.java:53)
	at org.eclipse.jetty.util.thread.QueuedThreadPool.runJob(QueuedThreadPool.java:969)
	at org.eclipse.jetty.util.thread.QueuedThreadPool$Runner.doRunJob(QueuedThreadPool.java:1194)
	at org.eclipse.jetty.util.thread.QueuedThreadPool$Runner.run(QueuedThreadPool.java:1149)
	at java.base/java.lang.Thread.run(Thread.java:1583)
  11.060 [id=88]	WARNING	hudson.model.Descriptor#newInstancesFromHeteroList: Received unexpected form data element: {"stapler-class":"","$class":""}
  13.029 [id=81]	INFO	hudson.lifecycle.Lifecycle#onStatusUpdate: Stopping Jenkins
  13.054 [id=81]	INFO	hudson.lifecycle.Lifecycle#onStatusUpdate: Jenkins stopped
  13.230 [id=81]	INFO	o.j.h.t.TemporaryDirectoryAllocator#dispose: deleting /Users/patrickbernard/Documents/Projet-SI/demo_plugin_jenkins/demo-plugin/target/tmp/j h1553112007211306011
]]></system-err>
  </testcase>
  <testcase name="testConfigRoundtripFrench" classname="io.jenkins.plugins.sample.HelloWorldBuilderTest" time="10.182">
    <error message="Index 0 out of bounds for length 0" type="java.lang.IndexOutOfBoundsException"><![CDATA[java.lang.IndexOutOfBoundsException: Index 0 out of bounds for length 0
	at java.base/jdk.internal.util.Preconditions.outOfBounds(Preconditions.java:100)
	at java.base/jdk.internal.util.Preconditions.outOfBoundsCheckIndex(Preconditions.java:106)
	at java.base/jdk.internal.util.Preconditions.checkIndex(Preconditions.java:302)
	at java.base/java.util.Objects.checkIndex(Objects.java:385)
	at java.base/java.util.ArrayList.get(ArrayList.java:427)
	at hudson.util.CopyOnWriteList.get(CopyOnWriteList.java:157)
	at hudson.util.PersistedList.get(PersistedList.java:101)
	at io.jenkins.plugins.sample.HelloWorldBuilderTest.testConfigRoundtripFrench(HelloWorldBuilderTest.java:39)
	at java.base/java.lang.reflect.Method.invoke(Method.java:580)
	at org.jvnet.hudson.test.JenkinsRule$1.evaluate(JenkinsRule.java:655)
	at java.base/java.util.concurrent.FutureTask.run(FutureTask.java:317)
	at java.base/java.lang.Thread.run(Thread.java:1583)
]]></error>
    <system-out><![CDATA[=== Starting testConfigRoundtripFrench(io.jenkins.plugins.sample.HelloWorldBuilderTest)
]]></system-out>
    <system-err><![CDATA[   0.012 [id=137]	INFO	o.jvnet.hudson.test.JenkinsRule#createWebServer: Running on http://localhost:49417/jenkins/
   0.036 [id=150]	INFO	jenkins.InitReactorRunner$1#onAttained: Started initialization
   0.038 [id=156]	INFO	jenkins.InitReactorRunner$1#onAttained: Listed all plugins
   0.040 [id=154]	INFO	j.b.api.BouncyCastlePlugin#start: /Users/patrickbernard/Documents/Projet-SI/demo_plugin_jenkins/demo-plugin/target/tmp/j h68187014267891292/plugins/bouncycastle-api/WEB-INF/optional-lib not found; for non RealJenkinsRule this is fine and can be ignored.
   0.163 [id=155]	INFO	jenkins.InitReactorRunner$1#onAttained: Prepared all plugins
   0.165 [id=152]	INFO	jenkins.InitReactorRunner$1#onAttained: Started all plugins
   0.167 [id=152]	INFO	jenkins.InitReactorRunner$1#onAttained: Augmented all extensions
   3.768 [id=154]	INFO	jenkins.InitReactorRunner$1#onAttained: System config loaded
   3.768 [id=154]	INFO	jenkins.InitReactorRunner$1#onAttained: System config adapted
   3.769 [id=153]	INFO	jenkins.InitReactorRunner$1#onAttained: Loaded all jobs
   3.770 [id=153]	INFO	jenkins.InitReactorRunner$1#onAttained: Configuration for all jobs updated
   3.808 [id=151]	INFO	jenkins.InitReactorRunner$1#onAttained: Completed initialization
   5.422 [id=143]	WARNING	h.ExpressionFactory2$JexlExpression#evaluate: Caught exception evaluating: i.descriptor in /jenkins/job/test0/configure. Reason: java.lang.reflect.InvocationTargetException
java.lang.AssertionError: class io.jenkins.plugins.sample.HelloWorldBuilder is missing its descriptor
	at jenkins.model.Jenkins.getDescriptorOrDie(Jenkins.java:1654)
	at hudson.tasks.Builder.getDescriptor(Builder.java:70)
	at java.base/jdk.internal.reflect.DirectMethodHandleAccessor.invoke(DirectMethodHandleAccessor.java:103)
Caused: java.lang.reflect.InvocationTargetException
	at java.base/jdk.internal.reflect.DirectMethodHandleAccessor.invoke(DirectMethodHandleAccessor.java:118)
	at java.base/java.lang.reflect.Method.invoke(Method.java:580)
	at org.apache.commons.jexl.util.PropertyExecutor.execute(PropertyExecutor.java:125)
	at org.apache.commons.jexl.util.introspection.UberspectImpl$VelGetterImpl.invoke(UberspectImpl.java:314)
	at org.apache.commons.jexl.parser.ASTArrayAccess.evaluateExpr(ASTArrayAccess.java:185)
	at org.apache.commons.jexl.parser.ASTIdentifier.execute(ASTIdentifier.java:75)
	at org.apache.commons.jexl.parser.ASTReference.execute(ASTReference.java:83)
	at org.apache.commons.jexl.parser.ASTReference.value(ASTReference.java:57)
	at org.apache.commons.jexl.parser.ASTReferenceExpression.value(ASTReferenceExpression.java:51)
	at org.apache.commons.jexl.ExpressionImpl.evaluate(ExpressionImpl.java:80)
	at hudson.ExpressionFactory2$JexlExpression.evaluate(ExpressionFactory2.java:76)
	at org.apache.commons.jelly.tags.core.CoreTagLibrary$3.run(CoreTagLibrary.java:134)
	at org.apache.commons.jelly.impl.ScriptBlock.run(ScriptBlock.java:95)
	at org.apache.commons.jelly.TagSupport.invokeBody(TagSupport.java:161)
	at org.apache.commons.jelly.tags.core.ForEachTag.doTag(ForEachTag.java:150)
	at org.apache.commons.jelly.impl.TagScript.run(TagScript.java:265)
	at org.apache.commons.jelly.impl.ScriptBlock.run(ScriptBlock.java:95)
	at org.kohsuke.stapler.jelly.ReallyStaticTagLibrary$1.run(ReallyStaticTagLibrary.java:101)
	at org.apache.commons.jelly.impl.ScriptBlock.run(ScriptBlock.java:95)
	at org.apache.commons.jelly.tags.core.CoreTagLibrary$2.run(CoreTagLibrary.java:105)
	at org.kohsuke.stapler.jelly.CallTagLibScript.run(CallTagLibScript.java:122)
	at org.kohsuke.stapler.jelly.CallTagLibScript$1.run(CallTagLibScript.java:101)
	at org.apache.commons.jelly.tags.define.InvokeBodyTag.doTag(InvokeBodyTag.java:91)
	at org.apache.commons.jelly.impl.TagScript.run(TagScript.java:265)
	at org.kohsuke.stapler.jelly.ReallyStaticTagLibrary$1.run(ReallyStaticTagLibrary.java:101)
	at org.kohsuke.stapler.jelly.ReallyStaticTagLibrary$1.run(ReallyStaticTagLibrary.java:101)
	at org.apache.commons.jelly.impl.ScriptBlock.run(ScriptBlock.java:95)
	at org.apache.commons.jelly.tags.core.CoreTagLibrary$2.run(CoreTagLibrary.java:105)
	at org.kohsuke.stapler.jelly.CallTagLibScript.run(CallTagLibScript.java:122)
	at org.kohsuke.stapler.jelly.CallTagLibScript$1.run(CallTagLibScript.java:101)
	at org.apache.commons.jelly.tags.define.InvokeBodyTag.doTag(InvokeBodyTag.java:91)
	at org.apache.commons.jelly.impl.TagScript.run(TagScript.java:265)
	at org.apache.commons.jelly.impl.ScriptBlock.run(ScriptBlock.java:95)
	at org.kohsuke.stapler.jelly.ReallyStaticTagLibrary$1.run(ReallyStaticTagLibrary.java:101)
	at org.kohsuke.stapler.jelly.CallTagLibScript$1.run(CallTagLibScript.java:101)
	at org.apache.commons.jelly.tags.define.InvokeBodyTag.doTag(InvokeBodyTag.java:91)
	at org.apache.commons.jelly.impl.TagScript.run(TagScript.java:265)
	at org.apache.commons.jelly.impl.TagScript.getBodyText(TagScript.java:761)
	at org.apache.commons.jelly.tags.core.CoreTagLibrary$3.run(CoreTagLibrary.java:141)
	at org.apache.commons.jelly.impl.ScriptBlock.run(ScriptBlock.java:95)
	at org.apache.commons.jelly.tags.core.CoreTagLibrary$2.run(CoreTagLibrary.java:105)
	at org.kohsuke.stapler.jelly.CallTagLibScript.run(CallTagLibScript.java:122)
	at org.apache.commons.jelly.impl.ScriptBlock.run(ScriptBlock.java:95)
	at org.apache.commons.jelly.tags.core.CoreTagLibrary$2.run(CoreTagLibrary.java:105)
	at org.kohsuke.stapler.jelly.CallTagLibScript.run(CallTagLibScript.java:122)
	at org.apache.commons.jelly.tags.core.CoreTagLibrary$2.run(CoreTagLibrary.java:105)
	at org.kohsuke.stapler.jelly.CallTagLibScript.run(CallTagLibScript.java:122)
	at org.apache.commons.jelly.impl.ScriptBlock.run(ScriptBlock.java:95)
	at org.apache.commons.jelly.tags.core.CoreTagLibrary$2.run(CoreTagLibrary.java:105)
	at org.kohsuke.stapler.jelly.JellyViewScript.run(JellyViewScript.java:99)
	at org.kohsuke.stapler.jelly.IncludeTag.doTag(IncludeTag.java:172)
	at org.apache.commons.jelly.impl.TagScript.run(TagScript.java:265)
	at org.apache.commons.jelly.impl.ScriptBlock.run(ScriptBlock.java:95)
	at org.kohsuke.stapler.jelly.CallTagLibScript$1.run(CallTagLibScript.java:101)
	at org.apache.commons.jelly.tags.define.InvokeBodyTag.doTag(InvokeBodyTag.java:91)
	at org.apache.commons.jelly.impl.TagScript.run(TagScript.java:265)
	at org.kohsuke.stapler.jelly.ReallyStaticTagLibrary$1.run(ReallyStaticTagLibrary.java:101)
	at org.kohsuke.stapler.jelly.ReallyStaticTagLibrary$1.run(ReallyStaticTagLibrary.java:101)
	at org.apache.commons.jelly.impl.ScriptBlock.run(ScriptBlock.java:95)
	at org.apache.commons.jelly.tags.core.CoreTagLibrary$2.run(CoreTagLibrary.java:105)
	at org.kohsuke.stapler.jelly.CallTagLibScript.run(CallTagLibScript.java:122)
	at org.apache.commons.jelly.impl.ScriptBlock.run(ScriptBlock.java:95)
	at org.kohsuke.stapler.jelly.CallTagLibScript$1.run(CallTagLibScript.java:101)
	at org.apache.commons.jelly.tags.define.InvokeBodyTag.doTag(InvokeBodyTag.java:91)
	at org.apache.commons.jelly.impl.TagScript.run(TagScript.java:265)
	at org.apache.commons.jelly.impl.ScriptBlock.run(ScriptBlock.java:95)
	at org.apache.commons.jelly.tags.core.CoreTagLibrary$1.run(CoreTagLibrary.java:98)
	at org.apache.commons.jelly.impl.ScriptBlock.run(ScriptBlock.java:95)
	at org.apache.commons.jelly.tags.core.CoreTagLibrary$2.run(CoreTagLibrary.java:105)
	at org.kohsuke.stapler.jelly.CallTagLibScript.run(CallTagLibScript.java:122)
	at org.apache.commons.jelly.impl.ScriptBlock.run(ScriptBlock.java:95)
	at org.kohsuke.stapler.jelly.CallTagLibScript$1.run(CallTagLibScript.java:101)
	at org.apache.commons.jelly.tags.define.InvokeBodyTag.doTag(InvokeBodyTag.java:91)
	at org.apache.commons.jelly.impl.TagScript.run(TagScript.java:265)
	at org.apache.commons.jelly.impl.ScriptBlock.run(ScriptBlock.java:95)
	at org.kohsuke.stapler.jelly.ReallyStaticTagLibrary$1.run(ReallyStaticTagLibrary.java:101)
	at org.apache.commons.jelly.impl.ScriptBlock.run(ScriptBlock.java:95)
	at org.kohsuke.stapler.jelly.ReallyStaticTagLibrary$1.run(ReallyStaticTagLibrary.java:101)
	at org.apache.commons.jelly.impl.ScriptBlock.run(ScriptBlock.java:95)
	at org.kohsuke.stapler.jelly.ReallyStaticTagLibrary$1.run(ReallyStaticTagLibrary.java:101)
	at org.apache.commons.jelly.impl.ScriptBlock.run(ScriptBlock.java:95)
	at org.kohsuke.stapler.jelly.ReallyStaticTagLibrary$1.run(ReallyStaticTagLibrary.java:101)
	at org.apache.commons.jelly.impl.ScriptBlock.run(ScriptBlock.java:95)
	at org.kohsuke.stapler.jelly.CallTagLibScript$1.run(CallTagLibScript.java:101)
	at org.apache.commons.jelly.tags.define.InvokeBodyTag.doTag(InvokeBodyTag.java:91)
	at org.apache.commons.jelly.impl.TagScript.run(TagScript.java:265)
	at org.apache.commons.jelly.impl.ScriptBlock.run(ScriptBlock.java:95)
	at org.apache.commons.jelly.tags.core.CoreTagLibrary$2.run(CoreTagLibrary.java:105)
	at org.kohsuke.stapler.jelly.CallTagLibScript.run(CallTagLibScript.java:122)
	at org.apache.commons.jelly.impl.ScriptBlock.run(ScriptBlock.java:95)
	at org.apache.commons.jelly.tags.core.CoreTagLibrary$2.run(CoreTagLibrary.java:105)
	at org.kohsuke.stapler.jelly.CallTagLibScript.run(CallTagLibScript.java:122)
	at org.apache.commons.jelly.tags.core.CoreTagLibrary$2.run(CoreTagLibrary.java:105)
	at org.kohsuke.stapler.jelly.JellyViewScript.run(JellyViewScript.java:99)
	at org.kohsuke.stapler.jelly.DefaultScriptInvoker.invokeScript(DefaultScriptInvoker.java:66)
	at org.kohsuke.stapler.jelly.DefaultScriptInvoker.invokeScript(DefaultScriptInvoker.java:55)
	at org.kohsuke.stapler.jelly.ScriptInvoker.execute(ScriptInvoker.java:56)
	at org.kohsuke.stapler.jelly.ScriptInvoker.execute(ScriptInvoker.java:43)
	at org.kohsuke.stapler.Facet$1.dispatch(Facet.java:240)
	at org.kohsuke.stapler.Stapler.tryInvoke(Stapler.java:770)
	at org.kohsuke.stapler.Stapler.invoke(Stapler.java:900)
	at org.kohsuke.stapler.MetaClass$4.doDispatch(MetaClass.java:289)
	at org.kohsuke.stapler.NameBasedDispatcher.dispatch(NameBasedDispatcher.java:59)
	at org.kohsuke.stapler.Stapler.tryInvoke(Stapler.java:770)
	at org.kohsuke.stapler.Stapler.invoke(Stapler.java:900)
	at org.kohsuke.stapler.Stapler.invoke(Stapler.java:698)
	at org.kohsuke.stapler.Stapler.service(Stapler.java:248)
	at javax.servlet.http.HttpServlet.service(HttpServlet.java:584)
	at org.eclipse.jetty.servlet.ServletHolder.handle(ServletHolder.java:764)
	at org.eclipse.jetty.servlet.ServletHandler$ChainEnd.doFilter(ServletHandler.java:1665)
	at hudson.util.PluginServletFilter$1.doFilter(PluginServletFilter.java:163)
	at jenkins.util.HttpServletFilter$1.doFilter(HttpServletFilter.java:76)
	at hudson.util.PluginServletFilter$1.doFilter(PluginServletFilter.java:160)
	at hudson.util.PluginServletFilter.doFilter(PluginServletFilter.java:166)
	at org.eclipse.jetty.servlet.FilterHolder.doFilter(FilterHolder.java:202)
	at org.eclipse.jetty.servlet.ServletHandler$Chain.doFilter(ServletHandler.java:1635)
	at hudson.security.csrf.CrumbFilter.doFilter(CrumbFilter.java:160)
	at org.eclipse.jetty.servlet.FilterHolder.doFilter(FilterHolder.java:202)
	at org.eclipse.jetty.servlet.ServletHandler$Chain.doFilter(ServletHandler.java:1635)
	at hudson.security.ChainedServletFilter$1.doFilter(ChainedServletFilter.java:94)
	at hudson.security.ChainedServletFilter.doFilter(ChainedServletFilter.java:111)
	at hudson.security.HudsonFilter.doFilter(HudsonFilter.java:172)
	at org.eclipse.jetty.servlet.FilterHolder.doFilter(FilterHolder.java:202)
	at org.eclipse.jetty.servlet.ServletHandler$Chain.doFilter(ServletHandler.java:1635)
	at org.kohsuke.stapler.compression.CompressionFilter.doFilter(CompressionFilter.java:53)
	at org.eclipse.jetty.servlet.FilterHolder.doFilter(FilterHolder.java:202)
	at org.eclipse.jetty.servlet.ServletHandler$Chain.doFilter(ServletHandler.java:1635)
	at hudson.util.CharacterEncodingFilter.doFilter(CharacterEncodingFilter.java:86)
	at org.eclipse.jetty.servlet.FilterHolder.doFilter(FilterHolder.java:202)
	at org.eclipse.jetty.servlet.ServletHandler$Chain.doFilter(ServletHandler.java:1635)
	at org.kohsuke.stapler.DiagnosticThreadNameFilter.doFilter(DiagnosticThreadNameFilter.java:30)
	at org.eclipse.jetty.servlet.FilterHolder.doFilter(FilterHolder.java:202)
	at org.eclipse.jetty.servlet.ServletHandler$Chain.doFilter(ServletHandler.java:1635)
	at jenkins.security.SuspiciousRequestFilter.doFilter(SuspiciousRequestFilter.java:38)
	at org.eclipse.jetty.servlet.FilterHolder.doFilter(FilterHolder.java:202)
	at org.eclipse.jetty.servlet.ServletHandler$Chain.doFilter(ServletHandler.java:1635)
	at org.eclipse.jetty.servlet.ServletHandler.doHandle(ServletHandler.java:527)
	at org.eclipse.jetty.server.handler.ScopedHandler.handle(ScopedHandler.java:131)
	at org.eclipse.jetty.security.SecurityHandler.handle(SecurityHandler.java:569)
	at org.eclipse.jetty.server.handler.HandlerWrapper.handle(HandlerWrapper.java:122)
	at org.eclipse.jetty.server.handler.ScopedHandler.nextHandle(ScopedHandler.java:223)
	at org.eclipse.jetty.server.session.SessionHandler.doHandle(SessionHandler.java:1570)
	at org.eclipse.jetty.server.handler.ScopedHandler.nextHandle(ScopedHandler.java:221)
	at org.eclipse.jetty.server.handler.ContextHandler.doHandle(ContextHandler.java:1384)
	at org.eclipse.jetty.server.handler.ScopedHandler.nextScope(ScopedHandler.java:176)
	at org.eclipse.jetty.servlet.ServletHandler.doScope(ServletHandler.java:484)
	at org.eclipse.jetty.server.session.SessionHandler.doScope(SessionHandler.java:1543)
	at org.eclipse.jetty.server.handler.ScopedHandler.nextScope(ScopedHandler.java:174)
	at org.eclipse.jetty.server.handler.ContextHandler.doScope(ContextHandler.java:1306)
	at org.eclipse.jetty.server.handler.ScopedHandler.handle(ScopedHandler.java:129)
	at org.eclipse.jetty.server.handler.HandlerWrapper.handle(HandlerWrapper.java:122)
	at org.eclipse.jetty.server.Server.handle(Server.java:563)
	at org.eclipse.jetty.server.HttpChannel$RequestDispatchable.dispatch(HttpChannel.java:1598)
	at org.eclipse.jetty.server.HttpChannel.dispatch(HttpChannel.java:753)
	at org.eclipse.jetty.server.HttpChannel.handle(HttpChannel.java:501)
	at org.eclipse.jetty.server.HttpConnection.onFillable(HttpConnection.java:287)
	at org.eclipse.jetty.io.AbstractConnection$ReadCallback.succeeded(AbstractConnection.java:314)
	at org.eclipse.jetty.io.FillInterest.fillable(FillInterest.java:100)
	at org.eclipse.jetty.io.SelectableChannelEndPoint$1.run(SelectableChannelEndPoint.java:53)
	at org.eclipse.jetty.util.thread.QueuedThreadPool.runJob(QueuedThreadPool.java:969)
	at org.eclipse.jetty.util.thread.QueuedThreadPool$Runner.doRunJob(QueuedThreadPool.java:1194)
	at org.eclipse.jetty.util.thread.QueuedThreadPool$Runner.run(QueuedThreadPool.java:1149)
	at java.base/java.lang.Thread.run(Thread.java:1583)
   8.167 [id=144]	WARNING	hudson.model.Descriptor#newInstancesFromHeteroList: Received unexpected form data element: {"stapler-class":"","$class":""}
   9.969 [id=137]	INFO	hudson.lifecycle.Lifecycle#onStatusUpdate: Stopping Jenkins
   9.991 [id=137]	INFO	hudson.lifecycle.Lifecycle#onStatusUpdate: Jenkins stopped
  10.171 [id=137]	INFO	o.j.h.t.TemporaryDirectoryAllocator#dispose: deleting /Users/patrickbernard/Documents/Projet-SI/demo_plugin_jenkins/demo-plugin/target/tmp/j h68187014267891292
]]></system-err>
  </testcase>
  <testcase name="testBuildFrench" classname="io.jenkins.plugins.sample.HelloWorldBuilderTest" time="2.017">
    <system-out><![CDATA[=== Starting testBuildFrench(io.jenkins.plugins.sample.HelloWorldBuilderTest)
]]></system-out>
    <system-err><![CDATA[   0.017 [id=184]	INFO	o.jvnet.hudson.test.JenkinsRule#createWebServer: Running on http://localhost:49421/jenkins/
   0.042 [id=197]	INFO	jenkins.InitReactorRunner$1#onAttained: Started initialization
   0.044 [id=196]	INFO	jenkins.InitReactorRunner$1#onAttained: Listed all plugins
   0.046 [id=199]	INFO	j.b.api.BouncyCastlePlugin#start: /Users/patrickbernard/Documents/Projet-SI/demo_plugin_jenkins/demo-plugin/target/tmp/j h14559526517582667733/plugins/bouncycastle-api/WEB-INF/optional-lib not found; for non RealJenkinsRule this is fine and can be ignored.
   0.167 [id=198]	INFO	jenkins.InitReactorRunner$1#onAttained: Prepared all plugins
   0.168 [id=199]	INFO	jenkins.InitReactorRunner$1#onAttained: Started all plugins
   0.170 [id=200]	INFO	jenkins.InitReactorRunner$1#onAttained: Augmented all extensions
   1.106 [id=198]	INFO	jenkins.InitReactorRunner$1#onAttained: System config loaded
   1.106 [id=202]	INFO	jenkins.InitReactorRunner$1#onAttained: System config adapted
   1.107 [id=198]	INFO	jenkins.InitReactorRunner$1#onAttained: Loaded all jobs
   1.107 [id=196]	INFO	jenkins.InitReactorRunner$1#onAttained: Configuration for all jobs updated
   1.130 [id=199]	INFO	jenkins.InitReactorRunner$1#onAttained: Completed initialization
   1.762 [id=184]	INFO	hudson.lifecycle.Lifecycle#onStatusUpdate: Stopping Jenkins
   1.783 [id=184]	INFO	hudson.lifecycle.Lifecycle#onStatusUpdate: Jenkins stopped
   1.997 [id=184]	INFO	o.j.h.t.TemporaryDirectoryAllocator#dispose: deleting /Users/patrickbernard/Documents/Projet-SI/demo_plugin_jenkins/demo-plugin/target/tmp/j h14559526517582667733
]]></system-err>
  </testcase>
  <testcase name="testScriptedPipeline" classname="io.jenkins.plugins.sample.HelloWorldBuilderTest" time="5.916">
    <failure message="unexpected build status; build log was:&#10;------&#10;Started&#10;[Pipeline] Start of Pipeline&#10;[Pipeline] node&#10;Running on Jenkins in /Users/patrickbernard/Documents/Projet-SI/demo_plugin_jenkins/demo-plugin/target/tmp/j h9941232669489161725/workspace/test-scripted-pipeline&#10;[Pipeline] {&#10;[Pipeline] }&#10;[Pipeline] // node&#10;[Pipeline] End of Pipeline&#10;Also:   org.jenkinsci.plugins.workflow.actions.ErrorAction$ErrorId: 7b5a0371-16b4-4a41-b3c0-88d4ac940406&#10;java.lang.NoSuchMethodError: No such DSL method &apos;greet&apos; found among steps [archive, bat, catchError, checkout, deleteDir, dir, echo, error, fileExists, getContext, isUnix, load, mail, node, parallel, powershell, pwd, pwsh, readFile, retry, sh, sleep, stash, step, timeout, tool, unarchive, unstable, unstash, waitUntil, warnError, withContext, withEnv, wrap, writeFile, ws] or symbols [agent, all, always, apiToken, architecture, archiveArtifacts, artifactManager, batchFile, booleanParam, buildButton, buildDiscarder, buildDiscarders, builtInNode, caseInsensitive, caseSensitive, choice, choiceParam, clock, command, cron, crumb, defaultDisplayUrlProvider, defaultView, demand, disableConcurrentBuilds, disableResume, downstream, dumb, durabilityHint, envVars, envVarsFilter, experimentalFlags, file, fileParam, filePath, fingerprint, fingerprints, frameOptions, freeStyle, freeStyleJob, fromScm, fromSource, greet, headRegexFilter, headWildcardFilter, hyperlink, hyperlinkToModels, inbound, installSource, jdk, jnlp, jobBuildDiscarder, jobName, lastDuration, lastFailure, lastGrantedAuthorities, lastStable, lastSuccess, legacy, list, local, location, logRotator, loggedInUsersCanDoAnything, mailer, masterBuild, maven, maven3Mojos, mavenErrors, mavenGlobalConfig, mavenMojos, mavenWarnings, myView, nodeProperties, none, nonresumable, paneStatus, parameters, password, pattern, permanent, pipeline, pipelineTriggers, plainText, plugin, pollSCM, projectNamingStrategy, proxy, queueItemAuthenticator, quietPeriod, resourceRoot, retainOnlyVariables, run, runParam, schedule, scmRetryCount, scriptApproval, scriptApprovalLink, search, security, shell, simpleBuildDiscarder, slave, sourceRegexFilter, sourceWildcardFilter, standard, status, string, stringParam, swapSpace, text, textParam, timezone, tmpSpace, toolLocation, unsecured, upstream, userSeed, viewsTabBar, weather, zip] or globals [currentBuild, env, params]&#10;	at org.jenkinsci.plugins.workflow.cps.DSL.invokeMethod(DSL.java:219)&#10;	at org.jenkinsci.plugins.workflow.cps.CpsScript.invokeMethod(CpsScript.java:124)&#10;	at java.base/jdk.internal.reflect.DirectMethodHandleAccessor.invoke(DirectMethodHandleAccessor.java:103)&#10;	at java.base/java.lang.reflect.Method.invoke(Method.java:580)&#10;	at org.codehaus.groovy.reflection.CachedMethod.invoke(CachedMethod.java:98)&#10;	at groovy.lang.MetaMethod.doMethodInvoke(MetaMethod.java:325)&#10;	at groovy.lang.MetaClassImpl.invokeMethod(MetaClassImpl.java:1225)&#10;	at groovy.lang.MetaClassImpl.invokeMethod(MetaClassImpl.java:1034)&#10;	at org.codehaus.groovy.runtime.callsite.PogoMetaClassSite.call(PogoMetaClassSite.java:41)&#10;	at org.codehaus.groovy.runtime.callsite.CallSiteArray.defaultCall(CallSiteArray.java:47)&#10;	at org.codehaus.groovy.runtime.callsite.AbstractCallSite.call(AbstractCallSite.java:116)&#10;	at org.kohsuke.groovy.sandbox.impl.Checker$1.call(Checker.java:180)&#10;	at org.kohsuke.groovy.sandbox.GroovyInterceptor.onMethodCall(GroovyInterceptor.java:23)&#10;	at org.jenkinsci.plugins.scriptsecurity.sandbox.groovy.SandboxInterceptor.onMethodCall(SandboxInterceptor.java:163)&#10;	at org.kohsuke.groovy.sandbox.impl.Checker$1.call(Checker.java:178)&#10;	at org.kohsuke.groovy.sandbox.impl.Checker.checkedCall(Checker.java:182)&#10;	at org.kohsuke.groovy.sandbox.impl.Checker.checkedCall(Checker.java:152)&#10;	at com.cloudbees.groovy.cps.sandbox.SandboxInvoker.methodCall(SandboxInvoker.java:17)&#10;	at org.jenkinsci.plugins.workflow.cps.LoggingInvoker.methodCall(LoggingInvoker.java:105)&#10;	at WorkflowScript.run(WorkflowScript:1)&#10;	at ___cps.transform___(Native Method)&#10;	at com.cloudbees.groovy.cps.impl.ContinuationGroup.methodCall(ContinuationGroup.java:90)&#10;	at com.cloudbees.groovy.cps.impl.FunctionCallBlock$ContinuationImpl.dispatchOrArg(FunctionCallBlock.java:116)&#10;	at com.cloudbees.groovy.cps.impl.FunctionCallBlock$ContinuationImpl.fixArg(FunctionCallBlock.java:85)&#10;	at java.base/jdk.internal.reflect.DirectMethodHandleAccessor.invoke(DirectMethodHandleAccessor.java:103)&#10;	at java.base/java.lang.reflect.Method.invoke(Method.java:580)&#10;	at com.cloudbees.groovy.cps.impl.ContinuationPtr$ContinuationImpl.receive(ContinuationPtr.java:72)&#10;	at com.cloudbees.groovy.cps.impl.ConstantBlock.eval(ConstantBlock.java:21)&#10;	at com.cloudbees.groovy.cps.Next.step(Next.java:83)&#10;	at com.cloudbees.groovy.cps.Continuable$1.call(Continuable.java:152)&#10;	at com.cloudbees.groovy.cps.Continuable$1.call(Continuable.java:146)&#10;	at org.codehaus.groovy.runtime.GroovyCategorySupport$ThreadCategoryInfo.use(GroovyCategorySupport.java:136)&#10;	at org.codehaus.groovy.runtime.GroovyCategorySupport.use(GroovyCategorySupport.java:275)&#10;	at com.cloudbees.groovy.cps.Continuable.run0(Continuable.java:146)&#10;	at org.jenkinsci.plugins.workflow.cps.SandboxContinuable.access$001(SandboxContinuable.java:18)&#10;	at org.jenkinsci.plugins.workflow.cps.SandboxContinuable.run0(SandboxContinuable.java:51)&#10;	at org.jenkinsci.plugins.workflow.cps.CpsThread.runNextChunk(CpsThread.java:187)&#10;	at org.jenkinsci.plugins.workflow.cps.CpsThreadGroup.run(CpsThreadGroup.java:423)&#10;	at org.jenkinsci.plugins.workflow.cps.CpsThreadGroup$2.call(CpsThreadGroup.java:331)&#10;	at org.jenkinsci.plugins.workflow.cps.CpsThreadGroup$2.call(CpsThreadGroup.java:295)&#10;	at org.jenkinsci.plugins.workflow.cps.CpsVmExecutorService$2.call(CpsVmExecutorService.java:97)&#10;	at java.base/java.util.concurrent.FutureTask.run(FutureTask.java:317)&#10;	at hudson.remoting.SingleLaneExecutorService$1.run(SingleLaneExecutorService.java:139)&#10;	at jenkins.util.ContextResettingExecutorService$1.run(ContextResettingExecutorService.java:28)&#10;	at jenkins.security.ImpersonatingExecutorService$1.run(ImpersonatingExecutorService.java:68)&#10;	at jenkins.util.ErrorLoggingExecutorService.lambda$wrap$0(ErrorLoggingExecutorService.java:51)&#10;	at java.base/java.util.concurrent.Executors$RunnableAdapter.call(Executors.java:572)&#10;	at java.base/java.util.concurrent.FutureTask.run(FutureTask.java:317)&#10;	at java.base/java.util.concurrent.ThreadPoolExecutor.runWorker(ThreadPoolExecutor.java:1144)&#10;	at java.base/java.util.concurrent.ThreadPoolExecutor$Worker.run(ThreadPoolExecutor.java:642)&#10;	at java.base/java.lang.Thread.run(Thread.java:1583)&#10;Finished: FAILURE&#10;&#10;------&#10;&#10;Expected: is &lt;SUCCESS&gt;&#10;     but: was &lt;FAILURE&gt;" type="java.lang.AssertionError"><![CDATA[java.lang.AssertionError: 
unexpected build status; build log was:
------
Started
[Pipeline] Start of Pipeline
[Pipeline] node
Running on Jenkins in /Users/patrickbernard/Documents/Projet-SI/demo_plugin_jenkins/demo-plugin/target/tmp/j h9941232669489161725/workspace/test-scripted-pipeline
[Pipeline] {
[Pipeline] }
[Pipeline] // node
[Pipeline] End of Pipeline
Also:   org.jenkinsci.plugins.workflow.actions.ErrorAction$ErrorId: 7b5a0371-16b4-4a41-b3c0-88d4ac940406
java.lang.NoSuchMethodError: No such DSL method 'greet' found among steps [archive, bat, catchError, checkout, deleteDir, dir, echo, error, fileExists, getContext, isUnix, load, mail, node, parallel, powershell, pwd, pwsh, readFile, retry, sh, sleep, stash, step, timeout, tool, unarchive, unstable, unstash, waitUntil, warnError, withContext, withEnv, wrap, writeFile, ws] or symbols [agent, all, always, apiToken, architecture, archiveArtifacts, artifactManager, batchFile, booleanParam, buildButton, buildDiscarder, buildDiscarders, builtInNode, caseInsensitive, caseSensitive, choice, choiceParam, clock, command, cron, crumb, defaultDisplayUrlProvider, defaultView, demand, disableConcurrentBuilds, disableResume, downstream, dumb, durabilityHint, envVars, envVarsFilter, experimentalFlags, file, fileParam, filePath, fingerprint, fingerprints, frameOptions, freeStyle, freeStyleJob, fromScm, fromSource, greet, headRegexFilter, headWildcardFilter, hyperlink, hyperlinkToModels, inbound, installSource, jdk, jnlp, jobBuildDiscarder, jobName, lastDuration, lastFailure, lastGrantedAuthorities, lastStable, lastSuccess, legacy, list, local, location, logRotator, loggedInUsersCanDoAnything, mailer, masterBuild, maven, maven3Mojos, mavenErrors, mavenGlobalConfig, mavenMojos, mavenWarnings, myView, nodeProperties, none, nonresumable, paneStatus, parameters, password, pattern, permanent, pipeline, pipelineTriggers, plainText, plugin, pollSCM, projectNamingStrategy, proxy, queueItemAuthenticator, quietPeriod, resourceRoot, retainOnlyVariables, run, runParam, schedule, scmRetryCount, scriptApproval, scriptApprovalLink, search, security, shell, simpleBuildDiscarder, slave, sourceRegexFilter, sourceWildcardFilter, standard, status, string, stringParam, swapSpace, text, textParam, timezone, tmpSpace, toolLocation, unsecured, upstream, userSeed, viewsTabBar, weather, zip] or globals [currentBuild, env, params]
	at org.jenkinsci.plugins.workflow.cps.DSL.invokeMethod(DSL.java:219)
	at org.jenkinsci.plugins.workflow.cps.CpsScript.invokeMethod(CpsScript.java:124)
	at java.base/jdk.internal.reflect.DirectMethodHandleAccessor.invoke(DirectMethodHandleAccessor.java:103)
	at java.base/java.lang.reflect.Method.invoke(Method.java:580)
	at org.codehaus.groovy.reflection.CachedMethod.invoke(CachedMethod.java:98)
	at groovy.lang.MetaMethod.doMethodInvoke(MetaMethod.java:325)
	at groovy.lang.MetaClassImpl.invokeMethod(MetaClassImpl.java:1225)
	at groovy.lang.MetaClassImpl.invokeMethod(MetaClassImpl.java:1034)
	at org.codehaus.groovy.runtime.callsite.PogoMetaClassSite.call(PogoMetaClassSite.java:41)
	at org.codehaus.groovy.runtime.callsite.CallSiteArray.defaultCall(CallSiteArray.java:47)
	at org.codehaus.groovy.runtime.callsite.AbstractCallSite.call(AbstractCallSite.java:116)
	at org.kohsuke.groovy.sandbox.impl.Checker$1.call(Checker.java:180)
	at org.kohsuke.groovy.sandbox.GroovyInterceptor.onMethodCall(GroovyInterceptor.java:23)
	at org.jenkinsci.plugins.scriptsecurity.sandbox.groovy.SandboxInterceptor.onMethodCall(SandboxInterceptor.java:163)
	at org.kohsuke.groovy.sandbox.impl.Checker$1.call(Checker.java:178)
	at org.kohsuke.groovy.sandbox.impl.Checker.checkedCall(Checker.java:182)
	at org.kohsuke.groovy.sandbox.impl.Checker.checkedCall(Checker.java:152)
	at com.cloudbees.groovy.cps.sandbox.SandboxInvoker.methodCall(SandboxInvoker.java:17)
	at org.jenkinsci.plugins.workflow.cps.LoggingInvoker.methodCall(LoggingInvoker.java:105)
	at WorkflowScript.run(WorkflowScript:1)
	at ___cps.transform___(Native Method)
	at com.cloudbees.groovy.cps.impl.ContinuationGroup.methodCall(ContinuationGroup.java:90)
	at com.cloudbees.groovy.cps.impl.FunctionCallBlock$ContinuationImpl.dispatchOrArg(FunctionCallBlock.java:116)
	at com.cloudbees.groovy.cps.impl.FunctionCallBlock$ContinuationImpl.fixArg(FunctionCallBlock.java:85)
	at java.base/jdk.internal.reflect.DirectMethodHandleAccessor.invoke(DirectMethodHandleAccessor.java:103)
	at java.base/java.lang.reflect.Method.invoke(Method.java:580)
	at com.cloudbees.groovy.cps.impl.ContinuationPtr$ContinuationImpl.receive(ContinuationPtr.java:72)
	at com.cloudbees.groovy.cps.impl.ConstantBlock.eval(ConstantBlock.java:21)
	at com.cloudbees.groovy.cps.Next.step(Next.java:83)
	at com.cloudbees.groovy.cps.Continuable$1.call(Continuable.java:152)
	at com.cloudbees.groovy.cps.Continuable$1.call(Continuable.java:146)
	at org.codehaus.groovy.runtime.GroovyCategorySupport$ThreadCategoryInfo.use(GroovyCategorySupport.java:136)
	at org.codehaus.groovy.runtime.GroovyCategorySupport.use(GroovyCategorySupport.java:275)
	at com.cloudbees.groovy.cps.Continuable.run0(Continuable.java:146)
	at org.jenkinsci.plugins.workflow.cps.SandboxContinuable.access$001(SandboxContinuable.java:18)
	at org.jenkinsci.plugins.workflow.cps.SandboxContinuable.run0(SandboxContinuable.java:51)
	at org.jenkinsci.plugins.workflow.cps.CpsThread.runNextChunk(CpsThread.java:187)
	at org.jenkinsci.plugins.workflow.cps.CpsThreadGroup.run(CpsThreadGroup.java:423)
	at org.jenkinsci.plugins.workflow.cps.CpsThreadGroup$2.call(CpsThreadGroup.java:331)
	at org.jenkinsci.plugins.workflow.cps.CpsThreadGroup$2.call(CpsThreadGroup.java:295)
	at org.jenkinsci.plugins.workflow.cps.CpsVmExecutorService$2.call(CpsVmExecutorService.java:97)
	at java.base/java.util.concurrent.FutureTask.run(FutureTask.java:317)
	at hudson.remoting.SingleLaneExecutorService$1.run(SingleLaneExecutorService.java:139)
	at jenkins.util.ContextResettingExecutorService$1.run(ContextResettingExecutorService.java:28)
	at jenkins.security.ImpersonatingExecutorService$1.run(ImpersonatingExecutorService.java:68)
	at jenkins.util.ErrorLoggingExecutorService.lambda$wrap$0(ErrorLoggingExecutorService.java:51)
	at java.base/java.util.concurrent.Executors$RunnableAdapter.call(Executors.java:572)
	at java.base/java.util.concurrent.FutureTask.run(FutureTask.java:317)
	at java.base/java.util.concurrent.ThreadPoolExecutor.runWorker(ThreadPoolExecutor.java:1144)
	at java.base/java.util.concurrent.ThreadPoolExecutor$Worker.run(ThreadPoolExecutor.java:642)
	at java.base/java.lang.Thread.run(Thread.java:1583)
Finished: FAILURE

------

Expected: is <SUCCESS>
     but: was <FAILURE>
	at org.hamcrest.MatcherAssert.assertThat(MatcherAssert.java:20)
	at org.jvnet.hudson.test.JenkinsRule.assertBuildStatus(JenkinsRule.java:1502)
	at org.jvnet.hudson.test.JenkinsRule.assertBuildStatus(JenkinsRule.java:1508)
	at org.jvnet.hudson.test.JenkinsRule.assertBuildStatusSuccess(JenkinsRule.java:1536)
	at io.jenkins.plugins.sample.HelloWorldBuilderTest.testScriptedPipeline(HelloWorldBuilderTest.java:71)
	at java.base/java.lang.reflect.Method.invoke(Method.java:580)
	at org.jvnet.hudson.test.JenkinsRule$1.evaluate(JenkinsRule.java:655)
	at java.base/java.util.concurrent.FutureTask.run(FutureTask.java:317)
	at java.base/java.lang.Thread.run(Thread.java:1583)
]]></failure>
    <system-out><![CDATA[=== Starting testScriptedPipeline(io.jenkins.plugins.sample.HelloWorldBuilderTest)
$ "/usr/local/Cellar/openjdk/21.0.1/libexec/openjdk.jdk/Contents/Home/bin/java"  -Djava.awt.headless=true -Xmx512m -XX:+PrintCommandLineFlags -jar "/Users/patrickbernard/Documents/Projet-SI/demo_plugin_jenkins/demo-plugin/target/jenkins-for-test/WEB-INF/lib/remoting-3131.vf2b_b_798b_ce99.jar"
-XX:ConcGCThreads=1 -XX:G1ConcRefinementThreads=4 -XX:GCDrainStackTargetSize=64 -XX:InitialHeapSize=134217728 -XX:MarkStackSize=4194304 -XX:MaxHeapSize=536870912 -XX:MinHeapSize=6815736 -XX:+PrintCommandLineFlags -XX:ReservedCodeCacheSize=251658240 -XX:+SegmentedCodeCache -XX:+UseCompressedOops -XX:+UseG1GC 
<===[JENKINS REMOTING CAPACITY]===>&amp#0;&amp#0;&amp#0;channel started
Remoting version: 3131.vf2b_b_798b_ce99
Launcher: SimpleCommandLauncher
Communication Protocol: Standard in/out
This is a Unix agent
]]></system-out>
    <system-err><![CDATA[   0.019 [id=224]	INFO	o.jvnet.hudson.test.JenkinsRule#createWebServer: Running on http://localhost:49424/jenkins/
   0.045 [id=237]	INFO	jenkins.InitReactorRunner$1#onAttained: Started initialization
   0.047 [id=242]	INFO	jenkins.InitReactorRunner$1#onAttained: Listed all plugins
   0.049 [id=240]	INFO	j.b.api.BouncyCastlePlugin#start: /Users/patrickbernard/Documents/Projet-SI/demo_plugin_jenkins/demo-plugin/target/tmp/j h9941232669489161725/plugins/bouncycastle-api/WEB-INF/optional-lib not found; for non RealJenkinsRule this is fine and can be ignored.
   0.209 [id=238]	INFO	jenkins.InitReactorRunner$1#onAttained: Prepared all plugins
   0.211 [id=240]	INFO	jenkins.InitReactorRunner$1#onAttained: Started all plugins
   0.212 [id=240]	INFO	jenkins.InitReactorRunner$1#onAttained: Augmented all extensions
   2.127 [id=237]	INFO	jenkins.InitReactorRunner$1#onAttained: System config loaded
   2.127 [id=241]	INFO	jenkins.InitReactorRunner$1#onAttained: System config adapted
   2.128 [id=237]	INFO	jenkins.InitReactorRunner$1#onAttained: Loaded all jobs
   2.128 [id=241]	INFO	jenkins.InitReactorRunner$1#onAttained: Configuration for all jobs updated
   2.144 [id=240]	INFO	jenkins.InitReactorRunner$1#onAttained: Completed initialization
   2.282 [id=224]	INFO	o.jvnet.hudson.test.JenkinsRule#waitOnline: Launching slave0…
   3.876 [id=75]	INFO	o.j.h.test.SimpleCommandLauncher#launch: agent launched for slave0
   3.877 [id=224]	INFO	o.jvnet.hudson.test.JenkinsRule#waitOnline: …finished launching slave0.
   5.590 [id=224]	INFO	hudson.lifecycle.Lifecycle#onStatusUpdate: Stopping Jenkins
   5.734 [id=224]	INFO	hudson.lifecycle.Lifecycle#onStatusUpdate: Jenkins stopped
   5.902 [id=224]	INFO	o.j.h.t.TemporaryDirectoryAllocator#dispose: deleting /Users/patrickbernard/Documents/Projet-SI/demo_plugin_jenkins/demo-plugin/target/tmp/j h9941232669489161725
]]></system-err>
  </testcase>
</testsuite>